** Drc report for temper_routed_v2.kicad_pcb **
** Created on 2026-01-03T13:48:35-0600 **

** Found 72 DRC violations **
[clearance]: Clearance violation (netclass 'Default' clearance 0.2000 mm; actual 0.1600 mm)
    Rule: netclass 'Default'; error
    @(24.9000 mm, 58.1343 mm): Pad 1 [+3V3] of U_MCU on F.Cu
    @(24.9000 mm, 58.5343 mm): Pad 2 [GND] of U_MCU on F.Cu
[clearance]: Clearance violation (netclass 'Default' clearance 0.2000 mm; actual 0.1600 mm)
    Rule: netclass 'Default'; error
    @(24.9000 mm, 62.5343 mm): Pad 13 [PWM_H] of U_MCU on F.Cu
    @(24.9000 mm, 62.9343 mm): Pad 14 [PWM_L] of U_MCU on F.Cu
[clearance]: Clearance violation (netclass 'Default' clearance 0.2000 mm; actual 0.1600 mm)
    Rule: netclass 'Default'; error
    @(24.9000 mm, 62.9343 mm): Pad 14 [PWM_L] of U_MCU on F.Cu
    @(24.9000 mm, 63.3343 mm): Pad 15 [I_SENSE] of U_MCU on F.Cu
[clearance]: Clearance violation (netclass 'Default' clearance 0.2000 mm; actual 0.1600 mm)
    Rule: netclass 'Default'; error
    @(23.8500 mm, 64.3843 mm): Pad 20 [SPI_CLK] of U_MCU on F.Cu
    @(23.4500 mm, 64.3843 mm): Pad 21 [SPI_MOSI] of U_MCU on F.Cu
[clearance]: Clearance violation (netclass 'Default' clearance 0.2000 mm; actual 0.1600 mm)
    Rule: netclass 'Default'; error
    @(23.4500 mm, 64.3843 mm): Pad 21 [SPI_MOSI] of U_MCU on F.Cu
    @(23.0500 mm, 64.3843 mm): Pad 22 [SPI_MISO] of U_MCU on F.Cu
[clearance]: Clearance violation (netclass 'Default' clearance 0.2000 mm; actual 0.1600 mm)
    Rule: netclass 'Default'; error
    @(23.0500 mm, 64.3843 mm): Pad 22 [SPI_MISO] of U_MCU on F.Cu
    @(22.6500 mm, 64.3843 mm): Pad 23 [SPI_CS_TEMP] of U_MCU on F.Cu
[clearance]: Clearance violation (netclass 'Default' clearance 0.2000 mm; actual 0.1600 mm)
    Rule: netclass 'Default'; error
    @(18.0000 mm, 60.9343 mm): Pad 40 [USB_D+] of U_MCU on F.Cu
    @(18.0000 mm, 60.5343 mm): Pad 41 [USB_D-] of U_MCU on F.Cu
[clearance]: Clearance violation (netclass 'Default' clearance 0.2000 mm; actual 0.1000 mm)
    Rule: netclass 'Default'; error
    @(50.0000 mm, 5.0000 mm): Pad A6 [USB_D+] of J_USB on F.Cu
    @(50.4000 mm, 5.0000 mm): Pad B6 [USB_D-] of J_USB on F.Cu
[solder_mask_bridge]: Front solder mask aperture bridges items with different nets
    Rule: board setup solder mask min width; error
    @(24.9000 mm, 58.1343 mm): Pad 1 [+3V3] of U_MCU on F.Cu
    @(24.9000 mm, 58.5343 mm): Pad 2 [GND] of U_MCU on F.Cu
[solder_mask_bridge]: Front solder mask aperture bridges items with different nets
    Rule: board setup solder mask min width; error
    @(24.9000 mm, 62.5343 mm): Pad 13 [PWM_H] of U_MCU on F.Cu
    @(24.9000 mm, 62.9343 mm): Pad 14 [PWM_L] of U_MCU on F.Cu
[solder_mask_bridge]: Front solder mask aperture bridges items with different nets
    Rule: board setup solder mask min width; error
    @(24.9000 mm, 62.9343 mm): Pad 14 [PWM_L] of U_MCU on F.Cu
    @(24.9000 mm, 63.3343 mm): Pad 15 [I_SENSE] of U_MCU on F.Cu
[solder_mask_bridge]: Front solder mask aperture bridges items with different nets
    Rule: board setup solder mask min width; error
    @(23.8500 mm, 64.3843 mm): Pad 20 [SPI_CLK] of U_MCU on F.Cu
    @(23.4500 mm, 64.3843 mm): Pad 21 [SPI_MOSI] of U_MCU on F.Cu
[solder_mask_bridge]: Front solder mask aperture bridges items with different nets
    Rule: board setup solder mask min width; error
    @(23.4500 mm, 64.3843 mm): Pad 21 [SPI_MOSI] of U_MCU on F.Cu
    @(23.0500 mm, 64.3843 mm): Pad 22 [SPI_MISO] of U_MCU on F.Cu
[solder_mask_bridge]: Front solder mask aperture bridges items with different nets
    Rule: board setup solder mask min width; error
    @(23.0500 mm, 64.3843 mm): Pad 22 [SPI_MISO] of U_MCU on F.Cu
    @(22.6500 mm, 64.3843 mm): Pad 23 [SPI_CS_TEMP] of U_MCU on F.Cu
[solder_mask_bridge]: Front solder mask aperture bridges items with different nets
    Rule: board setup solder mask min width; error
    @(18.0000 mm, 60.9343 mm): Pad 40 [USB_D+] of U_MCU on F.Cu
    @(18.0000 mm, 60.5343 mm): Pad 41 [USB_D-] of U_MCU on F.Cu
[solder_mask_bridge]: Front solder mask aperture bridges items with different nets
    Rule: board setup solder mask min width; error
    @(50.0000 mm, 5.0000 mm): Pad A6 [USB_D+] of J_USB on F.Cu
    @(50.4000 mm, 5.0000 mm): Pad B6 [USB_D-] of J_USB on F.Cu
[track_dangling]: Track has unconnected end
    Local override; warning
    @(67.7000 mm, 554.1000 mm): Track [TEMP_SENSE] on F.Cu, length 7.4000 mm
[track_dangling]: Track has unconnected end
    Local override; warning
    @(10.9000 mm, 431.1000 mm): Track [TEMP_SENSE] on F.Cu, length 6.4000 mm
[track_dangling]: Track has unconnected end
    Local override; warning
    @(156.9000 mm, 217.7000 mm): Track [DC_BUS+] on F.Cu, length 0.0000 mm
[track_dangling]: Track has unconnected end
    Local override; warning
    @(131.7000 mm, 243.5000 mm): Track [DC_BUS+] on F.Cu, length 17.2000 mm
[silk_edge_clearance]: Silkscreen clipped by board edge
    Rule: board setup constraints silk; warning
    @(0.0000 mm, 0.0000 mm): Rectangle on Edge.Cuts
    @(4.9000 mm, 55.8726 mm): PCB text 'AMS1117-3.3' on F.Silkscreen
[silk_edge_clearance]: Silkscreen clipped by board edge
    Rule: board setup constraints silk; warning
    @(0.0000 mm, 0.0000 mm): Rectangle on Edge.Cuts
    @(3.5000 mm, 50.7514 mm): PCB text 'R_BURDEN' on F.Silkscreen
[silk_edge_clearance]: Silkscreen clipped by board edge
    Rule: board setup constraints silk; warning
    @(0.0000 mm, 0.0000 mm): Rectangle on Edge.Cuts
    @(3.2250 mm, 73.4702 mm): PCB text 'C_CT_FILT' on F.Silkscreen
[lib_footprint_issues]: The current configuration does not include the footprint library 'Connector_IEC'.
    Local override; warning
    @(10.0000 mm, 126.2500 mm): Footprint J_AC_IN
[lib_footprint_issues]: The footprint library 'Diode_THT' was not found at '/opt/homebrew/bin/SharedSupport/footprints//Diode_THT.pretty'.
    Local override; warning
    @(63.1139 mm, 108.7500 mm): Footprint D1
[lib_footprint_issues]: The footprint library 'Diode_THT' was not found at '/opt/homebrew/bin/SharedSupport/footprints//Diode_THT.pretty'.
    Local override; warning
    @(71.9163 mm, 131.2500 mm): Footprint D2
[lib_footprint_issues]: The footprint library 'Capacitor_THT' was not found at '/opt/homebrew/bin/SharedSupport/footprints//Capacitor_THT.pretty'.
    Local override; warning
    @(76.5744 mm, 116.2500 mm): Footprint C_BUS1
[lib_footprint_issues]: The footprint library 'Capacitor_THT' was not found at '/opt/homebrew/bin/SharedSupport/footprints//Capacitor_THT.pretty'.
    Local override; warning
    @(83.1166 mm, 108.7500 mm): Footprint C_BUS2
[lib_footprint_issues]: The footprint library 'Package_TO_SOT_THT' was not found at '/opt/homebrew/bin/SharedSupport/footprints//Package_TO_SOT_THT.pretty'.
    Local override; warning
    @(65.7677 mm, 110.8000 mm): Footprint Q1
[lib_footprint_issues]: The footprint library 'Package_TO_SOT_THT' was not found at '/opt/homebrew/bin/SharedSupport/footprints//Package_TO_SOT_THT.pretty'.
    Local override; warning
    @(52.6588 mm, 103.3000 mm): Footprint Q2
[lib_footprint_issues]: The footprint library 'Package_SO' was not found at '/opt/homebrew/bin/SharedSupport/footprints//Package_SO.pretty'.
    Local override; warning
    @(12.4997 mm, 71.4559 mm): Footprint U_GATE
[lib_footprint_issues]: The footprint library 'Capacitor_SMD' was not found at '/opt/homebrew/bin/SharedSupport/footprints//Capacitor_SMD.pretty'.
    Local override; warning
    @(36.6990 mm, 71.2500 mm): Footprint C_BOOT
[lib_footprint_issues]: The footprint library 'Capacitor_SMD' was not found at '/opt/homebrew/bin/SharedSupport/footprints//Capacitor_SMD.pretty'.
    Local override; warning
    @(27.7798 mm, 72.9329 mm): Footprint C_VCC
[lib_footprint_issues]: The footprint library 'Resistor_SMD' was not found at '/opt/homebrew/bin/SharedSupport/footprints//Resistor_SMD.pretty'.
    Local override; warning
    @(42.5763 mm, 71.7294 mm): Footprint R_GATE_H
[lib_footprint_issues]: The footprint library 'Resistor_SMD' was not found at '/opt/homebrew/bin/SharedSupport/footprints//Resistor_SMD.pretty'.
    Local override; warning
    @(29.8020 mm, 62.4522 mm): Footprint R_GATE_L
[lib_footprint_issues]: The footprint library 'Package_TO_SOT_SMD' was not found at '/opt/homebrew/bin/SharedSupport/footprints//Package_TO_SOT_SMD.pretty'.
    Local override; warning
    @(22.4772 mm, 71.7294 mm): Footprint U_BUCK
[lib_footprint_issues]: The footprint library 'Package_TO_SOT_SMD' was not found at '/opt/homebrew/bin/SharedSupport/footprints//Package_TO_SOT_SMD.pretty'.
    Local override; warning
    @(4.9000 mm, 63.6726 mm): Footprint U_LDO_3V3
[lib_footprint_issues]: The footprint library 'Package_TO_SOT_SMD' was not found at '/opt/homebrew/bin/SharedSupport/footprints//Package_TO_SOT_SMD.pretty'.
    Local override; warning
    @(10.8028 mm, 54.8280 mm): Footprint U_LDO_5V
[lib_footprint_issues]: The footprint library 'Package_DFN_QFN' was not found at '/opt/homebrew/bin/SharedSupport/footprints//Package_DFN_QFN.pretty'.
    Local override; warning
    @(21.4500 mm, 60.9343 mm): Footprint U_MCU
[lib_footprint_issues]: The footprint library 'Capacitor_SMD' was not found at '/opt/homebrew/bin/SharedSupport/footprints//Capacitor_SMD.pretty'.
    Local override; warning
    @(53.1981 mm, 71.2500 mm): Footprint C_MCU_1
[lib_footprint_issues]: The footprint library 'Capacitor_SMD' was not found at '/opt/homebrew/bin/SharedSupport/footprints//Capacitor_SMD.pretty'.
    Local override; warning
    @(57.6755 mm, 71.7294 mm): Footprint C_MCU_2
[lib_footprint_issues]: The footprint library 'Capacitor_SMD' was not found at '/opt/homebrew/bin/SharedSupport/footprints//Capacitor_SMD.pretty'.
    Local override; warning
    @(47.0791 mm, 72.9329 mm): Footprint C_MCU_3
[lib_footprint_issues]: The footprint library 'Capacitor_SMD' was not found at '/opt/homebrew/bin/SharedSupport/footprints//Capacitor_SMD.pretty'.
    Local override; warning
    @(44.3692 mm, 65.1956 mm): Footprint C_MCU_4
[lib_footprint_issues]: The footprint library 'Connector_USB' was not found at '/opt/homebrew/bin/SharedSupport/footprints//Connector_USB.pretty'.
    Local override; warning
    @(50.0000 mm, 5.0000 mm): Footprint J_USB
[lib_footprint_issues]: The footprint library 'Connector_PinHeader_2.54mm' was not found at '/opt/homebrew/bin/SharedSupport/footprints//Connector_PinHeader_2.54mm.pretty'.
    Local override; warning
    @(70.0000 mm, 9.6500 mm): Footprint J_DEBUG
[lib_footprint_issues]: The footprint library 'Package_SO' was not found at '/opt/homebrew/bin/SharedSupport/footprints//Package_SO.pretty'.
    Local override; warning
    @(10.0500 mm, 81.4564 mm): Footprint U_CT
[lib_footprint_issues]: The footprint library 'Resistor_SMD' was not found at '/opt/homebrew/bin/SharedSupport/footprints//Resistor_SMD.pretty'.
    Local override; warning
    @(3.5000 mm, 52.7764 mm): Footprint R_BURDEN
[lib_footprint_issues]: The footprint library 'Capacitor_SMD' was not found at '/opt/homebrew/bin/SharedSupport/footprints//Capacitor_SMD.pretty'.
    Local override; warning
    @(3.2250 mm, 75.2452 mm): Footprint C_CT_FILT
[lib_footprint_issues]: The footprint library 'Package_SO' was not found at '/opt/homebrew/bin/SharedSupport/footprints//Package_SO.pretty'.
    Local override; warning
    @(5.2750 mm, 89.2300 mm): Footprint U_OPAMP_CT
[lib_footprint_issues]: The footprint library 'Package_SO' was not found at '/opt/homebrew/bin/SharedSupport/footprints//Package_SO.pretty'.
    Local override; warning
    @(5.6000 mm, 108.7500 mm): Footprint MAX31865
[lib_footprint_issues]: The footprint library 'Connector_Phoenix_MC' was not found at '/opt/homebrew/bin/SharedSupport/footprints//Connector_Phoenix_MC.pretty'.
    Local override; warning
    @(48.0950 mm, 143.0000 mm): Footprint J_COIL
[lib_footprint_issues]: The footprint library 'Connector_PinHeader_2.54mm' was not found at '/opt/homebrew/bin/SharedSupport/footprints//Connector_PinHeader_2.54mm.pretty'.
    Local override; warning
    @(18.7300 mm, 138.5000 mm): Footprint J_NTC
[lib_footprint_issues]: The footprint library 'MountingHole' was not found at '/opt/homebrew/bin/SharedSupport/footprints//MountingHole.pretty'.
    Local override; warning
    @(3.5000 mm, 3.5000 mm): Footprint MH1
[lib_footprint_issues]: The footprint library 'MountingHole' was not found at '/opt/homebrew/bin/SharedSupport/footprints//MountingHole.pretty'.
    Local override; warning
    @(96.5000 mm, 3.5000 mm): Footprint MH2
[lib_footprint_issues]: The footprint library 'MountingHole' was not found at '/opt/homebrew/bin/SharedSupport/footprints//MountingHole.pretty'.
    Local override; warning
    @(3.5000 mm, 146.5000 mm): Footprint MH3
[lib_footprint_issues]: The footprint library 'MountingHole' was not found at '/opt/homebrew/bin/SharedSupport/footprints//MountingHole.pretty'.
    Local override; warning
    @(96.5000 mm, 146.5000 mm): Footprint MH4
[silk_over_copper]: Silkscreen clipped by solder mask
    Local override; warning
    @(65.7677 mm, 107.6750 mm): PCB text 'Q1' on F.Silkscreen
[silk_over_copper]: Silkscreen clipped by solder mask
    Local override; warning
    @(65.7677 mm, 106.3000 mm): PCB text 'IKW40N120H3' on F.Silkscreen
[silk_over_copper]: Silkscreen clipped by solder mask
    Local override; warning
    @(52.6588 mm, 100.1750 mm): PCB text 'Q2' on F.Silkscreen
[silk_over_copper]: Silkscreen clipped by solder mask
    Local override; warning
    @(52.6588 mm, 98.8000 mm): PCB text 'IKW40N120H3' on F.Silkscreen
[silk_over_copper]: Silkscreen clipped by solder mask
    Local override; warning
    @(4.9000 mm, 55.8726 mm): PCB text 'AMS1117-3.3' on F.Silkscreen
[silk_over_copper]: Silkscreen clipped by solder mask
    Local override; warning
    @(21.4500 mm, 54.0143 mm): PCB text 'ESP32-S3-WROOM-1' on F.Silkscreen
[silk_over_copper]: Silkscreen clipped by solder mask
    Local override; warning
    @(47.0791 mm, 71.3829 mm): PCB text 'C_MCU_3' on F.Silkscreen
[silk_over_copper]: Silkscreen clipped by solder mask
    Local override; warning
    @(10.0500 mm, 76.3064 mm): PCB text 'U_CT' on F.Silkscreen
[silk_over_copper]: Silkscreen clipped by solder mask
    Local override; warning
    @(10.0500 mm, 74.3064 mm): PCB text 'MAX31865' on F.Silkscreen
[silk_over_copper]: Silkscreen clipped by solder mask
    Local override; warning
    @(5.2750 mm, 83.8200 mm): PCB text 'LM358' on F.Silkscreen
[silk_overlap]: Silkscreen overlap
    Rule: board setup constraints silk; warning
    @(70.7339 mm, 106.2000 mm): PCB text 'D1' on F.Silkscreen
    @(65.7677 mm, 106.3000 mm): PCB text 'IKW40N120H3' on F.Silkscreen
[silk_overlap]: Silkscreen overlap
    Rule: board setup constraints silk; warning
    @(47.0791 mm, 70.0829 mm): PCB text '100nF' on F.Silkscreen
    @(42.5763 mm, 69.7044 mm): PCB text 'R_GATE_H' on F.Silkscreen
[silk_overlap]: Silkscreen overlap
    Rule: board setup constraints silk; warning
    @(57.6755 mm, 70.1794 mm): PCB text 'C_MCU_2' on F.Silkscreen
    @(53.1981 mm, 69.7000 mm): PCB text 'C_MCU_1' on F.Silkscreen
[silk_overlap]: Silkscreen overlap
    Rule: board setup constraints silk; warning
    @(57.6755 mm, 68.8794 mm): PCB text '100nF' on F.Silkscreen
    @(53.1981 mm, 69.7000 mm): PCB text 'C_MCU_1' on F.Silkscreen
[silk_overlap]: Silkscreen overlap
    Rule: board setup constraints silk; warning
    @(70.0000 mm, 6.2000 mm): PCB text 'Debug' on F.Silkscreen
    @(70.0000 mm, 7.5000 mm): PCB text 'J_DEBUG' on F.Silkscreen
[silk_overlap]: Silkscreen overlap
    Rule: board setup constraints silk; warning
    @(10.0500 mm, 74.3064 mm): PCB text 'MAX31865' on F.Silkscreen
    @(3.2250 mm, 73.4702 mm): PCB text 'C_CT_FILT' on F.Silkscreen

** Found 86 unconnected pads **
[unconnected_items]: Missing connection between items
    Local override; error
    @(2.6000 mm, 63.6726 mm): Pad 1 [GND] of U_LDO_3V3 on F.Cu
    @(8.5028 mm, 54.8280 mm): Pad 1 [GND] of U_LDO_5V on F.Cu
[unconnected_items]: Missing connection between items
    Local override; error
    @(2.7000 mm, 111.6750 mm): Pad 10 [GND] of MAX31865 on F.Cu
    @(2.8000 mm, 91.1350 mm): Pad 4 [GND] of U_OPAMP_CT on F.Cu
[unconnected_items]: Missing connection between items
    Local override; error
    @(4.0500 mm, 75.2452 mm): Pad 2 [GND] of C_CT_FILT on F.Cu
    @(7.1500 mm, 84.3814 mm): Pad 10 [GND] of U_CT on F.Cu
[unconnected_items]: Missing connection between items
    Local override; error
    @(4.0500 mm, 75.2452 mm): Pad 2 [GND] of C_CT_FILT on F.Cu
    @(2.6000 mm, 63.6726 mm): Pad 1 [GND] of U_LDO_3V3 on F.Cu
[unconnected_items]: Missing connection between items
    Local override; error
    @(7.1500 mm, 84.3814 mm): Pad 10 [GND] of U_CT on F.Cu
    @(2.8000 mm, 91.1350 mm): Pad 4 [GND] of U_OPAMP_CT on F.Cu
[unconnected_items]: Missing connection between items
    Local override; error
    @(8.5028 mm, 54.8280 mm): Pad 1 [GND] of U_LDO_5V on F.Cu
    @(4.5000 mm, 52.7764 mm): Pad 2 [GND] of R_BURDEN on F.Cu
[unconnected_items]: Missing connection between items
    Local override; error
    @(8.5028 mm, 54.8280 mm): Pad 1 [GND] of U_LDO_5V on F.Cu
    @(21.4500 mm, 60.9343 mm): Pad 57 [GND] of U_MCU on F.Cu
[unconnected_items]: Missing connection between items
    Local override; error
    @(21.2700 mm, 138.5000 mm): PTH pad 2 [GND] of J_NTC
    @(10.0000 mm, 146.2500 mm): PTH pad 3 [GND] of J_AC_IN
[unconnected_items]: Missing connection between items
    Local override; error
    @(21.2700 mm, 138.5000 mm): PTH pad 2 [GND] of J_NTC
    @(51.9050 mm, 143.0000 mm): PTH pad 2 [GND] of J_COIL
[unconnected_items]: Missing connection between items
    Local override; error
    @(21.2700 mm, 138.5000 mm): PTH pad 2 [GND] of J_NTC
    @(2.7000 mm, 111.6750 mm): Pad 10 [GND] of MAX31865 on F.Cu
[unconnected_items]: Missing connection between items
    Local override; error
    @(21.3772 mm, 72.6794 mm): Pad 1 [GND] of U_BUCK on F.Cu
    @(23.5772 mm, 72.6794 mm): Pad 6 [GND] of U_BUCK on F.Cu
[unconnected_items]: Missing connection between items
    Local override; error
    @(23.5772 mm, 71.7294 mm): Pad 5 [GND] of U_BUCK on F.Cu
    @(21.4500 mm, 60.9343 mm): Pad 57 [GND] of U_MCU on F.Cu
[unconnected_items]: Missing connection between items
    Local override; error
    @(23.5772 mm, 72.6794 mm): Pad 6 [GND] of U_BUCK on F.Cu
    @(23.5772 mm, 71.7294 mm): Pad 5 [GND] of U_BUCK on F.Cu
[unconnected_items]: Missing connection between items
    Local override; error
    @(24.9000 mm, 58.5343 mm): Pad 2 [GND] of U_MCU on F.Cu
    @(21.4500 mm, 60.9343 mm): Pad 57 [GND] of U_MCU on F.Cu
[unconnected_items]: Missing connection between items
    Local override; error
    @(24.9000 mm, 58.5343 mm): Pad 2 [GND] of U_MCU on F.Cu
    @(44.8692 mm, 65.1956 mm): Pad 2 [GND] of C_MCU_4 on F.Cu
[unconnected_items]: Missing connection between items
    Local override; error
    @(24.9000 mm, 58.5343 mm): Pad 2 [GND] of U_MCU on F.Cu
    @(47.6500 mm, 5.0000 mm): Pad A1 [GND] of J_USB on F.Cu
[unconnected_items]: Missing connection between items
    Local override; error
    @(44.8692 mm, 65.1956 mm): Pad 2 [GND] of C_MCU_4 on F.Cu
    @(47.5791 mm, 72.9329 mm): Pad 2 [GND] of C_MCU_3 on F.Cu
[unconnected_items]: Missing connection between items
    Local override; error
    @(47.5791 mm, 72.9329 mm): Pad 2 [GND] of C_MCU_3 on F.Cu
    @(53.6981 mm, 71.2500 mm): Pad 2 [GND] of C_MCU_1 on F.Cu
[unconnected_items]: Missing connection between items
    Local override; error
    @(52.3500 mm, 5.0000 mm): Pad A12 [GND] of J_USB on F.Cu
    @(47.6500 mm, 5.0000 mm): Pad A1 [GND] of J_USB on F.Cu
[unconnected_items]: Missing connection between items
    Local override; error
    @(58.1755 mm, 71.7294 mm): Pad 2 [GND] of C_MCU_2 on F.Cu
    @(53.6981 mm, 71.2500 mm): Pad 2 [GND] of C_MCU_1 on F.Cu
[unconnected_items]: Missing connection between items
    Local override; error
    @(70.0000 mm, 9.6500 mm): PTH pad 1 [GND] of J_DEBUG
    @(52.3500 mm, 5.0000 mm): Pad A12 [GND] of J_USB on F.Cu
[unconnected_items]: Missing connection between items
    Local override; error
    @(16.9997 mm, 70.8209 mm): Pad 13 [PGND] of U_GATE on F.Cu
    @(16.9997 mm, 72.0909 mm): Pad 12 [PGND] of U_GATE on F.Cu
[unconnected_items]: Missing connection between items
    Local override; error
    @(16.9997 mm, 72.0909 mm): Pad 12 [PGND] of U_GATE on F.Cu
    @(52.6588 mm, 97.8500 mm): PTH pad 2 [PGND] of Q2
[unconnected_items]: Missing connection between items
    Local override; error
    @(52.6588 mm, 97.8500 mm): PTH pad 2 [PGND] of Q2
    @(84.0744 mm, 116.2500 mm): PTH pad 2 [PGND] of C_BUS1
[unconnected_items]: Missing connection between items
    Local override; error
    @(84.0744 mm, 116.2500 mm): PTH pad 2 [PGND] of C_BUS1
    @(90.6166 mm, 108.7500 mm): PTH pad 2 [PGND] of C_BUS2
[unconnected_items]: Missing connection between items
    Local override; error
    @(7.9997 mm, 72.0909 mm): Pad 5 [CGND] of U_GATE on F.Cu
    @(7.9997 mm, 73.3609 mm): Pad 6 [CGND] of U_GATE on F.Cu
[unconnected_items]: Missing connection between items
    Local override; error
    @(7.9997 mm, 73.3609 mm): Pad 6 [CGND] of U_GATE on F.Cu
    @(7.9997 mm, 74.6309 mm): Pad 7 [CGND] of U_GATE on F.Cu
[unconnected_items]: Missing connection between items
    Local override; error
    @(7.9997 mm, 73.3609 mm): Pad 6 [CGND] of U_GATE on F.Cu
    @(28.7798 mm, 72.9329 mm): Pad 2 [CGND] of C_VCC on F.Cu
[unconnected_items]: Missing connection between items
    Local override; error
    @(7.9997 mm, 74.6309 mm): Pad 7 [CGND] of U_GATE on F.Cu
    @(7.9997 mm, 75.9009 mm): Pad 8 [CGND] of U_GATE on F.Cu
[unconnected_items]: Missing connection between items
    Local override; error
    @(4.9000 mm, 60.4726 mm): Pad 4 [+3V3] of U_LDO_3V3 on F.Cu
    @(4.9000 mm, 63.6726 mm): Pad 2 [+3V3] of U_LDO_3V3 on F.Cu
[unconnected_items]: Missing connection between items
    Local override; error
    @(4.9000 mm, 60.4726 mm): Pad 4 [+3V3] of U_LDO_3V3 on F.Cu
    @(24.9000 mm, 58.1343 mm): Pad 1 [+3V3] of U_MCU on F.Cu
[unconnected_items]: Missing connection between items
    Local override; error
    @(8.5000 mm, 105.8250 mm): Pad 20 [+3V3] of MAX31865 on F.Cu
    @(12.9500 mm, 78.5314 mm): Pad 20 [+3V3] of U_CT on F.Cu
[unconnected_items]: Missing connection between items
    Local override; error
    @(12.9500 mm, 78.5314 mm): Pad 20 [+3V3] of U_CT on F.Cu
    @(4.9000 mm, 63.6726 mm): Pad 2 [+3V3] of U_LDO_3V3 on F.Cu
[unconnected_items]: Missing connection between items
    Local override; error
    @(43.8692 mm, 65.1956 mm): Pad 1 [+3V3] of C_MCU_4 on F.Cu
    @(46.5791 mm, 72.9329 mm): Pad 1 [+3V3] of C_MCU_3 on F.Cu
[unconnected_items]: Missing connection between items
    Local override; error
    @(43.8692 mm, 65.1956 mm): Pad 1 [+3V3] of C_MCU_4 on F.Cu
    @(24.9000 mm, 58.1343 mm): Pad 1 [+3V3] of U_MCU on F.Cu
[unconnected_items]: Missing connection between items
    Local override; error
    @(43.8692 mm, 65.1956 mm): Pad 1 [+3V3] of C_MCU_4 on F.Cu
    @(70.0000 mm, 12.1900 mm): PTH pad 2 [+3V3] of J_DEBUG
[unconnected_items]: Missing connection between items
    Local override; error
    @(46.5791 mm, 72.9329 mm): Pad 1 [+3V3] of C_MCU_3 on F.Cu
    @(52.6981 mm, 71.2500 mm): Pad 1 [+3V3] of C_MCU_1 on F.Cu
[unconnected_items]: Missing connection between items
    Local override; error
    @(52.6981 mm, 71.2500 mm): Pad 1 [+3V3] of C_MCU_1 on F.Cu
    @(57.1755 mm, 71.7294 mm): Pad 1 [+3V3] of C_MCU_2 on F.Cu
[unconnected_items]: Missing connection between items
    Local override; error
    @(7.2000 mm, 63.6726 mm): Pad 3 [+5V] of U_LDO_3V3 on F.Cu
    @(21.3772 mm, 71.7294 mm): Pad 2 [+5V] of U_BUCK on F.Cu
[unconnected_items]: Missing connection between items
    Local override; error
    @(7.7500 mm, 87.3250 mm): Pad 8 [+5V] of U_OPAMP_CT on F.Cu
    @(7.7500 mm, 88.5950 mm): Pad 7 [+5V] of U_OPAMP_CT on F.Cu
[unconnected_items]: Missing connection between items
    Local override; error
    @(10.8028 mm, 51.6280 mm): Pad 4 [+5V] of U_LDO_5V on F.Cu
    @(10.8028 mm, 54.8280 mm): Pad 2 [+5V] of U_LDO_5V on F.Cu
[unconnected_items]: Missing connection between items
    Local override; error
    @(10.8028 mm, 54.8280 mm): Pad 2 [+5V] of U_LDO_5V on F.Cu
    @(7.2000 mm, 63.6726 mm): Pad 3 [+5V] of U_LDO_3V3 on F.Cu
[unconnected_items]: Missing connection between items
    Local override; error
    @(21.3772 mm, 71.7294 mm): Pad 2 [+5V] of U_BUCK on F.Cu
    @(7.7500 mm, 87.3250 mm): Pad 8 [+5V] of U_OPAMP_CT on F.Cu
[unconnected_items]: Missing connection between items
    Local override; error
    @(23.5772 mm, 70.7794 mm): Pad 4 [+5V] of U_BUCK on F.Cu
    @(21.3772 mm, 71.7294 mm): Pad 2 [+5V] of U_BUCK on F.Cu
[unconnected_items]: Missing connection between items
    Local override; error
    @(7.9997 mm, 67.0109 mm): Pad 1 [+15V] of U_GATE on F.Cu
    @(16.9997 mm, 73.3609 mm): Pad 11 [+15V] of U_GATE on F.Cu
[unconnected_items]: Missing connection between items
    Local override; error
    @(13.1028 mm, 54.8280 mm): Pad 3 [+15V] of U_LDO_5V on F.Cu
    @(7.9997 mm, 67.0109 mm): Pad 1 [+15V] of U_GATE on F.Cu
[unconnected_items]: Missing connection between items
    Local override; error
    @(21.3772 mm, 70.7794 mm): Pad 3 [+15V] of U_BUCK on F.Cu
    @(16.9997 mm, 73.3609 mm): Pad 11 [+15V] of U_GATE on F.Cu
[unconnected_items]: Missing connection between items
    Local override; error
    @(26.7798 mm, 72.9329 mm): Pad 1 [+15V] of C_VCC on F.Cu
    @(21.3772 mm, 70.7794 mm): Pad 3 [+15V] of U_BUCK on F.Cu
[unconnected_items]: Missing connection between items
    Local override; error
    @(16.9997 mm, 69.5509 mm): Pad 14 [VCC_BOOT] of U_GATE on F.Cu
    @(35.6990 mm, 71.2500 mm): Pad 1 [VCC_BOOT] of C_BOOT on F.Cu
[unconnected_items]: Missing connection between items
    Local override; error
    @(78.3539 mm, 108.7500 mm): PTH pad 2 [DC_BUS+] of D1
    @(83.1166 mm, 108.7500 mm): PTH pad 1 [DC_BUS+] of C_BUS2
[unconnected_items]: Missing connection between items
    Local override; error
    @(78.3539 mm, 108.7500 mm): PTH pad 2 [DC_BUS+] of D1
    @(76.5744 mm, 116.2500 mm): PTH pad 1 [DC_BUS+] of C_BUS1
[unconnected_items]: Missing connection between items
    Local override; error
    @(78.3539 mm, 108.7500 mm): PTH pad 2 [DC_BUS+] of D1
    @(65.7677 mm, 99.9000 mm): PTH pad 3 [DC_BUS+] of Q1
[unconnected_items]: Missing connection between items
    Local override; error
    @(156.9000 mm, 217.7000 mm): Track [DC_BUS+] on F.Cu, length 0.0000 mm
    @(76.5744 mm, 116.2500 mm): PTH pad 1 [DC_BUS+] of C_BUS1
[unconnected_items]: Missing connection between items
    Local override; error
    @(16.9997 mm, 67.0109 mm): Pad 16 [SW_NODE] of U_GATE on F.Cu
    @(16.9997 mm, 75.9009 mm): Pad 9 [SW_NODE] of U_GATE on F.Cu
[unconnected_items]: Missing connection between items
    Local override; error
    @(37.6990 mm, 71.2500 mm): Pad 2 [SW_NODE] of C_BOOT on F.Cu
    @(16.9997 mm, 67.0109 mm): Pad 16 [SW_NODE] of U_GATE on F.Cu
[unconnected_items]: Missing connection between items
    Local override; error
    @(48.0950 mm, 143.0000 mm): PTH pad 1 [SW_NODE] of J_COIL
    @(65.7677 mm, 105.3500 mm): PTH pad 2 [SW_NODE] of Q1
[unconnected_items]: Missing connection between items
    Local override; error
    @(52.6588 mm, 92.4000 mm): PTH pad 3 [SW_NODE] of Q2
    @(65.7677 mm, 105.3500 mm): PTH pad 2 [SW_NODE] of Q1
[unconnected_items]: Missing connection between items
    Local override; error
    @(52.6588 mm, 92.4000 mm): PTH pad 3 [SW_NODE] of Q2
    @(37.6990 mm, 71.2500 mm): Pad 2 [SW_NODE] of C_BOOT on F.Cu
[unconnected_items]: Missing connection between items
    Local override; error
    @(16.9997 mm, 68.2809 mm): Pad 15 [GATE_H] of U_GATE on F.Cu
    @(41.5763 mm, 71.7294 mm): Pad 1 [GATE_H] of R_GATE_H on F.Cu
[unconnected_items]: Missing connection between items
    Local override; error
    @(43.5763 mm, 71.7294 mm): Pad 2 [GATE_H] of R_GATE_H on F.Cu
    @(41.5763 mm, 71.7294 mm): Pad 1 [GATE_H] of R_GATE_H on F.Cu
[unconnected_items]: Missing connection between items
    Local override; error
    @(65.7677 mm, 110.8000 mm): PTH pad 1 [GATE_H] of Q1
    @(43.5763 mm, 71.7294 mm): Pad 2 [GATE_H] of R_GATE_H on F.Cu
[unconnected_items]: Missing connection between items
    Local override; error
    @(16.9997 mm, 74.6309 mm): Pad 10 [GATE_L] of U_GATE on F.Cu
    @(52.6588 mm, 103.3000 mm): PTH pad 1 [GATE_L] of Q2
[unconnected_items]: Missing connection between items
    Local override; error
    @(28.8020 mm, 62.4522 mm): Pad 1 [GATE_L] of R_GATE_L on F.Cu
    @(16.9997 mm, 74.6309 mm): Pad 10 [GATE_L] of U_GATE on F.Cu
[unconnected_items]: Missing connection between items
    Local override; error
    @(30.8020 mm, 62.4522 mm): Pad 2 [GATE_L] of R_GATE_L on F.Cu
    @(28.8020 mm, 62.4522 mm): Pad 1 [GATE_L] of R_GATE_L on F.Cu
[unconnected_items]: Missing connection between items
    Local override; error
    @(7.9997 mm, 68.2809 mm): Pad 2 [PWM_H] of U_GATE on F.Cu
    @(24.9000 mm, 62.5343 mm): Pad 13 [PWM_H] of U_MCU on F.Cu
[unconnected_items]: Missing connection between items
    Local override; error
    @(7.9997 mm, 69.5509 mm): Pad 3 [PWM_L] of U_GATE on F.Cu
    @(24.9000 mm, 62.9343 mm): Pad 14 [PWM_L] of U_MCU on F.Cu
[unconnected_items]: Missing connection between items
    Local override; error
    @(2.5000 mm, 52.7764 mm): Pad 1 [I_SENSE] of R_BURDEN on F.Cu
    @(2.4000 mm, 75.2452 mm): Pad 1 [I_SENSE] of C_CT_FILT on F.Cu
[unconnected_items]: Missing connection between items
    Local override; error
    @(2.8000 mm, 87.3250 mm): Pad 1 [I_SENSE] of U_OPAMP_CT on F.Cu
    @(2.8000 mm, 88.5950 mm): Pad 2 [I_SENSE] of U_OPAMP_CT on F.Cu
[unconnected_items]: Missing connection between items
    Local override; error
    @(2.8000 mm, 87.3250 mm): Pad 1 [I_SENSE] of U_OPAMP_CT on F.Cu
    @(2.4000 mm, 75.2452 mm): Pad 1 [I_SENSE] of C_CT_FILT on F.Cu
[unconnected_items]: Missing connection between items
    Local override; error
    @(2.8000 mm, 89.8650 mm): Pad 3 [I_SENSE] of U_OPAMP_CT on F.Cu
    @(2.8000 mm, 88.5950 mm): Pad 2 [I_SENSE] of U_OPAMP_CT on F.Cu
[unconnected_items]: Missing connection between items
    Local override; error
    @(7.7500 mm, 89.8650 mm): Pad 6 [I_SENSE] of U_OPAMP_CT on F.Cu
    @(2.8000 mm, 89.8650 mm): Pad 3 [I_SENSE] of U_OPAMP_CT on F.Cu
[unconnected_items]: Missing connection between items
    Local override; error
    @(7.7500 mm, 91.1350 mm): Pad 5 [I_SENSE] of U_OPAMP_CT on F.Cu
    @(7.7500 mm, 89.8650 mm): Pad 6 [I_SENSE] of U_OPAMP_CT on F.Cu
[unconnected_items]: Missing connection between items
    Local override; error
    @(24.9000 mm, 63.3343 mm): Pad 15 [I_SENSE] of U_MCU on F.Cu
    @(2.5000 mm, 52.7764 mm): Pad 1 [I_SENSE] of R_BURDEN on F.Cu
[unconnected_items]: Missing connection between items
    Local override; error
    @(10.9000 mm, 431.1000 mm): Track [TEMP_SENSE] on F.Cu, length 6.4000 mm
    @(18.7300 mm, 138.5000 mm): PTH pad 1 [TEMP_SENSE] of J_NTC
[unconnected_items]: Missing connection between items
    Local override; error
    @(18.7300 mm, 138.5000 mm): PTH pad 1 [TEMP_SENSE] of J_NTC
    @(2.7000 mm, 107.7750 mm): Pad 4 [TEMP_SENSE] of MAX31865 on F.Cu
[unconnected_items]: Missing connection between items
    Local override; error
    @(10.0000 mm, 126.2500 mm): PTH pad 1 [AC_L] of J_AC_IN
    @(63.1139 mm, 108.7500 mm): PTH pad 1 [AC_L] of D1
[unconnected_items]: Missing connection between items
    Local override; error
    @(10.0000 mm, 136.2500 mm): PTH pad 2 [AC_N] of J_AC_IN
    @(56.6763 mm, 131.2500 mm): PTH pad 2 [AC_N] of D2
[unconnected_items]: Missing connection between items
    Local override; error
    @(7.1500 mm, 78.5314 mm): Pad 1 [SPI_CLK] of U_CT on F.Cu
    @(2.7000 mm, 105.8250 mm): Pad 1 [SPI_CLK] of MAX31865 on F.Cu
[unconnected_items]: Missing connection between items
    Local override; error
    @(23.8500 mm, 64.3843 mm): Pad 20 [SPI_CLK] of U_MCU on F.Cu
    @(7.1500 mm, 78.5314 mm): Pad 1 [SPI_CLK] of U_CT on F.Cu
[unconnected_items]: Missing connection between items
    Local override; error
    @(7.1500 mm, 79.1814 mm): Pad 2 [SPI_MOSI] of U_CT on F.Cu
    @(2.7000 mm, 106.4750 mm): Pad 2 [SPI_MOSI] of MAX31865 on F.Cu
[unconnected_items]: Missing connection between items
    Local override; error
    @(23.4500 mm, 64.3843 mm): Pad 21 [SPI_MOSI] of U_MCU on F.Cu
    @(7.1500 mm, 79.1814 mm): Pad 2 [SPI_MOSI] of U_CT on F.Cu
[unconnected_items]: Missing connection between items
    Local override; error
    @(7.1500 mm, 79.8314 mm): Pad 3 [SPI_MISO] of U_CT on F.Cu
    @(2.7000 mm, 107.1250 mm): Pad 3 [SPI_MISO] of MAX31865 on F.Cu
[unconnected_items]: Missing connection between items
    Local override; error
    @(23.0500 mm, 64.3843 mm): Pad 22 [SPI_MISO] of U_MCU on F.Cu
    @(7.1500 mm, 79.8314 mm): Pad 3 [SPI_MISO] of U_CT on F.Cu
[unconnected_items]: Missing connection between items
    Local override; error
    @(7.1500 mm, 80.4814 mm): Pad 4 [SPI_CS_TEMP] of U_CT on F.Cu
    @(22.6500 mm, 64.3843 mm): Pad 23 [SPI_CS_TEMP] of U_MCU on F.Cu
[unconnected_items]: Missing connection between items
    Local override; error
    @(18.0000 mm, 60.9343 mm): Pad 40 [USB_D+] of U_MCU on F.Cu
    @(50.0000 mm, 5.0000 mm): Pad A6 [USB_D+] of J_USB on F.Cu
[unconnected_items]: Missing connection between items
    Local override; error
    @(18.0000 mm, 60.5343 mm): Pad 41 [USB_D-] of U_MCU on F.Cu
    @(50.4000 mm, 5.0000 mm): Pad B6 [USB_D-] of J_USB on F.Cu

** Found 0 Footprint errors **

** End of Report **
