** Drc report for routed_cspace_v1.kicad_pcb **
** Created on 2025-12-30T13:02:34-0600 **

** Found 122 DRC violations **
[shorting_items]: Items shorting two nets (nets GATE_L and SW_NODE)
    Local override; error
    @(52.5000 mm, 89.5000 mm): Track [GATE_L] on F.Cu, length 2.0000 mm
    @(52.3123 mm, 90.6051 mm): Pad 9 [SW_NODE] of U_GATE on F.Cu
[shorting_items]: Items shorting two nets (nets GND and I_SENSE)
    Local override; error
    @(64.5798 mm, 55.8352 mm): Pad 1 [GND] of U_BUCK on F.Cu
    @(64.5000 mm, 51.5000 mm): Track [I_SENSE] on F.Cu, length 5.0000 mm
[shorting_items]: Items shorting two nets (nets TEMP_SENSE and GND)
    Local override; error
    @(47.5000 mm, 75.5000 mm): Track [TEMP_SENSE] on B.Cu, length 27.0000 mm
    @(22.5400 mm, 75.0000 mm): PTH pad 2 [GND] of J_NTC
[clearance]: Clearance violation (netclass 'Default' clearance 0.2000 mm; actual 0.0961 mm)
    Rule: netclass 'Default'; error
    @(72.5000 mm, 58.5000 mm): Track [I_SENSE] on F.Cu, length 8.0000 mm
    @(71.4789 mm, 64.4901 mm): Pad 8 [+5V] of U_OPAMP_CT on F.Cu
[shorting_items]: Items shorting two nets (nets  and +3V3)
    Local override; error
    @(70.0000 mm, 14.2800 mm): PTH pad 3 [<no net>] of J_DEBUG
    @(70.5000 mm, 12.5000 mm): Track [+3V3] on B.Cu, length 2.0000 mm
[shorting_items]: Items shorting two nets (nets SPI_MISO and SPI_CS_TEMP)
    Local override; error
    @(44.5000 mm, 39.5000 mm): Track [SPI_MISO] on F.Cu, length 2.0000 mm
    @(44.7309 mm, 39.2180 mm): Pad 23 [SPI_CS_TEMP] of U_MCU on F.Cu
[shorting_items]: Items shorting two nets (nets PGND and DC_BUS+)
    Local override; error
    @(90.5000 mm, 129.2500 mm): PTH pad 2 [PGND] of C_BUS1
    @(82.5000 mm, 129.5000 mm): Track [DC_BUS+] on B.Cu, length 12.0000 mm
[shorting_items]: Items shorting two nets (nets SW_NODE and DC_BUS+)
    Local override; error
    @(85.9000 mm, 125.0000 mm): PTH pad 3 [SW_NODE] of Q1
    @(94.5000 mm, 125.5000 mm): Track [DC_BUS+] on B.Cu, length 14.0000 mm
[shorting_items]: Items shorting two nets (nets GATE_H and SW_NODE)
    Local override; error
    @(52.5000 mm, 83.5000 mm): Track [GATE_H] on F.Cu, length 3.0000 mm
    @(52.3123 mm, 81.7151 mm): Pad 16 [SW_NODE] of U_GATE on F.Cu
[shorting_items]: Items shorting two nets (nets  and +3V3)
    Local override; error
    @(70.0000 mm, 14.2800 mm): PTH pad 3 [<no net>] of J_DEBUG
    @(70.5000 mm, 14.5000 mm): Track [+3V3] on B.Cu, length 3.0000 mm
[shorting_items]: Items shorting two nets (nets SPI_MISO and SPI_CLK)
    Local override; error
    @(44.5000 mm, 39.5000 mm): Via [SPI_MISO] on F.Cu - B.Cu
    @(44.5000 mm, 39.5000 mm): Track [SPI_CLK] on B.Cu, length 2.0000 mm
[clearance]: Clearance violation (netclass 'Default' clearance 0.2000 mm; actual 0.1870 mm)
    Rule: netclass 'Default'; error
    @(44.5000 mm, 41.5000 mm): Track [SPI_MISO] on F.Cu, length 4.0000 mm
    @(42.4809 mm, 41.0680 mm): Pad 13 [PWM_H] of U_MCU on F.Cu
[clearance]: Clearance violation (netclass 'Default' clearance 0.2000 mm; actual 0.0399 mm)
    Rule: netclass 'Default'; error
    @(71.4789 mm, 65.7601 mm): Pad 7 [+5V] of U_OPAMP_CT on F.Cu
    @(71.5000 mm, 66.5000 mm): Via [I_SENSE] on F.Cu - B.Cu
[clearance]: Clearance violation (netclass 'Default' clearance 0.2000 mm; actual 0.0491 mm)
    Rule: netclass 'Default'; error
    @(43.9309 mm, 39.2180 mm): Pad 21 [SPI_MOSI] of U_MCU on F.Cu
    @(44.5000 mm, 39.5000 mm): Via [SPI_MISO] on F.Cu - B.Cu
[shorting_items]: Items shorting two nets (nets AC_N and PGND)
    Local override; error
    @(94.5000 mm, 119.5000 mm): Track [AC_N] on F.Cu, length 12.0000 mm
    @(90.5000 mm, 119.2500 mm): PTH pad 2 [PGND] of C_BUS2
[shorting_items]: Items shorting two nets (nets AC_N and DC_BUS+)
    Local override; error
    @(82.2400 mm, 119.0000 mm): PTH pad 2 [AC_N] of D2
    @(83.0000 mm, 119.2500 mm): PTH pad 1 [DC_BUS+] of C_BUS2
[shorting_items]: Items shorting two nets (nets AC_N and DC_BUS+)
    Local override; error
    @(82.2400 mm, 119.0000 mm): PTH pad 2 [AC_N] of D2
    @(83.0000 mm, 119.2500 mm): PTH pad 1 [DC_BUS+] of C_BUS2
[shorting_items]: Items shorting two nets (nets AC_N and DC_BUS+)
    Local override; error
    @(82.2400 mm, 119.0000 mm): PTH pad 2 [AC_N] of D2
    @(83.0000 mm, 119.2500 mm): PTH pad 1 [DC_BUS+] of C_BUS2
[shorting_items]: Items shorting two nets (nets AC_N and DC_BUS+)
    Local override; error
    @(82.2400 mm, 119.0000 mm): PTH pad 2 [AC_N] of D2
    @(83.0000 mm, 119.2500 mm): PTH pad 1 [DC_BUS+] of C_BUS2
[clearance]: Clearance violation (netclass 'Default' clearance 0.2000 mm; actual 0.1600 mm)
    Rule: netclass 'Default'; error
    @(42.4809 mm, 45.4680 mm): Pad 1 [+3V3] of U_MCU on F.Cu
    @(42.4809 mm, 45.0680 mm): Pad 2 [GND] of U_MCU on F.Cu
[clearance]: Clearance violation (netclass 'Default' clearance 0.2000 mm; actual 0.1600 mm)
    Rule: netclass 'Default'; error
    @(42.4809 mm, 41.0680 mm): Pad 13 [PWM_H] of U_MCU on F.Cu
    @(42.4809 mm, 40.6680 mm): Pad 14 [PWM_L] of U_MCU on F.Cu
[clearance]: Clearance violation (netclass 'Default' clearance 0.2000 mm; actual 0.1600 mm)
    Rule: netclass 'Default'; error
    @(42.4809 mm, 40.6680 mm): Pad 14 [PWM_L] of U_MCU on F.Cu
    @(42.4809 mm, 40.2680 mm): Pad 15 [I_SENSE] of U_MCU on F.Cu
[clearance]: Clearance violation (netclass 'Default' clearance 0.2000 mm; actual 0.1600 mm)
    Rule: netclass 'Default'; error
    @(43.5309 mm, 39.2180 mm): Pad 20 [SPI_CLK] of U_MCU on F.Cu
    @(43.9309 mm, 39.2180 mm): Pad 21 [SPI_MOSI] of U_MCU on F.Cu
[hole_clearance]: Hole clearance violation (board setup constraints hole clearance 0.2500 mm; actual 0.2491 mm)
    Rule: board setup constraints hole; error
    @(43.9309 mm, 39.2180 mm): Pad 21 [SPI_MOSI] of U_MCU on F.Cu
    @(44.5000 mm, 39.5000 mm): Via [SPI_MISO] on F.Cu - B.Cu
[clearance]: Clearance violation (netclass 'Default' clearance 0.2000 mm; actual 0.1600 mm)
    Rule: netclass 'Default'; error
    @(43.9309 mm, 39.2180 mm): Pad 21 [SPI_MOSI] of U_MCU on F.Cu
    @(44.3309 mm, 39.2180 mm): Pad 22 [SPI_MISO] of U_MCU on F.Cu
[clearance]: Clearance violation (netclass 'Default' clearance 0.2000 mm; actual 0.1600 mm)
    Rule: netclass 'Default'; error
    @(44.3309 mm, 39.2180 mm): Pad 22 [SPI_MISO] of U_MCU on F.Cu
    @(44.7309 mm, 39.2180 mm): Pad 23 [SPI_CS_TEMP] of U_MCU on F.Cu
[hole_clearance]: Hole clearance violation (board setup constraints hole clearance 0.2500 mm; actual 0.0000 mm)
    Rule: board setup constraints hole; error
    @(44.7309 mm, 39.2180 mm): Pad 23 [SPI_CS_TEMP] of U_MCU on F.Cu
    @(44.5000 mm, 39.5000 mm): Via [SPI_MISO] on F.Cu - B.Cu
[clearance]: Clearance violation (netclass 'Default' clearance 0.2000 mm; actual 0.1600 mm)
    Rule: netclass 'Default'; error
    @(49.3809 mm, 42.6680 mm): Pad 40 [USB_D+] of U_MCU on F.Cu
    @(49.3809 mm, 43.0680 mm): Pad 41 [USB_D-] of U_MCU on F.Cu
[hole_clearance]: Hole clearance violation (board setup constraints hole clearance 0.2500 mm; actual 0.1680 mm)
    Rule: board setup constraints hole; error
    @(45.9309 mm, 42.6680 mm): Pad 57 [GND] of U_MCU on F.Cu
    @(44.5000 mm, 39.5000 mm): Via [SPI_MISO] on F.Cu - B.Cu
[clearance]: Clearance violation (netclass 'Default' clearance 0.2000 mm; actual 0.1000 mm)
    Rule: netclass 'Default'; error
    @(50.0000 mm, 5.0000 mm): Pad A6 [USB_D+] of J_USB on F.Cu
    @(50.4000 mm, 5.0000 mm): Pad B6 [USB_D-] of J_USB on F.Cu
[hole_clearance]: Hole clearance violation (board setup constraints hole clearance 0.2500 mm; actual 0.2399 mm)
    Rule: board setup constraints hole; error
    @(71.4789 mm, 65.7601 mm): Pad 7 [+5V] of U_OPAMP_CT on F.Cu
    @(71.5000 mm, 66.5000 mm): Via [I_SENSE] on F.Cu - B.Cu
[solder_mask_bridge]: Front solder mask aperture bridges items with different nets
    Rule: board setup solder mask min width; error
    @(64.5000 mm, 51.5000 mm): Track [I_SENSE] on F.Cu, length 5.0000 mm
    @(64.5798 mm, 55.8352 mm): Pad 1 [GND] of U_BUCK on F.Cu
[solder_mask_bridge]: Front solder mask aperture bridges items with different nets
    Rule: board setup solder mask min width; error
    @(64.5000 mm, 51.5000 mm): Track [I_SENSE] on F.Cu, length 5.0000 mm
    @(64.5798 mm, 54.8852 mm): Pad 2 [+5V] of U_BUCK on F.Cu
[solder_mask_bridge]: Front solder mask aperture bridges items with different nets
    Rule: board setup solder mask min width; error
    @(64.5000 mm, 51.5000 mm): Track [I_SENSE] on F.Cu, length 5.0000 mm
    @(64.5798 mm, 53.9352 mm): Pad 3 [+15V] of U_BUCK on F.Cu
[solder_mask_bridge]: Front solder mask aperture bridges items with different nets
    Rule: board setup solder mask min width; error
    @(52.5000 mm, 89.5000 mm): Track [GATE_L] on F.Cu, length 2.0000 mm
    @(52.3123 mm, 90.6051 mm): Pad 9 [SW_NODE] of U_GATE on F.Cu
[solder_mask_bridge]: Front solder mask aperture bridges items with different nets
    Rule: board setup solder mask min width; error
    @(94.5000 mm, 119.5000 mm): Track [AC_N] on F.Cu, length 12.0000 mm
    @(83.0000 mm, 119.2500 mm): PTH pad 1 [DC_BUS+] of C_BUS2
[solder_mask_bridge]: Front solder mask aperture bridges items with different nets
    Rule: board setup solder mask min width; error
    @(94.5000 mm, 119.5000 mm): Track [AC_N] on F.Cu, length 12.0000 mm
    @(90.5000 mm, 119.2500 mm): PTH pad 2 [PGND] of C_BUS2
[solder_mask_bridge]: Front solder mask aperture bridges items with different nets
    Rule: board setup solder mask min width; error
    @(52.5000 mm, 83.5000 mm): Track [GATE_H] on F.Cu, length 3.0000 mm
    @(52.3123 mm, 81.7151 mm): Pad 16 [SW_NODE] of U_GATE on F.Cu
[solder_mask_bridge]: Rear solder mask aperture bridges items with different nets
    Rule: board setup solder mask min width; error
    @(47.5000 mm, 75.5000 mm): Track [TEMP_SENSE] on B.Cu, length 27.0000 mm
    @(22.5400 mm, 75.0000 mm): PTH pad 2 [GND] of J_NTC
[solder_mask_bridge]: Front solder mask aperture bridges items with different nets
    Rule: board setup solder mask min width; error
    @(72.5000 mm, 58.5000 mm): Track [I_SENSE] on F.Cu, length 8.0000 mm
    @(71.4789 mm, 65.7601 mm): Pad 7 [+5V] of U_OPAMP_CT on F.Cu
[solder_mask_bridge]: Front solder mask aperture bridges items with different nets
    Rule: board setup solder mask min width; error
    @(72.5000 mm, 58.5000 mm): Track [I_SENSE] on F.Cu, length 8.0000 mm
    @(71.4789 mm, 64.4901 mm): Pad 8 [+5V] of U_OPAMP_CT on F.Cu
[solder_mask_bridge]: Rear solder mask aperture bridges items with different nets
    Rule: board setup solder mask min width; error
    @(82.5000 mm, 129.5000 mm): Track [DC_BUS+] on B.Cu, length 12.0000 mm
    @(90.5000 mm, 129.2500 mm): PTH pad 2 [PGND] of C_BUS1
[solder_mask_bridge]: Rear solder mask aperture bridges items with different nets
    Rule: board setup solder mask min width; error
    @(94.5000 mm, 125.5000 mm): Track [DC_BUS+] on B.Cu, length 14.0000 mm
    @(85.9000 mm, 125.0000 mm): PTH pad 3 [SW_NODE] of Q1
[solder_mask_bridge]: Front solder mask aperture bridges items with different nets
    Rule: board setup solder mask min width; error
    @(44.5000 mm, 39.5000 mm): Track [SPI_MISO] on F.Cu, length 2.0000 mm
    @(45.9309 mm, 42.6680 mm): Pad 57 [GND] of U_MCU on F.Cu
[solder_mask_bridge]: Front solder mask aperture bridges items with different nets
    Rule: board setup solder mask min width; error
    @(44.5000 mm, 39.5000 mm): Track [SPI_MISO] on F.Cu, length 2.0000 mm
    @(44.7309 mm, 39.2180 mm): Pad 23 [SPI_CS_TEMP] of U_MCU on F.Cu
[solder_mask_bridge]: Front solder mask aperture bridges items with different nets
    Rule: board setup solder mask min width; error
    @(44.5000 mm, 41.5000 mm): Track [SPI_MISO] on F.Cu, length 4.0000 mm
    @(45.9309 mm, 42.6680 mm): Pad 57 [GND] of U_MCU on F.Cu
[solder_mask_bridge]: Rear solder mask aperture bridges items with different nets
    Rule: board setup solder mask min width; error
    @(70.5000 mm, 12.5000 mm): Track [+3V3] on B.Cu, length 2.0000 mm
    @(70.0000 mm, 14.2800 mm): PTH pad 3 [<no net>] of J_DEBUG
[solder_mask_bridge]: Rear solder mask aperture bridges items with different nets
    Rule: board setup solder mask min width; error
    @(70.5000 mm, 14.5000 mm): Track [+3V3] on B.Cu, length 3.0000 mm
    @(70.0000 mm, 14.2800 mm): PTH pad 3 [<no net>] of J_DEBUG
[solder_mask_bridge]: Front solder mask aperture bridges items with different nets
    Rule: board setup solder mask min width; error
    @(71.5000 mm, 66.5000 mm): Via [I_SENSE] on F.Cu - B.Cu
    @(71.4789 mm, 65.7601 mm): Pad 7 [+5V] of U_OPAMP_CT on F.Cu
[solder_mask_bridge]: Front solder mask aperture bridges items with different nets
    Rule: board setup solder mask min width; error
    @(44.5000 mm, 39.5000 mm): Via [SPI_MISO] on F.Cu - B.Cu
    @(45.9309 mm, 42.6680 mm): Pad 57 [GND] of U_MCU on F.Cu
[solder_mask_bridge]: Front solder mask aperture bridges items with different nets
    Rule: board setup solder mask min width; error
    @(44.5000 mm, 39.5000 mm): Via [SPI_MISO] on F.Cu - B.Cu
    @(43.9309 mm, 39.2180 mm): Pad 21 [SPI_MOSI] of U_MCU on F.Cu
[solder_mask_bridge]: Front solder mask aperture bridges items with different nets
    Rule: board setup solder mask min width; error
    @(44.5000 mm, 39.5000 mm): Via [SPI_MISO] on F.Cu - B.Cu
    @(44.7309 mm, 39.2180 mm): Pad 23 [SPI_CS_TEMP] of U_MCU on F.Cu
[solder_mask_bridge]: Front solder mask aperture bridges items with different nets
    Rule: board setup solder mask min width; error
    @(82.2400 mm, 119.0000 mm): PTH pad 2 [AC_N] of D2
    @(83.0000 mm, 119.2500 mm): PTH pad 1 [DC_BUS+] of C_BUS2
[solder_mask_bridge]: Rear solder mask aperture bridges items with different nets
    Rule: board setup solder mask min width; error
    @(82.2400 mm, 119.0000 mm): PTH pad 2 [AC_N] of D2
    @(83.0000 mm, 119.2500 mm): PTH pad 1 [DC_BUS+] of C_BUS2
[solder_mask_bridge]: Front solder mask aperture bridges items with different nets
    Rule: board setup solder mask min width; error
    @(42.4809 mm, 45.4680 mm): Pad 1 [+3V3] of U_MCU on F.Cu
    @(42.4809 mm, 45.0680 mm): Pad 2 [GND] of U_MCU on F.Cu
[solder_mask_bridge]: Front solder mask aperture bridges items with different nets
    Rule: board setup solder mask min width; error
    @(42.4809 mm, 41.0680 mm): Pad 13 [PWM_H] of U_MCU on F.Cu
    @(42.4809 mm, 40.6680 mm): Pad 14 [PWM_L] of U_MCU on F.Cu
[solder_mask_bridge]: Front solder mask aperture bridges items with different nets
    Rule: board setup solder mask min width; error
    @(42.4809 mm, 40.6680 mm): Pad 14 [PWM_L] of U_MCU on F.Cu
    @(42.4809 mm, 40.2680 mm): Pad 15 [I_SENSE] of U_MCU on F.Cu
[solder_mask_bridge]: Front solder mask aperture bridges items with different nets
    Rule: board setup solder mask min width; error
    @(43.5309 mm, 39.2180 mm): Pad 20 [SPI_CLK] of U_MCU on F.Cu
    @(43.9309 mm, 39.2180 mm): Pad 21 [SPI_MOSI] of U_MCU on F.Cu
[solder_mask_bridge]: Front solder mask aperture bridges items with different nets
    Rule: board setup solder mask min width; error
    @(43.9309 mm, 39.2180 mm): Pad 21 [SPI_MOSI] of U_MCU on F.Cu
    @(44.3309 mm, 39.2180 mm): Pad 22 [SPI_MISO] of U_MCU on F.Cu
[solder_mask_bridge]: Front solder mask aperture bridges items with different nets
    Rule: board setup solder mask min width; error
    @(44.3309 mm, 39.2180 mm): Pad 22 [SPI_MISO] of U_MCU on F.Cu
    @(44.7309 mm, 39.2180 mm): Pad 23 [SPI_CS_TEMP] of U_MCU on F.Cu
[solder_mask_bridge]: Front solder mask aperture bridges items with different nets
    Rule: board setup solder mask min width; error
    @(49.3809 mm, 42.6680 mm): Pad 40 [USB_D+] of U_MCU on F.Cu
    @(49.3809 mm, 43.0680 mm): Pad 41 [USB_D-] of U_MCU on F.Cu
[solder_mask_bridge]: Front solder mask aperture bridges items with different nets
    Rule: board setup solder mask min width; error
    @(50.0000 mm, 5.0000 mm): Pad A6 [USB_D+] of J_USB on F.Cu
    @(50.4000 mm, 5.0000 mm): Pad B6 [USB_D-] of J_USB on F.Cu
[track_dangling]: Track has unconnected end
    Local override; warning
    @(10.0000 mm, 135.0000 mm): Track [AC_N] on B.Cu, length 80.0000 mm
[track_dangling]: Track has unconnected end
    Local override; warning
    @(42.5000 mm, 40.5000 mm): Track [I_SENSE] on B.Cu, length 1.0000 mm
[track_dangling]: Track has unconnected end
    Local override; warning
    @(71.5000 mm, 68.5000 mm): Track [I_SENSE] on B.Cu, length 1.0000 mm
[track_dangling]: Track has unconnected end
    Local override; warning
    @(43.5000 mm, 87.5000 mm): Track [CGND] on B.Cu, length 5.0000 mm
[track_dangling]: Track has unconnected end
    Local override; warning
    @(62.5000 mm, 92.5000 mm): Track [CGND] on B.Cu, length 2.0000 mm
[track_dangling]: Track has unconnected end
    Local override; warning
    @(55.5000 mm, 96.5000 mm): Track [GATE_L] on F.Cu, length 4.0000 mm
[track_dangling]: Track has unconnected end
    Local override; warning
    @(61.5000 mm, 93.5000 mm): Track [GATE_H] on F.Cu, length 3.0000 mm
[track_dangling]: Track has unconnected end
    Local override; warning
    @(45.5000 mm, 39.5000 mm): Track [SPI_CS_TEMP] on B.Cu, length 2.0000 mm
[track_dangling]: Track has unconnected end
    Local override; warning
    @(61.5000 mm, 75.5000 mm): Track [TEMP_SENSE] on B.Cu, length 4.0000 mm
[track_dangling]: Track has unconnected end
    Local override; warning
    @(43.5000 mm, 83.5000 mm): Track [PWM_H] on B.Cu, length 5.0000 mm
[track_dangling]: Track has unconnected end
    Local override; warning
    @(17.5000 mm, 41.5000 mm): Track [PWM_H] on B.Cu, length 25.0000 mm
[track_dangling]: Track has unconnected end
    Local override; warning
    @(65.5000 mm, 55.5000 mm): Track [I_SENSE] on B.Cu, length 1.0000 mm
[track_dangling]: Track has unconnected end
    Local override; warning
    @(71.5000 mm, 66.5000 mm): Track [I_SENSE] on B.Cu, length 2.0000 mm
[track_dangling]: Track has unconnected end
    Local override; warning
    @(52.5000 mm, 84.5000 mm): Track [VCC_BOOT] on B.Cu, length 5.0000 mm
[track_dangling]: Track has unconnected end
    Local override; warning
    @(55.5000 mm, 94.5000 mm): Track [VCC_BOOT] on B.Cu, length 2.0000 mm
[track_dangling]: Track has unconnected end
    Local override; warning
    @(94.5000 mm, 119.5000 mm): Track [DC_BUS+] on B.Cu, length 0.0000 mm
[track_dangling]: Track has unconnected end
    Local override; warning
    @(49.5000 mm, 43.5000 mm): Track [USB_D+] on B.Cu, length 1.0000 mm
[track_dangling]: Track has unconnected end
    Local override; warning
    @(55.5000 mm, 5.5000 mm): Track [USB_D+] on B.Cu, length 5.0000 mm
[track_dangling]: Track has unconnected end
    Local override; warning
    @(63.5000 mm, 73.5000 mm): Track [SPI_CLK] on B.Cu, length 2.0000 mm
[track_dangling]: Track has unconnected end
    Local override; warning
    @(57.5000 mm, 74.5000 mm): Track [SPI_MISO] on B.Cu, length 4.0000 mm
[track_dangling]: Track has unconnected end
    Local override; warning
    @(67.5000 mm, 48.5000 mm): Track [+3V3] on B.Cu, length 3.0000 mm
[track_dangling]: Track has unconnected end
    Local override; warning
    @(44.5000 mm, 45.5000 mm): Track [+3V3] on B.Cu, length 0.0000 mm
[track_dangling]: Track has unconnected end
    Local override; warning
    @(51.5000 mm, 43.5000 mm): Track [+3V3] on B.Cu, length 0.0000 mm
[via_dangling]: Via is not connected or connected on only one layer
    Local override; warning
    @(57.5000 mm, 66.5000 mm): Via [SPI_CS_TEMP] on F.Cu - B.Cu
[via_dangling]: Via is not connected or connected on only one layer
    Local override; warning
    @(67.5000 mm, 73.5000 mm): Via [+3V3] on F.Cu - B.Cu
[hole_to_hole]: Drilled hole too close to other hole (board setup constraints min 0.2495 mm; actual 0.0000 mm)
    Rule: board setup constraints; warning
    @(82.2400 mm, 129.0000 mm): PTH pad 2 [DC_BUS+] of D1
    @(83.0000 mm, 129.2500 mm): PTH pad 1 [DC_BUS+] of C_BUS1
[hole_to_hole]: Drilled hole too close to other hole (board setup constraints min 0.2495 mm; actual 0.0000 mm)
    Rule: board setup constraints; warning
    @(83.0000 mm, 119.2500 mm): PTH pad 1 [DC_BUS+] of C_BUS2
    @(82.2400 mm, 119.0000 mm): PTH pad 2 [AC_N] of D2
[lib_footprint_issues]: The current configuration does not include the footprint library 'Connector_IEC'.
    Local override; warning
    @(10.0000 mm, 125.0000 mm): Footprint J_AC_IN
[lib_footprint_mismatch]: Footprint 'D_DO-201AD_P15.24mm_Horizontal' does not match copy in library 'Diode_THT'.
    Local override; warning
    @(67.0000 mm, 129.0000 mm): Footprint D1
[lib_footprint_mismatch]: Footprint 'D_DO-201AD_P15.24mm_Horizontal' does not match copy in library 'Diode_THT'.
    Local override; warning
    @(67.0000 mm, 119.0000 mm): Footprint D2
[lib_footprint_mismatch]: Footprint 'CP_Radial_D18.0mm_P7.50mm' does not match copy in library 'Capacitor_THT'.
    Local override; warning
    @(83.0000 mm, 129.2500 mm): Footprint C_BUS1
[lib_footprint_mismatch]: Footprint 'CP_Radial_D18.0mm_P7.50mm' does not match copy in library 'Capacitor_THT'.
    Local override; warning
    @(83.0000 mm, 119.2500 mm): Footprint C_BUS2
[lib_footprint_mismatch]: Footprint 'TO-247-3_Horizontal_TabDown' does not match copy in library 'Package_TO_SOT_THT'.
    Local override; warning
    @(75.0000 mm, 125.0000 mm): Footprint Q1
[lib_footprint_mismatch]: Footprint 'TO-247-3_Horizontal_TabDown' does not match copy in library 'Package_TO_SOT_THT'.
    Local override; warning
    @(75.0000 mm, 115.0000 mm): Footprint Q2
[lib_footprint_mismatch]: Footprint 'SOIC-16W_7.5x10.3mm_P1.27mm' does not match copy in library 'Package_SO'.
    Local override; warning
    @(47.8123 mm, 86.1601 mm): Footprint U_GATE
[lib_footprint_mismatch]: Footprint 'C_0805_2012Metric' does not match copy in library 'Capacitor_SMD'.
    Local override; warning
    @(53.9235 mm, 94.3946 mm): Footprint C_BOOT
[lib_footprint_mismatch]: Footprint 'C_0805_2012Metric' does not match copy in library 'Capacitor_SMD'.
    Local override; warning
    @(58.9111 mm, 92.3179 mm): Footprint C_VCC
[lib_footprint_mismatch]: Footprint 'R_0805_2012Metric' does not match copy in library 'Resistor_SMD'.
    Local override; warning
    @(62.7706 mm, 93.3937 mm): Footprint R_GATE_H
[lib_footprint_mismatch]: Footprint 'R_0805_2012Metric' does not match copy in library 'Resistor_SMD'.
    Local override; warning
    @(57.5571 mm, 96.0887 mm): Footprint R_GATE_L
[lib_footprint_mismatch]: Footprint 'SOT-23-6' does not match copy in library 'Package_TO_SOT_SMD'.
    Local override; warning
    @(65.6798 mm, 54.8852 mm): Footprint U_BUCK
[lib_footprint_mismatch]: Footprint 'SOT-223-3_TabPin2' does not match copy in library 'Package_TO_SOT_SMD'.
    Local override; warning
    @(66.6726 mm, 48.1937 mm): Footprint U_LDO_3V3
[lib_footprint_mismatch]: Footprint 'SOT-223-3_TabPin2' does not match copy in library 'Package_TO_SOT_SMD'.
    Local override; warning
    @(59.0483 mm, 53.4680 mm): Footprint U_LDO_5V
[lib_footprint_mismatch]: Footprint 'QFN-56-1EP_7x7mm_P0.4mm_EP5.6x5.6mm' does not match copy in library 'Package_DFN_QFN'.
    Local override; warning
    @(45.9309 mm, 42.6680 mm): Footprint U_MCU
[lib_footprint_mismatch]: Footprint 'C_0402_1005Metric' does not match copy in library 'Capacitor_SMD'.
    Local override; warning
    @(58.7938 mm, 37.7965 mm): Footprint C_MCU_1
[lib_footprint_mismatch]: Footprint 'C_0402_1005Metric' does not match copy in library 'Capacitor_SMD'.
    Local override; warning
    @(58.3104 mm, 42.5280 mm): Footprint C_MCU_2
[lib_footprint_mismatch]: Footprint 'C_0402_1005Metric' does not match copy in library 'Capacitor_SMD'.
    Local override; warning
    @(58.4784 mm, 40.2081 mm): Footprint C_MCU_3
[lib_footprint_mismatch]: Footprint 'C_0402_1005Metric' does not match copy in library 'Capacitor_SMD'.
    Local override; warning
    @(51.9909 mm, 40.0419 mm): Footprint C_MCU_4
[lib_footprint_mismatch]: Footprint 'USB_C_Receptacle_HRO_TYPE-C-31-M-12' does not match copy in library 'Connector_USB'.
    Local override; warning
    @(50.0000 mm, 5.0000 mm): Footprint J_USB
[lib_footprint_mismatch]: Footprint 'PinHeader_1x06_P2.54mm_Vertical' does not match copy in library 'Connector_PinHeader_2.54mm'.
    Local override; warning
    @(70.0000 mm, 9.2000 mm): Footprint J_DEBUG
[lib_footprint_mismatch]: Footprint 'TSSOP-20_4.4x6.5mm_P0.65mm' does not match copy in library 'Package_SO'.
    Local override; warning
    @(59.4681 mm, 66.7709 mm): Footprint U_CT
[lib_footprint_mismatch]: Footprint 'R_0805_2012Metric' does not match copy in library 'Resistor_SMD'.
    Local override; warning
    @(62.9493 mm, 60.4808 mm): Footprint R_BURDEN
[lib_footprint_mismatch]: Footprint 'C_0603_1608Metric' does not match copy in library 'Capacitor_SMD'.
    Local override; warning
    @(68.4856 mm, 60.4880 mm): Footprint C_CT_FILT
[lib_footprint_mismatch]: Footprint 'SOIC-8_3.9x4.9mm_P1.27mm' does not match copy in library 'Package_SO'.
    Local override; warning
    @(69.0039 mm, 66.3951 mm): Footprint U_OPAMP_CT
[lib_footprint_mismatch]: Footprint 'TSSOP-20_4.4x6.5mm_P0.65mm' does not match copy in library 'Package_SO'.
    Local override; warning
    @(63.7625 mm, 76.1030 mm): Footprint MAX31865
[lib_footprint_mismatch]: Footprint 'PhoenixContact_MCV_1,5_2-G-3.81_1x02_P3.81mm_Vertical' does not match copy in library 'Connector_Phoenix_MC'.
    Local override; warning
    @(50.0000 mm, 75.0000 mm): Footprint J_COIL
[lib_footprint_mismatch]: Footprint 'PinHeader_1x02_P2.54mm_Vertical' does not match copy in library 'Connector_PinHeader_2.54mm'.
    Local override; warning
    @(20.0000 mm, 75.0000 mm): Footprint J_NTC
[lib_footprint_mismatch]: Footprint 'MountingHole_3.2mm_M3' does not match copy in library 'MountingHole'.
    Local override; warning
    @(3.5000 mm, 3.5000 mm): Footprint MH1
[lib_footprint_mismatch]: Footprint 'MountingHole_3.2mm_M3' does not match copy in library 'MountingHole'.
    Local override; warning
    @(96.5000 mm, 3.5000 mm): Footprint MH2
[lib_footprint_mismatch]: Footprint 'MountingHole_3.2mm_M3' does not match copy in library 'MountingHole'.
    Local override; warning
    @(3.5000 mm, 146.5000 mm): Footprint MH3
[lib_footprint_mismatch]: Footprint 'MountingHole_3.2mm_M3' does not match copy in library 'MountingHole'.
    Local override; warning
    @(96.5000 mm, 146.5000 mm): Footprint MH4

** Found 79 unconnected pads **
[unconnected_items]: Missing connection between items
    Local override; error
    @(22.5400 mm, 75.0000 mm): PTH pad 2 [GND] of J_NTC
    @(53.8100 mm, 75.0000 mm): PTH pad 2 [GND] of J_COIL
[unconnected_items]: Missing connection between items
    Local override; error
    @(22.5400 mm, 75.0000 mm): PTH pad 2 [GND] of J_NTC
    @(10.0000 mm, 145.0000 mm): PTH pad 3 [GND] of J_AC_IN
[unconnected_items]: Missing connection between items
    Local override; error
    @(42.4809 mm, 45.0680 mm): Pad 2 [GND] of U_MCU on F.Cu
    @(45.9309 mm, 42.6680 mm): Pad 57 [GND] of U_MCU on F.Cu
[unconnected_items]: Missing connection between items
    Local override; error
    @(52.3500 mm, 5.0000 mm): Pad A12 [GND] of J_USB on F.Cu
    @(47.6500 mm, 5.0000 mm): Pad A1 [GND] of J_USB on F.Cu
[unconnected_items]: Missing connection between items
    Local override; error
    @(52.4909 mm, 40.0419 mm): Pad 2 [GND] of C_MCU_4 on F.Cu
    @(58.9784 mm, 40.2081 mm): Pad 2 [GND] of C_MCU_3 on F.Cu
[unconnected_items]: Missing connection between items
    Local override; error
    @(52.4909 mm, 40.0419 mm): Pad 2 [GND] of C_MCU_4 on F.Cu
    @(45.9309 mm, 42.6680 mm): Pad 57 [GND] of U_MCU on F.Cu
[unconnected_items]: Missing connection between items
    Local override; error
    @(53.8100 mm, 75.0000 mm): PTH pad 2 [GND] of J_COIL
    @(56.5681 mm, 69.6959 mm): Pad 10 [GND] of U_CT on F.Cu
[unconnected_items]: Missing connection between items
    Local override; error
    @(56.5681 mm, 69.6959 mm): Pad 10 [GND] of U_CT on F.Cu
    @(66.5289 mm, 68.3001 mm): Pad 4 [GND] of U_OPAMP_CT on F.Cu
[unconnected_items]: Missing connection between items
    Local override; error
    @(56.7483 mm, 53.4680 mm): Pad 1 [GND] of U_LDO_5V on F.Cu
    @(64.5798 mm, 55.8352 mm): Pad 1 [GND] of U_BUCK on F.Cu
[unconnected_items]: Missing connection between items
    Local override; error
    @(58.9784 mm, 40.2081 mm): Pad 2 [GND] of C_MCU_3 on F.Cu
    @(58.8104 mm, 42.5280 mm): Pad 2 [GND] of C_MCU_2 on F.Cu
[unconnected_items]: Missing connection between items
    Local override; error
    @(59.2938 mm, 37.7965 mm): Pad 2 [GND] of C_MCU_1 on F.Cu
    @(58.9784 mm, 40.2081 mm): Pad 2 [GND] of C_MCU_3 on F.Cu
[unconnected_items]: Missing connection between items
    Local override; error
    @(59.2938 mm, 37.7965 mm): Pad 2 [GND] of C_MCU_1 on F.Cu
    @(70.0000 mm, 9.2000 mm): PTH pad 1 [GND] of J_DEBUG
[unconnected_items]: Missing connection between items
    Local override; error
    @(60.8625 mm, 79.0280 mm): Pad 10 [GND] of MAX31865 on F.Cu
    @(53.8100 mm, 75.0000 mm): PTH pad 2 [GND] of J_COIL
[unconnected_items]: Missing connection between items
    Local override; error
    @(63.9493 mm, 60.4808 mm): Pad 2 [GND] of R_BURDEN on F.Cu
    @(66.5289 mm, 68.3001 mm): Pad 4 [GND] of U_OPAMP_CT on F.Cu
[unconnected_items]: Missing connection between items
    Local override; error
    @(64.3726 mm, 48.1937 mm): Pad 1 [GND] of U_LDO_3V3 on F.Cu
    @(58.8104 mm, 42.5280 mm): Pad 2 [GND] of C_MCU_2 on F.Cu
[unconnected_items]: Missing connection between items
    Local override; error
    @(64.5798 mm, 55.8352 mm): Pad 1 [GND] of U_BUCK on F.Cu
    @(63.9493 mm, 60.4808 mm): Pad 2 [GND] of R_BURDEN on F.Cu
[unconnected_items]: Missing connection between items
    Local override; error
    @(66.7798 mm, 54.8852 mm): Pad 5 [GND] of U_BUCK on F.Cu
    @(66.7798 mm, 55.8352 mm): Pad 6 [GND] of U_BUCK on F.Cu
[unconnected_items]: Missing connection between items
    Local override; error
    @(66.7798 mm, 54.8852 mm): Pad 5 [GND] of U_BUCK on F.Cu
    @(64.3726 mm, 48.1937 mm): Pad 1 [GND] of U_LDO_3V3 on F.Cu
[unconnected_items]: Missing connection between items
    Local override; error
    @(66.7798 mm, 55.8352 mm): Pad 6 [GND] of U_BUCK on F.Cu
    @(64.5798 mm, 55.8352 mm): Pad 1 [GND] of U_BUCK on F.Cu
[unconnected_items]: Missing connection between items
    Local override; error
    @(66.7798 mm, 55.8352 mm): Pad 6 [GND] of U_BUCK on F.Cu
    @(69.3106 mm, 60.4880 mm): Pad 2 [GND] of C_CT_FILT on F.Cu
[unconnected_items]: Missing connection between items
    Local override; error
    @(70.0000 mm, 9.2000 mm): PTH pad 1 [GND] of J_DEBUG
    @(52.3500 mm, 5.0000 mm): Pad A12 [GND] of J_USB on F.Cu
[unconnected_items]: Missing connection between items
    Local override; error
    @(52.3123 mm, 85.5251 mm): Pad 13 [PGND] of U_GATE on F.Cu
    @(52.3123 mm, 86.7951 mm): Pad 12 [PGND] of U_GATE on F.Cu
[unconnected_items]: Missing connection between items
    Local override; error
    @(85.9000 mm, 115.0000 mm): PTH pad 3 [PGND] of Q2
    @(52.3123 mm, 86.7951 mm): Pad 12 [PGND] of U_GATE on F.Cu
[unconnected_items]: Missing connection between items
    Local override; error
    @(90.5000 mm, 119.2500 mm): PTH pad 2 [PGND] of C_BUS2
    @(85.9000 mm, 115.0000 mm): PTH pad 3 [PGND] of Q2
[unconnected_items]: Missing connection between items
    Local override; error
    @(90.5000 mm, 129.2500 mm): PTH pad 2 [PGND] of C_BUS1
    @(90.5000 mm, 119.2500 mm): PTH pad 2 [PGND] of C_BUS2
[unconnected_items]: Missing connection between items
    Local override; error
    @(43.3123 mm, 86.7951 mm): Pad 5 [CGND] of U_GATE on F.Cu
    @(43.5000 mm, 87.5000 mm): Track [CGND] on B.Cu, length 5.0000 mm
[unconnected_items]: Missing connection between items
    Local override; error
    @(43.3123 mm, 88.0651 mm): Pad 6 [CGND] of U_GATE on F.Cu
    @(43.5000 mm, 87.5000 mm): Track [CGND] on B.Cu, length 5.0000 mm
[unconnected_items]: Missing connection between items
    Local override; error
    @(43.3123 mm, 88.0651 mm): Pad 6 [CGND] of U_GATE on F.Cu
    @(43.3123 mm, 89.3351 mm): Pad 7 [CGND] of U_GATE on F.Cu
[unconnected_items]: Missing connection between items
    Local override; error
    @(43.3123 mm, 89.3351 mm): Pad 7 [CGND] of U_GATE on F.Cu
    @(43.3123 mm, 90.6051 mm): Pad 8 [CGND] of U_GATE on F.Cu
[unconnected_items]: Missing connection between items
    Local override; error
    @(62.5000 mm, 92.5000 mm): Track [CGND] on B.Cu, length 2.0000 mm
    @(59.9111 mm, 92.3179 mm): Pad 2 [CGND] of C_VCC on F.Cu
[unconnected_items]: Missing connection between items
    Local override; error
    @(42.4809 mm, 45.4680 mm): Pad 1 [+3V3] of U_MCU on F.Cu
    @(44.5000 mm, 47.5000 mm): Track [+3V3] on B.Cu, length 2.0000 mm
[unconnected_items]: Missing connection between items
    Local override; error
    @(56.5000 mm, 43.5000 mm): Track [+3V3] on B.Cu, length 5.0000 mm
    @(51.4909 mm, 40.0419 mm): Pad 1 [+3V3] of C_MCU_4 on F.Cu
[unconnected_items]: Missing connection between items
    Local override; error
    @(52.5000 mm, 43.5000 mm): Track [+3V3] on B.Cu, length 4.0000 mm
    @(57.8104 mm, 42.5280 mm): Pad 1 [+3V3] of C_MCU_2 on F.Cu
[unconnected_items]: Missing connection between items
    Local override; error
    @(57.9784 mm, 40.2081 mm): Pad 1 [+3V3] of C_MCU_3 on F.Cu
    @(58.5000 mm, 40.5000 mm): Track [+3V3] on B.Cu, length 2.0000 mm
[unconnected_items]: Missing connection between items
    Local override; error
    @(58.2938 mm, 37.7965 mm): Pad 1 [+3V3] of C_MCU_1 on F.Cu
    @(56.5000 mm, 38.5000 mm): Track [+3V3] on B.Cu, length 2.0000 mm
[unconnected_items]: Missing connection between items
    Local override; error
    @(62.3681 mm, 63.8459 mm): Pad 20 [+3V3] of U_CT on F.Cu
    @(62.5000 mm, 64.5000 mm): Track [+3V3] on B.Cu, length 2.0000 mm
[unconnected_items]: Missing connection between items
    Local override; error
    @(66.6726 mm, 48.1937 mm): Pad 2 [+3V3] of U_LDO_3V3 on F.Cu
    @(67.5000 mm, 48.5000 mm): Track [+3V3] on B.Cu, length 3.0000 mm
[unconnected_items]: Missing connection between items
    Local override; error
    @(67.5000 mm, 45.5000 mm): Track [+3V3] on B.Cu, length 2.0000 mm
    @(66.6726 mm, 44.9937 mm): Pad 4 [+3V3] of U_LDO_3V3 on F.Cu
[unconnected_items]: Missing connection between items
    Local override; error
    @(59.0483 mm, 50.2680 mm): Pad 4 [+5V] of U_LDO_5V on F.Cu
    @(59.0483 mm, 53.4680 mm): Pad 2 [+5V] of U_LDO_5V on F.Cu
[unconnected_items]: Missing connection between items
    Local override; error
    @(64.5798 mm, 54.8852 mm): Pad 2 [+5V] of U_BUCK on F.Cu
    @(59.0483 mm, 53.4680 mm): Pad 2 [+5V] of U_LDO_5V on F.Cu
[unconnected_items]: Missing connection between items
    Local override; error
    @(66.7798 mm, 53.9352 mm): Pad 4 [+5V] of U_BUCK on F.Cu
    @(64.5798 mm, 54.8852 mm): Pad 2 [+5V] of U_BUCK on F.Cu
[unconnected_items]: Missing connection between items
    Local override; error
    @(66.7798 mm, 53.9352 mm): Pad 4 [+5V] of U_BUCK on F.Cu
    @(68.9726 mm, 48.1937 mm): Pad 3 [+5V] of U_LDO_3V3 on F.Cu
[unconnected_items]: Missing connection between items
    Local override; error
    @(66.7798 mm, 53.9352 mm): Pad 4 [+5V] of U_BUCK on F.Cu
    @(71.4789 mm, 64.4901 mm): Pad 8 [+5V] of U_OPAMP_CT on F.Cu
[unconnected_items]: Missing connection between items
    Local override; error
    @(71.4789 mm, 65.7601 mm): Pad 7 [+5V] of U_OPAMP_CT on F.Cu
    @(71.4789 mm, 64.4901 mm): Pad 8 [+5V] of U_OPAMP_CT on F.Cu
[unconnected_items]: Missing connection between items
    Local override; error
    @(43.3123 mm, 81.7151 mm): Pad 1 [+15V] of U_GATE on F.Cu
    @(52.3123 mm, 88.0651 mm): Pad 11 [+15V] of U_GATE on F.Cu
[unconnected_items]: Missing connection between items
    Local override; error
    @(57.9111 mm, 92.3179 mm): Pad 1 [+15V] of C_VCC on F.Cu
    @(52.3123 mm, 88.0651 mm): Pad 11 [+15V] of U_GATE on F.Cu
[unconnected_items]: Missing connection between items
    Local override; error
    @(61.3483 mm, 53.4680 mm): Pad 3 [+15V] of U_LDO_5V on F.Cu
    @(43.3123 mm, 81.7151 mm): Pad 1 [+15V] of U_GATE on F.Cu
[unconnected_items]: Missing connection between items
    Local override; error
    @(64.5798 mm, 53.9352 mm): Pad 3 [+15V] of U_BUCK on F.Cu
    @(61.3483 mm, 53.4680 mm): Pad 3 [+15V] of U_LDO_5V on F.Cu
[unconnected_items]: Missing connection between items
    Local override; error
    @(52.5000 mm, 84.5000 mm): Track [VCC_BOOT] on B.Cu, length 5.0000 mm
    @(52.3123 mm, 84.2551 mm): Pad 14 [VCC_BOOT] of U_GATE on F.Cu
[unconnected_items]: Missing connection between items
    Local override; error
    @(52.9235 mm, 94.3946 mm): Pad 1 [VCC_BOOT] of C_BOOT on F.Cu
    @(55.5000 mm, 94.5000 mm): Track [VCC_BOOT] on B.Cu, length 2.0000 mm
[unconnected_items]: Missing connection between items
    Local override; error
    @(83.0000 mm, 119.2500 mm): PTH pad 1 [DC_BUS+] of C_BUS2
    @(80.4500 mm, 125.0000 mm): PTH pad 2 [DC_BUS+] of Q1
[unconnected_items]: Missing connection between items
    Local override; error
    @(52.3123 mm, 81.7151 mm): Pad 16 [SW_NODE] of U_GATE on F.Cu
    @(50.0000 mm, 75.0000 mm): PTH pad 1 [SW_NODE] of J_COIL
[unconnected_items]: Missing connection between items
    Local override; error
    @(52.3123 mm, 81.7151 mm): Pad 16 [SW_NODE] of U_GATE on F.Cu
    @(52.3123 mm, 90.6051 mm): Pad 9 [SW_NODE] of U_GATE on F.Cu
[unconnected_items]: Missing connection between items
    Local override; error
    @(52.3123 mm, 90.6051 mm): Pad 9 [SW_NODE] of U_GATE on F.Cu
    @(54.9235 mm, 94.3946 mm): Pad 2 [SW_NODE] of C_BOOT on F.Cu
[unconnected_items]: Missing connection between items
    Local override; error
    @(80.4500 mm, 115.0000 mm): PTH pad 2 [SW_NODE] of Q2
    @(54.9235 mm, 94.3946 mm): Pad 2 [SW_NODE] of C_BOOT on F.Cu
[unconnected_items]: Missing connection between items
    Local override; error
    @(85.9000 mm, 125.0000 mm): PTH pad 3 [SW_NODE] of Q1
    @(80.4500 mm, 115.0000 mm): PTH pad 2 [SW_NODE] of Q2
[unconnected_items]: Missing connection between items
    Local override; error
    @(17.5000 mm, 41.5000 mm): Track [PWM_H] on B.Cu, length 25.0000 mm
    @(42.4809 mm, 41.0680 mm): Pad 13 [PWM_H] of U_MCU on F.Cu
[unconnected_items]: Missing connection between items
    Local override; error
    @(43.3123 mm, 82.9851 mm): Pad 2 [PWM_H] of U_GATE on F.Cu
    @(43.5000 mm, 83.5000 mm): Track [PWM_H] on B.Cu, length 5.0000 mm
[unconnected_items]: Missing connection between items
    Local override; error
    @(42.4809 mm, 40.6680 mm): Pad 14 [PWM_L] of U_MCU on F.Cu
    @(43.3123 mm, 84.2551 mm): Pad 3 [PWM_L] of U_GATE on F.Cu
[unconnected_items]: Missing connection between items
    Local override; error
    @(42.4809 mm, 40.2680 mm): Pad 15 [I_SENSE] of U_MCU on F.Cu
    @(42.5000 mm, 40.5000 mm): Track [I_SENSE] on B.Cu, length 1.0000 mm
[unconnected_items]: Missing connection between items
    Local override; error
    @(66.5289 mm, 64.4901 mm): Pad 1 [I_SENSE] of U_OPAMP_CT on F.Cu
    @(68.5000 mm, 64.5000 mm): Track [I_SENSE] on B.Cu, length 1.0000 mm
[unconnected_items]: Missing connection between items
    Local override; error
    @(66.5289 mm, 64.4901 mm): Pad 1 [I_SENSE] of U_OPAMP_CT on F.Cu
    @(66.5289 mm, 65.7601 mm): Pad 2 [I_SENSE] of U_OPAMP_CT on F.Cu
[unconnected_items]: Missing connection between items
    Local override; error
    @(66.5289 mm, 65.7601 mm): Pad 2 [I_SENSE] of U_OPAMP_CT on F.Cu
    @(66.5289 mm, 67.0301 mm): Pad 3 [I_SENSE] of U_OPAMP_CT on F.Cu
[unconnected_items]: Missing connection between items
    Local override; error
    @(62.5000 mm, 60.5000 mm): Track [I_SENSE] on B.Cu, length 6.0000 mm
    @(67.6606 mm, 60.4880 mm): Pad 1 [I_SENSE] of C_CT_FILT on F.Cu
[unconnected_items]: Missing connection between items
    Local override; error
    @(71.5000 mm, 68.5000 mm): Track [I_SENSE] on B.Cu, length 1.0000 mm
    @(71.4789 mm, 67.0301 mm): Pad 6 [I_SENSE] of U_OPAMP_CT on F.Cu
[unconnected_items]: Missing connection between items
    Local override; error
    @(67.5000 mm, 68.5000 mm): Track [I_SENSE] on B.Cu, length 4.0000 mm
    @(71.4789 mm, 68.3001 mm): Pad 5 [I_SENSE] of U_OPAMP_CT on F.Cu
[unconnected_items]: Missing connection between items
    Local override; error
    @(61.5000 mm, 75.5000 mm): Track [TEMP_SENSE] on B.Cu, length 4.0000 mm
    @(60.8625 mm, 75.1280 mm): Pad 4 [TEMP_SENSE] of MAX31865 on F.Cu
[unconnected_items]: Missing connection between items
    Local override; error
    @(44.5000 mm, 39.5000 mm): Track [SPI_CLK] on B.Cu, length 2.0000 mm
    @(43.5309 mm, 39.2180 mm): Pad 20 [SPI_CLK] of U_MCU on F.Cu
[unconnected_items]: Missing connection between items
    Local override; error
    @(40.5000 mm, 64.5000 mm): Track [SPI_CLK] on B.Cu, length 19.0000 mm
    @(56.5681 mm, 63.8459 mm): Pad 1 [SPI_CLK] of U_CT on F.Cu
[unconnected_items]: Missing connection between items
    Local override; error
    @(60.8625 mm, 73.1780 mm): Pad 1 [SPI_CLK] of MAX31865 on F.Cu
    @(63.5000 mm, 73.5000 mm): Track [SPI_CLK] on B.Cu, length 2.0000 mm
[unconnected_items]: Missing connection between items
    Local override; error
    @(56.5681 mm, 64.4959 mm): Pad 2 [SPI_MOSI] of U_CT on F.Cu
    @(43.9309 mm, 39.2180 mm): Pad 21 [SPI_MOSI] of U_MCU on F.Cu
[unconnected_items]: Missing connection between items
    Local override; error
    @(60.8625 mm, 73.8280 mm): Pad 2 [SPI_MOSI] of MAX31865 on F.Cu
    @(56.5681 mm, 64.4959 mm): Pad 2 [SPI_MOSI] of U_CT on F.Cu
[unconnected_items]: Missing connection between items
    Local override; error
    @(53.5000 mm, 65.5000 mm): Track [SPI_MISO] on B.Cu, length 3.0000 mm
    @(56.5681 mm, 65.1459 mm): Pad 3 [SPI_MISO] of U_CT on F.Cu
[unconnected_items]: Missing connection between items
    Local override; error
    @(57.5000 mm, 74.5000 mm): Track [SPI_MISO] on B.Cu, length 4.0000 mm
    @(60.8625 mm, 74.4780 mm): Pad 3 [SPI_MISO] of MAX31865 on F.Cu
[unconnected_items]: Missing connection between items
    Local override; error
    @(44.7309 mm, 39.2180 mm): Pad 23 [SPI_CS_TEMP] of U_MCU on F.Cu
    @(45.5000 mm, 39.5000 mm): Track [SPI_CS_TEMP] on B.Cu, length 2.0000 mm
[unconnected_items]: Missing connection between items
    Local override; error
    @(56.5681 mm, 65.7959 mm): Pad 4 [SPI_CS_TEMP] of U_CT on F.Cu
    @(54.5000 mm, 66.5000 mm): Track [SPI_CS_TEMP] on F.Cu, length 3.0000 mm
[unconnected_items]: Missing connection between items
    Local override; error
    @(49.5000 mm, 43.5000 mm): Track [USB_D+] on B.Cu, length 1.0000 mm
    @(49.3809 mm, 42.6680 mm): Pad 40 [USB_D+] of U_MCU on F.Cu
[unconnected_items]: Missing connection between items
    Local override; error
    @(50.0000 mm, 5.0000 mm): Pad A6 [USB_D+] of J_USB on F.Cu
    @(55.5000 mm, 5.5000 mm): Track [USB_D+] on B.Cu, length 5.0000 mm
[unconnected_items]: Missing connection between items
    Local override; error
    @(49.3809 mm, 43.0680 mm): Pad 41 [USB_D-] of U_MCU on F.Cu
    @(50.4000 mm, 5.0000 mm): Pad B6 [USB_D-] of J_USB on F.Cu

** Found 0 Footprint errors **

** End of Report **
