** Drc report for temper_routed_v2.kicad_pcb **
** Created on 2026-01-03T10:00:34-0600 **

** Found 329 DRC violations **
[shorting_items]: Items shorting two nets (nets USB_D+ and GATE_L)
    Local override; error
    @(50.9000 mm, 85.3000 mm): Track [USB_D+] on F.Cu, length 0.4000 mm
    @(51.1000 mm, 87.5000 mm): Track [GATE_L] on F.Cu, length 12.2000 mm
[clearance]: Clearance violation (netclass 'Default' clearance 0.2000 mm; actual 0.0578 mm)
    Rule: netclass 'Default'; error
    @(31.1000 mm, 116.5000 mm): Track [SW_NODE] on F.Cu, length 1.0000 mm
    @(31.3000 mm, 115.3000 mm): Track [USB_D+] on F.Cu, length 0.2000 mm
[tracks_crossing]: Tracks crossing
    Rule: netclass 'Default'; error
    @(50.9000 mm, 84.9000 mm): Track [USB_D+] on F.Cu, length 0.2000 mm
    @(51.1000 mm, 87.5000 mm): Track [GATE_L] on F.Cu, length 12.2000 mm
[clearance]: Clearance violation (netclass 'Default' clearance 0.2000 mm; actual 0.1500 mm)
    Rule: netclass 'Default'; error
    @(59.5000 mm, 113.9000 mm): Track [GATE_H] on F.Cu, length 1.6000 mm
    @(58.1000 mm, 105.7000 mm): Track [SW_NODE] on F.Cu, length 7.8000 mm
[clearance]: Clearance violation (netclass 'Default' clearance 0.2000 mm; actual 0.1972 mm)
    Rule: netclass 'Default'; error
    @(58.1000 mm, 105.7000 mm): Track [SW_NODE] on F.Cu, length 7.8000 mm
    @(57.9000 mm, 113.9000 mm): Track [GATE_H] on F.Cu, length 6.6000 mm
[tracks_crossing]: Tracks crossing
    Rule: netclass 'Default'; error
    @(52.6588 mm, 114.2000 mm): Track [SW_NODE] on F.Cu, length 29.1594 mm
    @(57.9000 mm, 120.5000 mm): Track [GATE_H] on F.Cu, length 15.0000 mm
[shorting_items]: Items shorting two nets (nets USB_D+ and GATE_L)
    Local override; error
    @(51.1000 mm, 84.9000 mm): Track [USB_D+] on F.Cu, length 0.2000 mm
    @(51.1000 mm, 87.5000 mm): Track [GATE_L] on F.Cu, length 12.2000 mm
[clearance]: Clearance violation (netclass 'Default' clearance 0.2000 mm; actual 0.1500 mm)
    Rule: netclass 'Default'; error
    @(14.3000 mm, 84.7000 mm): Track [SW_NODE] on F.Cu, length 1.6000 mm
    @(39.5000 mm, 82.7000 mm): Track [GATE_L] on F.Cu, length 25.4000 mm
[clearance]: Clearance violation (netclass 'Default' clearance 0.2000 mm; actual 0.1500 mm)
    Rule: netclass 'Default'; error
    @(14.3000 mm, 83.1000 mm): Track [SW_NODE] on F.Cu, length 0.6000 mm
    @(39.5000 mm, 82.7000 mm): Track [GATE_L] on F.Cu, length 25.4000 mm
[clearance]: Clearance violation (netclass 'Default' clearance 0.2000 mm; actual 0.1500 mm)
    Rule: netclass 'Default'; error
    @(13.7000 mm, 83.1000 mm): Track [SW_NODE] on F.Cu, length 1.2000 mm
    @(39.5000 mm, 82.7000 mm): Track [GATE_L] on F.Cu, length 25.4000 mm
[clearance]: Clearance violation (netclass 'Default' clearance 0.2000 mm; actual 0.1500 mm)
    Rule: netclass 'Default'; error
    @(13.7000 mm, 81.9000 mm): Track [SW_NODE] on F.Cu, length 3.4000 mm
    @(14.1000 mm, 82.7000 mm): Track [GATE_L] on F.Cu, length 0.4000 mm
[clearance]: Clearance violation (netclass 'Default' clearance 0.2000 mm; actual 0.1500 mm)
    Rule: netclass 'Default'; error
    @(17.1000 mm, 81.9000 mm): Track [SW_NODE] on F.Cu, length 5.0000 mm
    @(14.1000 mm, 82.3000 mm): Track [GATE_L] on F.Cu, length 6.6000 mm
[tracks_crossing]: Tracks crossing
    Rule: netclass 'Default'; error
    @(51.1000 mm, 84.7000 mm): Track [USB_D+] on F.Cu, length 0.2000 mm
    @(51.1000 mm, 87.5000 mm): Track [GATE_L] on F.Cu, length 12.2000 mm
[clearance]: Clearance violation (netclass 'Default' clearance 0.2000 mm; actual 0.1750 mm)
    Rule: netclass 'Default'; error
    @(42.9000 mm, 120.5000 mm): Track [GATE_H] on F.Cu, length 48.6000 mm
    @(42.3000 mm, 98.3000 mm): Track [USB_D+] on F.Cu, length 0.2000 mm
[shorting_items]: Items shorting two nets (nets USB_D+ and GATE_L)
    Local override; error
    @(51.3000 mm, 84.7000 mm): Track [USB_D+] on F.Cu, length 0.4000 mm
    @(51.1000 mm, 87.5000 mm): Track [GATE_L] on F.Cu, length 12.2000 mm
[clearance]: Clearance violation (netclass 'Default' clearance 0.2000 mm; actual 0.1831 mm)
    Rule: netclass 'Default'; error
    @(52.6588 mm, 114.2000 mm): Track [SW_NODE] on F.Cu, length 29.1594 mm
    @(50.1000 mm, 127.7000 mm): Track [I_SENSE] on F.Cu, length 0.2000 mm
[tracks_crossing]: Tracks crossing
    Rule: netclass 'Default'; error
    @(38.7000 mm, 146.7000 mm): Track [+15V] on F.Cu, length 4.0000 mm
    @(48.0950 mm, 143.0000 mm): Track [SW_NODE] on F.Cu, length 11.3954 mm
[tracks_crossing]: Tracks crossing
    Rule: netclass 'Default'; error
    @(8.1000 mm, 74.1000 mm): Track [CGND] on F.Cu, length 4.8000 mm
    @(12.5000 mm, 74.9000 mm): Track [SW_NODE] on F.Cu, length 5.0000 mm
[shorting_items]: Items shorting two nets (nets SW_NODE and I_SENSE)
    Local override; error
    @(52.6588 mm, 114.2000 mm): Track [SW_NODE] on F.Cu, length 29.1594 mm
    @(50.1000 mm, 127.9000 mm): Track [I_SENSE] on F.Cu, length 0.2000 mm
[clearance]: Clearance violation (netclass 'Default' clearance 0.2000 mm; actual 0.0057 mm)
    Rule: netclass 'Default'; error
    @(48.0950 mm, 143.0000 mm): Track [SW_NODE] on F.Cu, length 11.3954 mm
    @(38.7000 mm, 142.7000 mm): Track [+15V] on F.Cu, length 0.2000 mm
[shorting_items]: Items shorting two nets (nets USB_D+ and GATE_L)
    Local override; error
    @(51.3000 mm, 84.3000 mm): Track [USB_D+] on F.Cu, length 0.2000 mm
    @(51.1000 mm, 87.5000 mm): Track [GATE_L] on F.Cu, length 12.2000 mm
[clearance]: Clearance violation (netclass 'Default' clearance 0.2000 mm; actual 0.0057 mm)
    Rule: netclass 'Default'; error
    @(38.9000 mm, 142.7000 mm): Track [+15V] on F.Cu, length 1.0000 mm
    @(48.0950 mm, 143.0000 mm): Track [SW_NODE] on F.Cu, length 11.3954 mm
[clearance]: Clearance violation (netclass 'Default' clearance 0.2000 mm; actual 0.1750 mm)
    Rule: netclass 'Default'; error
    @(51.5000 mm, 84.3000 mm): Track [USB_D+] on F.Cu, length 0.2000 mm
    @(51.1000 mm, 87.5000 mm): Track [GATE_L] on F.Cu, length 12.2000 mm
[shorting_items]: Items shorting two nets (nets I_SENSE and SW_NODE)
    Local override; error
    @(50.3000 mm, 127.9000 mm): Track [I_SENSE] on F.Cu, length 0.2000 mm
    @(52.6588 mm, 114.2000 mm): Track [SW_NODE] on F.Cu, length 29.1594 mm
[tracks_crossing]: Tracks crossing
    Rule: netclass 'Default'; error
    @(52.6588 mm, 114.2000 mm): Track [SW_NODE] on F.Cu, length 29.1594 mm
    @(50.3000 mm, 128.1000 mm): Track [I_SENSE] on F.Cu, length 0.2000 mm
[tracks_crossing]: Tracks crossing
    Rule: netclass 'Default'; error
    @(46.3000 mm, 121.7000 mm): Track [SW_NODE] on F.Cu, length 21.4000 mm
    @(42.9000 mm, 135.3000 mm): Track [+15V] on F.Cu, length 10.0000 mm
[shorting_items]: Items shorting two nets (nets GND and +15V)
    Local override; error
    @(51.9050 mm, 143.0000 mm): PTH pad 2 [GND] of J_COIL
    @(52.9000 mm, 135.3000 mm): Track [+15V] on F.Cu, length 10.6000 mm
[tracks_crossing]: Tracks crossing
    Rule: netclass 'Default'; error
    @(53.7000 mm, 145.9000 mm): Track [+15V] on F.Cu, length 39.4081 mm
    @(36.7000 mm, 143.1000 mm): Track [SW_NODE] on F.Cu, length 19.0000 mm
[shorting_items]: Items shorting two nets (nets SW_NODE and I_SENSE)
    Local override; error
    @(52.6588 mm, 114.2000 mm): Track [SW_NODE] on F.Cu, length 29.1594 mm
    @(50.5000 mm, 128.1000 mm): Track [I_SENSE] on F.Cu, length 0.2000 mm
[shorting_items]: Items shorting two nets (nets SW_NODE and I_SENSE)
    Local override; error
    @(52.6588 mm, 114.2000 mm): Track [SW_NODE] on F.Cu, length 29.1594 mm
    @(50.5000 mm, 128.3000 mm): Track [I_SENSE] on F.Cu, length 0.2000 mm
[clearance]: Clearance violation (netclass 'Default' clearance 0.2000 mm; actual 0.1750 mm)
    Rule: netclass 'Default'; error
    @(51.5000 mm, 84.1000 mm): Track [USB_D+] on F.Cu, length 0.2000 mm
    @(51.1000 mm, 87.5000 mm): Track [GATE_L] on F.Cu, length 12.2000 mm
[tracks_crossing]: Tracks crossing
    Rule: netclass 'Default'; error
    @(16.9997 mm, 67.0109 mm): Track [SW_NODE] on F.Cu, length 59.1472 mm
    @(22.3000 mm, 77.7000 mm): Track [CGND] on F.Cu, length 7.8000 mm
[clearance]: Clearance violation (netclass 'Default' clearance 0.2000 mm; actual 0.0722 mm)
    Rule: netclass 'Default'; error
    @(52.6588 mm, 114.2000 mm): Track [SW_NODE] on F.Cu, length 29.1594 mm
    @(50.7000 mm, 128.3000 mm): Track [I_SENSE] on F.Cu, length 0.2000 mm
[clearance]: Clearance violation (netclass 'Default' clearance 0.2000 mm; actual 0.1035 mm)
    Rule: netclass 'Default'; error
    @(52.6588 mm, 114.2000 mm): Track [SW_NODE] on F.Cu, length 29.1594 mm
    @(50.7000 mm, 128.5000 mm): Track [I_SENSE] on F.Cu, length 0.2000 mm
[clearance]: Clearance violation (netclass 'Default' clearance 0.2000 mm; actual 0.1500 mm)
    Rule: netclass 'Default'; error
    @(59.9000 mm, 118.5000 mm): Track [SW_NODE] on F.Cu, length 1.6000 mm
    @(57.9000 mm, 113.9000 mm): Track [GATE_H] on F.Cu, length 6.6000 mm
[clearance]: Clearance violation (netclass 'Default' clearance 0.2000 mm; actual 0.1500 mm)
    Rule: netclass 'Default'; error
    @(58.3000 mm, 118.5000 mm): Track [SW_NODE] on F.Cu, length 2.4000 mm
    @(57.9000 mm, 113.9000 mm): Track [GATE_H] on F.Cu, length 6.6000 mm
[clearance]: Clearance violation (netclass 'Default' clearance 0.2000 mm; actual 0.1500 mm)
    Rule: netclass 'Default'; error
    @(58.3000 mm, 120.9000 mm): Track [SW_NODE] on F.Cu, length 9.4000 mm
    @(57.9000 mm, 113.9000 mm): Track [GATE_H] on F.Cu, length 6.6000 mm
[tracks_crossing]: Tracks crossing
    Rule: netclass 'Default'; error
    @(11.9000 mm, 67.9000 mm): Track [GATE_H] on F.Cu, length 1.2000 mm
    @(13.1000 mm, 69.1000 mm): Track [SW_NODE] on F.Cu, length 2.0000 mm
[clearance]: Clearance violation (netclass 'Default' clearance 0.2000 mm; actual 0.1500 mm)
    Rule: netclass 'Default'; error
    @(57.9000 mm, 120.5000 mm): Track [GATE_H] on F.Cu, length 15.0000 mm
    @(48.9000 mm, 120.9000 mm): Track [SW_NODE] on F.Cu, length 0.2000 mm
[clearance]: Clearance violation (netclass 'Default' clearance 0.2000 mm; actual 0.0807 mm)
    Rule: netclass 'Default'; error
    @(53.7000 mm, 145.9000 mm): Track [+15V] on F.Cu, length 39.4081 mm
    @(46.3000 mm, 121.7000 mm): Track [SW_NODE] on F.Cu, length 21.4000 mm
[clearance]: Clearance violation (netclass 'Default' clearance 0.2000 mm; actual 0.0807 mm)
    Rule: netclass 'Default'; error
    @(46.3000 mm, 143.1000 mm): Track [SW_NODE] on F.Cu, length 1.7978 mm
    @(53.7000 mm, 145.9000 mm): Track [+15V] on F.Cu, length 39.4081 mm
[tracks_crossing]: Tracks crossing
    Rule: netclass 'Default'; error
    @(48.0950 mm, 143.0000 mm): Track [SW_NODE] on F.Cu, length 32.0607 mm
    @(52.9000 mm, 135.3000 mm): Track [+15V] on F.Cu, length 10.6000 mm
[clearance]: Clearance violation (netclass 'Default' clearance 0.2000 mm; actual 0.1500 mm)
    Rule: netclass 'Default'; error
    @(68.9000 mm, 110.5000 mm): Track [GATE_H] on F.Cu, length 49.2000 mm
    @(71.7000 mm, 106.9000 mm): Track [SW_NODE] on F.Cu, length 2.4000 mm
[clearance]: Clearance violation (netclass 'Default' clearance 0.2000 mm; actual 0.1500 mm)
    Rule: netclass 'Default'; error
    @(68.9000 mm, 110.5000 mm): Track [GATE_H] on F.Cu, length 49.2000 mm
    @(69.3000 mm, 106.9000 mm): Track [SW_NODE] on F.Cu, length 0.2000 mm
[shorting_items]: Items shorting two nets (nets GATE_H and GATE_L)
    Local override; error
    @(41.7000 mm, 71.9000 mm): Track [GATE_H] on F.Cu, length 45.7435 mm
    @(51.3000 mm, 89.7000 mm): Track [GATE_L] on F.Cu, length 2.2000 mm
[tracks_crossing]: Tracks crossing
    Rule: netclass 'Default'; error
    @(68.9000 mm, 110.5000 mm): Track [GATE_H] on F.Cu, length 49.2000 mm
    @(69.3000 mm, 107.1000 mm): Track [SW_NODE] on F.Cu, length 0.8000 mm
[clearance]: Clearance violation (netclass 'Default' clearance 0.2000 mm; actual 0.1500 mm)
    Rule: netclass 'Default'; error
    @(68.5000 mm, 107.1000 mm): Track [SW_NODE] on F.Cu, length 4.2000 mm
    @(68.9000 mm, 110.5000 mm): Track [GATE_H] on F.Cu, length 49.2000 mm
[tracks_crossing]: Tracks crossing
    Rule: netclass 'Default'; error
    @(62.9000 mm, 67.1000 mm): Track [USB_D+] on F.Cu, length 20.8000 mm
    @(68.9000 mm, 110.5000 mm): Track [GATE_H] on F.Cu, length 49.2000 mm
[tracks_crossing]: Tracks crossing
    Rule: netclass 'Default'; error
    @(68.5000 mm, 102.9000 mm): Track [SW_NODE] on F.Cu, length 9.2000 mm
    @(41.7000 mm, 71.9000 mm): Track [GATE_H] on F.Cu, length 45.7435 mm
[clearance]: Clearance violation (netclass 'Default' clearance 0.2000 mm; actual 0.0800 mm)
    Rule: netclass 'Default'; error
    @(48.0950 mm, 143.0000 mm): Track [SW_NODE] on F.Cu, length 32.0607 mm
    @(54.1000 mm, 133.1000 mm): Track [I_SENSE] on F.Cu, length 0.2000 mm
[tracks_crossing]: Tracks crossing
    Rule: netclass 'Default'; error
    @(54.3000 mm, 133.1000 mm): Track [I_SENSE] on F.Cu, length 0.6000 mm
    @(48.0950 mm, 143.0000 mm): Track [SW_NODE] on F.Cu, length 32.0607 mm
[shorting_items]: Items shorting two nets (nets I_SENSE and SW_NODE)
    Local override; error
    @(54.3000 mm, 133.7000 mm): Track [I_SENSE] on F.Cu, length 0.2000 mm
    @(48.0950 mm, 143.0000 mm): Track [SW_NODE] on F.Cu, length 32.0607 mm
[clearance]: Clearance violation (netclass 'Default' clearance 0.2000 mm; actual 0.0176 mm)
    Rule: netclass 'Default'; error
    @(54.5000 mm, 133.7000 mm): Track [I_SENSE] on F.Cu, length 0.4000 mm
    @(48.0950 mm, 143.0000 mm): Track [SW_NODE] on F.Cu, length 32.0607 mm
[clearance]: Clearance violation (netclass 'Default' clearance 0.2000 mm; actual 0.1500 mm)
    Rule: netclass 'Default'; error
    @(58.1000 mm, 113.5000 mm): Track [SW_NODE] on F.Cu, length 0.6000 mm
    @(57.9000 mm, 113.9000 mm): Track [GATE_H] on F.Cu, length 6.6000 mm
[clearance]: Clearance violation (netclass 'Default' clearance 0.2000 mm; actual 0.1500 mm)
    Rule: netclass 'Default'; error
    @(57.5000 mm, 113.5000 mm): Track [SW_NODE] on F.Cu, length 0.8000 mm
    @(57.9000 mm, 113.9000 mm): Track [GATE_H] on F.Cu, length 6.6000 mm
[clearance]: Clearance violation (netclass 'Default' clearance 0.2000 mm; actual 0.1500 mm)
    Rule: netclass 'Default'; error
    @(57.5000 mm, 114.3000 mm): Track [SW_NODE] on F.Cu, length 4.8422 mm
    @(57.9000 mm, 113.9000 mm): Track [GATE_H] on F.Cu, length 6.6000 mm
[tracks_crossing]: Tracks crossing
    Rule: netclass 'Default'; error
    @(52.6588 mm, 114.2000 mm): Track [SW_NODE] on F.Cu, length 29.1594 mm
    @(42.9000 mm, 135.3000 mm): Track [+15V] on F.Cu, length 10.0000 mm
[tracks_crossing]: Tracks crossing
    Rule: netclass 'Default'; error
    @(48.0950 mm, 143.0000 mm): Track [SW_NODE] on F.Cu, length 11.3954 mm
    @(53.7000 mm, 145.9000 mm): Track [+15V] on F.Cu, length 39.4081 mm
[clearance]: Clearance violation (netclass 'Default' clearance 0.2000 mm; actual 0.0565 mm)
    Rule: netclass 'Default'; error
    @(16.9997 mm, 67.0109 mm): Track [SW_NODE] on F.Cu, length 59.1472 mm
    @(41.5000 mm, 100.3000 mm): Track [USB_D+] on F.Cu, length 0.4000 mm
[clearance]: Clearance violation (netclass 'Default' clearance 0.2000 mm; actual 0.1500 mm)
    Rule: netclass 'Default'; error
    @(52.6588 mm, 114.2000 mm): Track [SW_NODE] on F.Cu, length 4.8422 mm
    @(57.9000 mm, 113.9000 mm): Track [GATE_H] on F.Cu, length 6.6000 mm
[clearance]: Clearance violation (netclass 'Default' clearance 0.2000 mm; actual 0.1500 mm)
    Rule: netclass 'Default'; error
    @(57.5000 mm, 114.3000 mm): Track [SW_NODE] on F.Cu, length 0.8000 mm
    @(57.9000 mm, 113.9000 mm): Track [GATE_H] on F.Cu, length 6.6000 mm
[clearance]: Clearance violation (netclass 'Default' clearance 0.2000 mm; actual 0.1500 mm)
    Rule: netclass 'Default'; error
    @(57.5000 mm, 113.5000 mm): Track [SW_NODE] on F.Cu, length 0.6000 mm
    @(57.9000 mm, 113.9000 mm): Track [GATE_H] on F.Cu, length 6.6000 mm
[clearance]: Clearance violation (netclass 'Default' clearance 0.2000 mm; actual 0.1972 mm)
    Rule: netclass 'Default'; error
    @(58.1000 mm, 113.5000 mm): Track [SW_NODE] on F.Cu, length 7.8000 mm
    @(57.9000 mm, 113.9000 mm): Track [GATE_H] on F.Cu, length 6.6000 mm
[clearance]: Clearance violation (netclass 'Default' clearance 0.2000 mm; actual 0.1982 mm)
    Rule: netclass 'Default'; error
    @(7.9997 mm, 68.2809 mm): Track [PWM_H] on F.Cu, length 4.3004 mm
    @(11.9000 mm, 66.3000 mm): Track [GATE_H] on F.Cu, length 1.6000 mm
[clearance]: Clearance violation (netclass 'Default' clearance 0.2000 mm; actual 0.1982 mm)
    Rule: netclass 'Default'; error
    @(11.9000 mm, 67.9000 mm): Track [GATE_H] on F.Cu, length 1.2000 mm
    @(7.9997 mm, 68.2809 mm): Track [PWM_H] on F.Cu, length 4.3004 mm
[shorting_items]: Items shorting two nets (nets SPI_CLK and I_SENSE)
    Local override; error
    @(2.7000 mm, 105.8250 mm): Pad 1 [SPI_CLK] of MAX31865 on F.Cu
    @(0.1000 mm, 105.7000 mm): Track [I_SENSE] on F.Cu, length 5.0000 mm
[shorting_items]: Items shorting two nets (nets GATE_H and SW_NODE)
    Local override; error
    @(13.1000 mm, 67.9000 mm): Track [GATE_H] on F.Cu, length 0.4000 mm
    @(13.1000 mm, 69.1000 mm): Track [SW_NODE] on F.Cu, length 2.0000 mm
[tracks_crossing]: Tracks crossing
    Rule: netclass 'Default'; error
    @(13.1000 mm, 68.3000 mm): Track [GATE_H] on F.Cu, length 3.8997 mm
    @(13.1000 mm, 69.1000 mm): Track [SW_NODE] on F.Cu, length 2.0000 mm
[clearance]: Clearance violation (netclass 'Default' clearance 0.2000 mm; actual 0.1750 mm)
    Rule: netclass 'Default'; error
    @(36.3000 mm, 122.3000 mm): Track [USB_D+] on F.Cu, length 5.8000 mm
    @(35.5000 mm, 122.9000 mm): Track [SW_NODE] on F.Cu, length 0.2000 mm
[clearance]: Clearance violation (netclass 'Default' clearance 0.2000 mm; actual 0.1750 mm)
    Rule: netclass 'Default'; error
    @(35.5000 mm, 122.7000 mm): Track [SW_NODE] on F.Cu, length 0.2000 mm
    @(36.3000 mm, 122.3000 mm): Track [USB_D+] on F.Cu, length 5.8000 mm
[clearance]: Clearance violation (netclass 'Default' clearance 0.2000 mm; actual 0.0250 mm)
    Rule: netclass 'Default'; error
    @(12.9000 mm, 74.1000 mm): Track [CGND] on F.Cu, length 0.2000 mm
    @(12.5000 mm, 74.9000 mm): Track [SW_NODE] on F.Cu, length 5.0000 mm
[clearance]: Clearance violation (netclass 'Default' clearance 0.2000 mm; actual 0.1809 mm)
    Rule: netclass 'Default'; error
    @(12.9000 mm, 73.9000 mm): Track [CGND] on F.Cu, length 5.2000 mm
    @(16.9997 mm, 74.6309 mm): Pad 10 [GATE_L] of U_GATE on F.Cu
[shorting_items]: Items shorting two nets (nets CGND and +15V)
    Local override; error
    @(18.1000 mm, 73.9000 mm): Track [CGND] on F.Cu, length 0.4000 mm
    @(16.9997 mm, 73.3609 mm): Pad 11 [+15V] of U_GATE on F.Cu
[shorting_items]: Items shorting two nets (nets USB_D+ and SW_NODE)
    Local override; error
    @(36.3000 mm, 122.3000 mm): Track [USB_D+] on F.Cu, length 5.8000 mm
    @(35.3000 mm, 122.7000 mm): Track [SW_NODE] on F.Cu, length 0.2000 mm
[shorting_items]: Items shorting two nets (nets CGND and +15V)
    Local override; error
    @(18.1000 mm, 73.5000 mm): Track [CGND] on F.Cu, length 1.2000 mm
    @(16.9997 mm, 73.3609 mm): Pad 11 [+15V] of U_GATE on F.Cu
[shorting_items]: Items shorting two nets (nets SW_NODE and USB_D+)
    Local override; error
    @(35.3000 mm, 122.5000 mm): Track [SW_NODE] on F.Cu, length 0.2000 mm
    @(36.3000 mm, 122.3000 mm): Track [USB_D+] on F.Cu, length 5.8000 mm
[clearance]: Clearance violation (netclass 'Default' clearance 0.2000 mm; actual 0.1624 mm)
    Rule: netclass 'Default'; error
    @(59.9000 mm, 102.3000 mm): Track [SW_NODE] on F.Cu, length 0.2000 mm
    @(41.7000 mm, 71.9000 mm): Track [GATE_H] on F.Cu, length 45.7435 mm
[tracks_crossing]: Tracks crossing
    Rule: netclass 'Default'; error
    @(12.7000 mm, 68.7000 mm): Track [PWM_L] on F.Cu, length 2.0000 mm
    @(11.9000 mm, 67.9000 mm): Track [GATE_H] on F.Cu, length 1.2000 mm
[tracks_crossing]: Tracks crossing
    Rule: netclass 'Default'; error
    @(35.1000 mm, 122.5000 mm): Track [SW_NODE] on F.Cu, length 0.2000 mm
    @(36.3000 mm, 122.3000 mm): Track [USB_D+] on F.Cu, length 5.8000 mm
[shorting_items]: Items shorting two nets (nets USB_D+ and SW_NODE)
    Local override; error
    @(36.3000 mm, 122.3000 mm): Track [USB_D+] on F.Cu, length 5.8000 mm
    @(35.1000 mm, 122.3000 mm): Track [SW_NODE] on F.Cu, length 0.2000 mm
[tracks_crossing]: Tracks crossing
    Rule: netclass 'Default'; error
    @(36.3000 mm, 122.3000 mm): Track [USB_D+] on F.Cu, length 5.8000 mm
    @(34.9000 mm, 122.3000 mm): Track [SW_NODE] on F.Cu, length 0.2000 mm
[shorting_items]: Items shorting two nets (nets USB_D+ and SW_NODE)
    Local override; error
    @(36.3000 mm, 122.3000 mm): Track [USB_D+] on F.Cu, length 5.8000 mm
    @(34.9000 mm, 122.1000 mm): Track [SW_NODE] on F.Cu, length 0.2000 mm
[clearance]: Clearance violation (netclass 'Default' clearance 0.2000 mm; actual 0.1750 mm)
    Rule: netclass 'Default'; error
    @(31.1000 mm, 116.5000 mm): Track [SW_NODE] on F.Cu, length 1.0000 mm
    @(30.5000 mm, 116.3000 mm): Track [USB_D+] on F.Cu, length 0.2000 mm
[shorting_items]: Items shorting two nets (nets USB_D+ and SW_NODE)
    Local override; error
    @(36.3000 mm, 122.3000 mm): Track [USB_D+] on F.Cu, length 5.8000 mm
    @(34.7000 mm, 122.1000 mm): Track [SW_NODE] on F.Cu, length 0.2000 mm
[shorting_items]: Items shorting two nets (nets GATE_H and SW_NODE)
    Local override; error
    @(41.7000 mm, 71.9000 mm): Track [GATE_H] on F.Cu, length 45.7435 mm
    @(59.9000 mm, 102.1000 mm): Track [SW_NODE] on F.Cu, length 0.2000 mm
[shorting_items]: Items shorting two nets (nets SW_NODE and GATE_H)
    Local override; error
    @(60.1000 mm, 102.1000 mm): Track [SW_NODE] on F.Cu, length 0.2000 mm
    @(41.7000 mm, 71.9000 mm): Track [GATE_H] on F.Cu, length 45.7435 mm
[clearance]: Clearance violation (netclass 'Default' clearance 0.2000 mm; actual 0.1750 mm)
    Rule: netclass 'Default'; error
    @(30.7000 mm, 116.3000 mm): Track [USB_D+] on F.Cu, length 0.2000 mm
    @(31.1000 mm, 116.5000 mm): Track [SW_NODE] on F.Cu, length 1.0000 mm
[clearance]: Clearance violation (netclass 'Default' clearance 0.2000 mm; actual 0.1750 mm)
    Rule: netclass 'Default'; error
    @(36.3000 mm, 122.3000 mm): Track [USB_D+] on F.Cu, length 5.8000 mm
    @(34.7000 mm, 121.9000 mm): Track [SW_NODE] on F.Cu, length 0.2000 mm
[tracks_crossing]: Tracks crossing
    Rule: netclass 'Default'; error
    @(60.1000 mm, 101.9000 mm): Track [SW_NODE] on F.Cu, length 0.2000 mm
    @(41.7000 mm, 71.9000 mm): Track [GATE_H] on F.Cu, length 45.7435 mm
[shorting_items]: Items shorting two nets (nets USB_D+ and SW_NODE)
    Local override; error
    @(30.7000 mm, 116.1000 mm): Track [USB_D+] on F.Cu, length 0.2000 mm
    @(31.1000 mm, 116.5000 mm): Track [SW_NODE] on F.Cu, length 1.0000 mm
[shorting_items]: Items shorting two nets (nets SW_NODE and GATE_H)
    Local override; error
    @(60.3000 mm, 101.9000 mm): Track [SW_NODE] on F.Cu, length 0.2000 mm
    @(41.7000 mm, 71.9000 mm): Track [GATE_H] on F.Cu, length 45.7435 mm
[shorting_items]: Items shorting two nets (nets GATE_H and SW_NODE)
    Local override; error
    @(41.7000 mm, 71.9000 mm): Track [GATE_H] on F.Cu, length 45.7435 mm
    @(60.3000 mm, 101.7000 mm): Track [SW_NODE] on F.Cu, length 0.2000 mm
[shorting_items]: Items shorting two nets (nets SW_NODE and USB_D+)
    Local override; error
    @(31.1000 mm, 116.5000 mm): Track [SW_NODE] on F.Cu, length 1.0000 mm
    @(30.9000 mm, 116.1000 mm): Track [USB_D+] on F.Cu, length 0.2000 mm
[clearance]: Clearance violation (netclass 'Default' clearance 0.2000 mm; actual 0.1750 mm)
    Rule: netclass 'Default'; error
    @(34.5000 mm, 121.9000 mm): Track [SW_NODE] on F.Cu, length 0.2000 mm
    @(36.3000 mm, 122.3000 mm): Track [USB_D+] on F.Cu, length 5.8000 mm
[tracks_crossing]: Tracks crossing
    Rule: netclass 'Default'; error
    @(31.1000 mm, 116.5000 mm): Track [SW_NODE] on F.Cu, length 1.0000 mm
    @(30.9000 mm, 115.9000 mm): Track [USB_D+] on F.Cu, length 0.2000 mm
[clearance]: Clearance violation (netclass 'Default' clearance 0.2000 mm; actual 0.0583 mm)
    Rule: netclass 'Default'; error
    @(60.5000 mm, 101.7000 mm): Track [SW_NODE] on F.Cu, length 0.4000 mm
    @(41.7000 mm, 71.9000 mm): Track [GATE_H] on F.Cu, length 45.7435 mm
[shorting_items]: Items shorting two nets (nets USB_D+ and SW_NODE)
    Local override; error
    @(31.1000 mm, 115.9000 mm): Track [USB_D+] on F.Cu, length 0.2000 mm
    @(31.1000 mm, 116.5000 mm): Track [SW_NODE] on F.Cu, length 1.0000 mm
[tracks_crossing]: Tracks crossing
    Rule: netclass 'Default'; error
    @(31.1000 mm, 115.7000 mm): Track [USB_D+] on F.Cu, length 0.2000 mm
    @(31.1000 mm, 116.5000 mm): Track [SW_NODE] on F.Cu, length 1.0000 mm
[shorting_items]: Items shorting two nets (nets SW_NODE and USB_D+)
    Local override; error
    @(31.1000 mm, 116.5000 mm): Track [SW_NODE] on F.Cu, length 1.0000 mm
    @(31.3000 mm, 115.7000 mm): Track [USB_D+] on F.Cu, length 0.4000 mm
[clearance]: Clearance violation (netclass 'Default' clearance 0.2000 mm; actual 0.0722 mm)
    Rule: netclass 'Default'; error
    @(19.5000 mm, 73.9000 mm): Track [CGND] on F.Cu, length 0.2000 mm
    @(19.7000 mm, 74.7000 mm): Track [GATE_L] on F.Cu, length 0.2000 mm
[clearance]: Clearance violation (netclass 'Default' clearance 0.2000 mm; actual 0.1750 mm)
    Rule: netclass 'Default'; error
    @(62.5000 mm, 98.9000 mm): Track [SW_NODE] on F.Cu, length 40.2000 mm
    @(61.9000 mm, 68.3000 mm): Track [USB_D+] on F.Cu, length 0.2000 mm
[clearance]: Clearance violation (netclass 'Default' clearance 0.2000 mm; actual 0.0250 mm)
    Rule: netclass 'Default'; error
    @(19.5000 mm, 74.1000 mm): Track [CGND] on F.Cu, length 0.6000 mm
    @(19.7000 mm, 74.7000 mm): Track [GATE_L] on F.Cu, length 0.2000 mm
[clearance]: Clearance violation (netclass 'Default' clearance 0.2000 mm; actual 0.0722 mm)
    Rule: netclass 'Default'; error
    @(20.1000 mm, 74.1000 mm): Track [CGND] on F.Cu, length 0.2000 mm
    @(19.9000 mm, 74.9000 mm): Track [GATE_L] on F.Cu, length 0.2000 mm
[clearance]: Clearance violation (netclass 'Default' clearance 0.2000 mm; actual 0.0722 mm)
    Rule: netclass 'Default'; error
    @(20.1000 mm, 74.3000 mm): Track [CGND] on F.Cu, length 0.2000 mm
    @(19.9000 mm, 74.9000 mm): Track [GATE_L] on F.Cu, length 0.2000 mm
[clearance]: Clearance violation (netclass 'Default' clearance 0.2000 mm; actual 0.1750 mm)
    Rule: netclass 'Default'; error
    @(62.5000 mm, 98.9000 mm): Track [SW_NODE] on F.Cu, length 40.2000 mm
    @(61.9000 mm, 70.9000 mm): Track [USB_D-] on F.Cu, length 0.2000 mm
[shorting_items]: Items shorting two nets (nets I_SENSE and PWM_L)
    Local override; error
    @(24.9000 mm, 63.3343 mm): Pad 15 [I_SENSE] of U_MCU on F.Cu
    @(24.9000 mm, 66.7000 mm): Track [PWM_L] on F.Cu, length 3.7657 mm
[clearance]: Clearance violation (netclass 'Default' clearance 0.2000 mm; actual 0.1750 mm)
    Rule: netclass 'Default'; error
    @(62.5000 mm, 98.9000 mm): Track [SW_NODE] on F.Cu, length 40.2000 mm
    @(62.1000 mm, 70.9000 mm): Track [USB_D-] on F.Cu, length 0.2000 mm
[clearance]: Clearance violation (netclass 'Default' clearance 0.2000 mm; actual 0.0722 mm)
    Rule: netclass 'Default'; error
    @(20.3000 mm, 74.3000 mm): Track [CGND] on F.Cu, length 0.2000 mm
    @(20.1000 mm, 75.1000 mm): Track [GATE_L] on F.Cu, length 0.2000 mm
[shorting_items]: Items shorting two nets (nets GATE_L and GATE_H)
    Local override; error
    @(52.7000 mm, 103.5000 mm): Track [GATE_L] on F.Cu, length 13.8000 mm
    @(41.7000 mm, 71.9000 mm): Track [GATE_H] on F.Cu, length 45.7435 mm
[shorting_items]: Items shorting two nets (nets SW_NODE and USB_D-)
    Local override; error
    @(62.5000 mm, 98.9000 mm): Track [SW_NODE] on F.Cu, length 40.2000 mm
    @(62.1000 mm, 70.7000 mm): Track [USB_D-] on F.Cu, length 0.2000 mm
[shorting_items]: Items shorting two nets (nets SW_NODE and USB_D-)
    Local override; error
    @(62.5000 mm, 98.9000 mm): Track [SW_NODE] on F.Cu, length 40.2000 mm
    @(62.3000 mm, 70.7000 mm): Track [USB_D-] on F.Cu, length 0.4000 mm
[tracks_crossing]: Tracks crossing
    Rule: netclass 'Default'; error
    @(62.5000 mm, 98.9000 mm): Track [SW_NODE] on F.Cu, length 40.2000 mm
    @(62.3000 mm, 70.3000 mm): Track [USB_D-] on F.Cu, length 0.2000 mm
[clearance]: Clearance violation (netclass 'Default' clearance 0.2000 mm; actual 0.0722 mm)
    Rule: netclass 'Default'; error
    @(20.3000 mm, 74.5000 mm): Track [CGND] on F.Cu, length 0.2000 mm
    @(20.1000 mm, 75.1000 mm): Track [GATE_L] on F.Cu, length 0.2000 mm
[clearance]: Clearance violation (netclass 'Default' clearance 0.2000 mm; actual 0.0722 mm)
    Rule: netclass 'Default'; error
    @(20.3000 mm, 75.3000 mm): Track [GATE_L] on F.Cu, length 0.2000 mm
    @(20.5000 mm, 74.5000 mm): Track [CGND] on F.Cu, length 0.2000 mm
[shorting_items]: Items shorting two nets (nets SW_NODE and USB_D-)
    Local override; error
    @(62.5000 mm, 98.9000 mm): Track [SW_NODE] on F.Cu, length 40.2000 mm
    @(62.5000 mm, 70.3000 mm): Track [USB_D-] on F.Cu, length 0.2000 mm
[shorting_items]: Items shorting two nets (nets GATE_L and GATE_H)
    Local override; error
    @(52.7000 mm, 89.7000 mm): Track [GATE_L] on F.Cu, length 1.4000 mm
    @(41.7000 mm, 71.9000 mm): Track [GATE_H] on F.Cu, length 45.7435 mm
[clearance]: Clearance violation (netclass 'Default' clearance 0.2000 mm; actual 0.0722 mm)
    Rule: netclass 'Default'; error
    @(20.5000 mm, 74.7000 mm): Track [CGND] on F.Cu, length 0.2000 mm
    @(20.3000 mm, 75.3000 mm): Track [GATE_L] on F.Cu, length 0.2000 mm
[clearance]: Clearance violation (netclass 'Default' clearance 0.2000 mm; actual 0.1750 mm)
    Rule: netclass 'Default'; error
    @(42.9000 mm, 120.5000 mm): Track [GATE_H] on F.Cu, length 48.6000 mm
    @(42.3000 mm, 101.5000 mm): Track [USB_D-] on F.Cu, length 0.2000 mm
[clearance]: Clearance violation (netclass 'Default' clearance 0.2000 mm; actual 0.1750 mm)
    Rule: netclass 'Default'; error
    @(50.7000 mm, 88.1000 mm): Track [USB_D-] on F.Cu, length 0.2000 mm
    @(51.3000 mm, 89.7000 mm): Track [GATE_L] on F.Cu, length 2.2000 mm
[clearance]: Clearance violation (netclass 'Default' clearance 0.2000 mm; actual 0.0722 mm)
    Rule: netclass 'Default'; error
    @(20.5000 mm, 75.5000 mm): Track [GATE_L] on F.Cu, length 0.2000 mm
    @(20.7000 mm, 74.7000 mm): Track [CGND] on F.Cu, length 0.2000 mm
[clearance]: Clearance violation (netclass 'Default' clearance 0.2000 mm; actual 0.0578 mm)
    Rule: netclass 'Default'; error
    @(50.9000 mm, 88.1000 mm): Track [USB_D-] on F.Cu, length 0.4000 mm
    @(51.3000 mm, 87.5000 mm): Track [GATE_L] on F.Cu, length 0.2000 mm
[clearance]: Clearance violation (netclass 'Default' clearance 0.2000 mm; actual 0.0722 mm)
    Rule: netclass 'Default'; error
    @(20.7000 mm, 74.9000 mm): Track [CGND] on F.Cu, length 0.2000 mm
    @(20.5000 mm, 75.5000 mm): Track [GATE_L] on F.Cu, length 0.2000 mm
[clearance]: Clearance violation (netclass 'Default' clearance 0.2000 mm; actual 0.0578 mm)
    Rule: netclass 'Default'; error
    @(50.9000 mm, 88.1000 mm): Track [USB_D-] on F.Cu, length 0.4000 mm
    @(51.1000 mm, 87.5000 mm): Track [GATE_L] on F.Cu, length 12.2000 mm
[tracks_crossing]: Tracks crossing
    Rule: netclass 'Default'; error
    @(62.5000 mm, 98.9000 mm): Track [SW_NODE] on F.Cu, length 40.2000 mm
    @(62.5000 mm, 70.1000 mm): Track [USB_D-] on F.Cu, length 0.2000 mm
[clearance]: Clearance violation (netclass 'Default' clearance 0.2000 mm; actual 0.0722 mm)
    Rule: netclass 'Default'; error
    @(20.9000 mm, 74.9000 mm): Track [CGND] on F.Cu, length 0.2000 mm
    @(20.7000 mm, 82.3000 mm): Track [GATE_L] on F.Cu, length 6.8000 mm
[clearance]: Clearance violation (netclass 'Default' clearance 0.2000 mm; actual 0.1750 mm)
    Rule: netclass 'Default'; error
    @(42.9000 mm, 120.5000 mm): Track [GATE_H] on F.Cu, length 48.6000 mm
    @(42.5000 mm, 101.5000 mm): Track [USB_D-] on F.Cu, length 0.4000 mm
[clearance]: Clearance violation (netclass 'Default' clearance 0.2000 mm; actual 0.0722 mm)
    Rule: netclass 'Default'; error
    @(20.9000 mm, 75.1000 mm): Track [CGND] on F.Cu, length 0.2000 mm
    @(20.7000 mm, 82.3000 mm): Track [GATE_L] on F.Cu, length 6.8000 mm
[shorting_items]: Items shorting two nets (nets SW_NODE and USB_D-)
    Local override; error
    @(62.5000 mm, 98.9000 mm): Track [SW_NODE] on F.Cu, length 40.2000 mm
    @(62.7000 mm, 70.1000 mm): Track [USB_D-] on F.Cu, length 0.4000 mm
[shorting_items]: Items shorting two nets (nets SW_NODE and USB_D-)
    Local override; error
    @(62.5000 mm, 98.9000 mm): Track [SW_NODE] on F.Cu, length 40.2000 mm
    @(62.7000 mm, 69.7000 mm): Track [USB_D-] on F.Cu, length 0.2000 mm
[clearance]: Clearance violation (netclass 'Default' clearance 0.2000 mm; actual 0.1750 mm)
    Rule: netclass 'Default'; error
    @(62.5000 mm, 98.9000 mm): Track [SW_NODE] on F.Cu, length 40.2000 mm
    @(62.9000 mm, 69.7000 mm): Track [USB_D-] on F.Cu, length 0.2000 mm
[clearance]: Clearance violation (netclass 'Default' clearance 0.2000 mm; actual 0.0250 mm)
    Rule: netclass 'Default'; error
    @(21.1000 mm, 75.1000 mm): Track [CGND] on F.Cu, length 1.2000 mm
    @(20.7000 mm, 82.3000 mm): Track [GATE_L] on F.Cu, length 6.8000 mm
[tracks_crossing]: Tracks crossing
    Rule: netclass 'Default'; error
    @(16.9997 mm, 67.0109 mm): Track [SW_NODE] on F.Cu, length 59.1472 mm
    @(16.9997 mm, 69.5509 mm): Track [VCC_BOOT] on F.Cu, length 2.3009 mm
[shorting_items]: Items shorting two nets (nets SW_NODE and VCC_BOOT)
    Local override; error
    @(16.9997 mm, 67.0109 mm): Track [SW_NODE] on F.Cu, length 59.1472 mm
    @(19.3000 mm, 69.5000 mm): Track [VCC_BOOT] on F.Cu, length 0.2000 mm
[shorting_items]: Items shorting two nets (nets GATE_H and USB_D-)
    Local override; error
    @(42.9000 mm, 120.5000 mm): Track [GATE_H] on F.Cu, length 48.6000 mm
    @(42.5000 mm, 101.1000 mm): Track [USB_D-] on F.Cu, length 0.2000 mm
[clearance]: Clearance violation (netclass 'Default' clearance 0.2000 mm; actual 0.0802 mm)
    Rule: netclass 'Default'; error
    @(16.9997 mm, 67.0109 mm): Track [SW_NODE] on F.Cu, length 59.1472 mm
    @(19.3000 mm, 69.3000 mm): Track [VCC_BOOT] on F.Cu, length 0.2000 mm
[clearance]: Clearance violation (netclass 'Default' clearance 0.2000 mm; actual 0.0250 mm)
    Rule: netclass 'Default'; error
    @(21.1000 mm, 76.3000 mm): Track [CGND] on F.Cu, length 0.2000 mm
    @(20.7000 mm, 82.3000 mm): Track [GATE_L] on F.Cu, length 6.8000 mm
[shorting_items]: Items shorting two nets (nets USB_D- and GATE_H)
    Local override; error
    @(42.7000 mm, 101.1000 mm): Track [USB_D-] on F.Cu, length 0.4000 mm
    @(42.9000 mm, 120.5000 mm): Track [GATE_H] on F.Cu, length 48.6000 mm
[clearance]: Clearance violation (netclass 'Default' clearance 0.2000 mm; actual 0.1750 mm)
    Rule: netclass 'Default'; error
    @(31.1000 mm, 115.5000 mm): Track [SW_NODE] on F.Cu, length 0.2000 mm
    @(30.9000 mm, 116.1000 mm): Track [USB_D+] on F.Cu, length 0.2000 mm
[clearance]: Clearance violation (netclass 'Default' clearance 0.2000 mm; actual 0.1750 mm)
    Rule: netclass 'Default'; error
    @(62.5000 mm, 98.9000 mm): Track [SW_NODE] on F.Cu, length 40.2000 mm
    @(62.9000 mm, 69.5000 mm): Track [USB_D-] on F.Cu, length 0.2000 mm
[clearance]: Clearance violation (netclass 'Default' clearance 0.2000 mm; actual 0.1750 mm)
    Rule: netclass 'Default'; error
    @(30.9000 mm, 115.5000 mm): Track [SW_NODE] on F.Cu, length 0.8000 mm
    @(30.9000 mm, 116.1000 mm): Track [USB_D+] on F.Cu, length 0.2000 mm
[tracks_crossing]: Tracks crossing
    Rule: netclass 'Default'; error
    @(42.7000 mm, 100.7000 mm): Track [USB_D-] on F.Cu, length 0.2000 mm
    @(42.9000 mm, 120.5000 mm): Track [GATE_H] on F.Cu, length 48.6000 mm
[shorting_items]: Items shorting two nets (nets USB_D- and GATE_H)
    Local override; error
    @(42.9000 mm, 100.7000 mm): Track [USB_D-] on F.Cu, length 0.4000 mm
    @(42.9000 mm, 120.5000 mm): Track [GATE_H] on F.Cu, length 48.6000 mm
[tracks_crossing]: Tracks crossing
    Rule: netclass 'Default'; error
    @(42.9000 mm, 120.5000 mm): Track [GATE_H] on F.Cu, length 48.6000 mm
    @(42.9000 mm, 100.3000 mm): Track [USB_D-] on F.Cu, length 0.2000 mm
[shorting_items]: Items shorting two nets (nets USB_D- and GATE_H)
    Local override; error
    @(43.1000 mm, 100.3000 mm): Track [USB_D-] on F.Cu, length 0.4000 mm
    @(42.9000 mm, 120.5000 mm): Track [GATE_H] on F.Cu, length 48.6000 mm
[shorting_items]: Items shorting two nets (nets USB_D- and GATE_H)
    Local override; error
    @(43.1000 mm, 99.9000 mm): Track [USB_D-] on F.Cu, length 0.2000 mm
    @(42.9000 mm, 120.5000 mm): Track [GATE_H] on F.Cu, length 48.6000 mm
[clearance]: Clearance violation (netclass 'Default' clearance 0.2000 mm; actual 0.1750 mm)
    Rule: netclass 'Default'; error
    @(42.9000 mm, 120.5000 mm): Track [GATE_H] on F.Cu, length 48.6000 mm
    @(43.3000 mm, 99.9000 mm): Track [USB_D-] on F.Cu, length 0.4000 mm
[clearance]: Clearance violation (netclass 'Default' clearance 0.2000 mm; actual 0.1750 mm)
    Rule: netclass 'Default'; error
    @(43.3000 mm, 99.5000 mm): Track [USB_D-] on F.Cu, length 0.2000 mm
    @(42.9000 mm, 120.5000 mm): Track [GATE_H] on F.Cu, length 48.6000 mm
[tracks_crossing]: Tracks crossing
    Rule: netclass 'Default'; error
    @(63.7000 mm, 68.3000 mm): Track [USB_D-] on F.Cu, length 21.0000 mm
    @(68.9000 mm, 110.5000 mm): Track [GATE_H] on F.Cu, length 49.2000 mm
[tracks_crossing]: Tracks crossing
    Rule: netclass 'Default'; error
    @(16.9997 mm, 67.0109 mm): Track [SW_NODE] on F.Cu, length 59.1472 mm
    @(39.5000 mm, 82.7000 mm): Track [GATE_L] on F.Cu, length 25.4000 mm
[clearance]: Clearance violation (netclass 'Default' clearance 0.2000 mm; actual 0.1972 mm)
    Rule: netclass 'Default'; error
    @(14.3000 mm, 84.7000 mm): Track [SW_NODE] on F.Cu, length 1.6000 mm
    @(14.1000 mm, 82.7000 mm): Track [GATE_L] on F.Cu, length 0.4000 mm
[clearance]: Clearance violation (netclass 'Default' clearance 0.2000 mm; actual 0.1500 mm)
    Rule: netclass 'Default'; error
    @(13.7000 mm, 83.1000 mm): Track [SW_NODE] on F.Cu, length 1.2000 mm
    @(14.1000 mm, 82.3000 mm): Track [GATE_L] on F.Cu, length 6.6000 mm
[clearance]: Clearance violation (netclass 'Default' clearance 0.2000 mm; actual 0.1750 mm)
    Rule: netclass 'Default'; error
    @(62.5000 mm, 98.9000 mm): Track [SW_NODE] on F.Cu, length 40.2000 mm
    @(62.1000 mm, 68.3000 mm): Track [USB_D+] on F.Cu, length 0.2000 mm
[clearance]: Clearance violation (netclass 'Default' clearance 0.2000 mm; actual 0.0722 mm)
    Rule: netclass 'Default'; error
    @(20.7000 mm, 75.5000 mm): Track [GATE_L] on F.Cu, length 0.2000 mm
    @(20.9000 mm, 74.9000 mm): Track [CGND] on F.Cu, length 0.2000 mm
[shorting_items]: Items shorting two nets (nets SW_NODE and USB_D+)
    Local override; error
    @(62.5000 mm, 98.9000 mm): Track [SW_NODE] on F.Cu, length 40.2000 mm
    @(62.1000 mm, 68.1000 mm): Track [USB_D+] on F.Cu, length 0.2000 mm
[shorting_items]: Items shorting two nets (nets SW_NODE and USB_D+)
    Local override; error
    @(62.5000 mm, 98.9000 mm): Track [SW_NODE] on F.Cu, length 40.2000 mm
    @(62.3000 mm, 68.1000 mm): Track [USB_D+] on F.Cu, length 0.4000 mm
[clearance]: Clearance violation (netclass 'Default' clearance 0.2000 mm; actual 0.0722 mm)
    Rule: netclass 'Default'; error
    @(20.5000 mm, 75.5000 mm): Track [GATE_L] on F.Cu, length 0.2000 mm
    @(20.9000 mm, 74.9000 mm): Track [CGND] on F.Cu, length 0.2000 mm
[tracks_crossing]: Tracks crossing
    Rule: netclass 'Default'; error
    @(62.5000 mm, 98.9000 mm): Track [SW_NODE] on F.Cu, length 40.2000 mm
    @(62.3000 mm, 67.7000 mm): Track [USB_D+] on F.Cu, length 0.2000 mm
[shorting_items]: Items shorting two nets (nets SW_NODE and USB_D+)
    Local override; error
    @(62.5000 mm, 98.9000 mm): Track [SW_NODE] on F.Cu, length 40.2000 mm
    @(62.5000 mm, 67.7000 mm): Track [USB_D+] on F.Cu, length 0.2000 mm
[clearance]: Clearance violation (netclass 'Default' clearance 0.2000 mm; actual 0.0722 mm)
    Rule: netclass 'Default'; error
    @(20.7000 mm, 74.7000 mm): Track [CGND] on F.Cu, length 0.2000 mm
    @(20.5000 mm, 75.3000 mm): Track [GATE_L] on F.Cu, length 0.2000 mm
[tracks_crossing]: Tracks crossing
    Rule: netclass 'Default'; error
    @(62.5000 mm, 98.9000 mm): Track [SW_NODE] on F.Cu, length 40.2000 mm
    @(62.5000 mm, 67.5000 mm): Track [USB_D+] on F.Cu, length 0.2000 mm
[clearance]: Clearance violation (netclass 'Default' clearance 0.2000 mm; actual 0.0722 mm)
    Rule: netclass 'Default'; error
    @(20.3000 mm, 75.3000 mm): Track [GATE_L] on F.Cu, length 0.2000 mm
    @(20.7000 mm, 74.7000 mm): Track [CGND] on F.Cu, length 0.2000 mm
[shorting_items]: Items shorting two nets (nets SW_NODE and USB_D+)
    Local override; error
    @(62.5000 mm, 98.9000 mm): Track [SW_NODE] on F.Cu, length 40.2000 mm
    @(62.7000 mm, 67.5000 mm): Track [USB_D+] on F.Cu, length 0.2000 mm
[clearance]: Clearance violation (netclass 'Default' clearance 0.2000 mm; actual 0.0722 mm)
    Rule: netclass 'Default'; error
    @(20.3000 mm, 75.1000 mm): Track [GATE_L] on F.Cu, length 0.2000 mm
    @(20.5000 mm, 74.5000 mm): Track [CGND] on F.Cu, length 0.2000 mm
[shorting_items]: Items shorting two nets (nets SW_NODE and USB_D+)
    Local override; error
    @(62.5000 mm, 98.9000 mm): Track [SW_NODE] on F.Cu, length 40.2000 mm
    @(62.7000 mm, 67.3000 mm): Track [USB_D+] on F.Cu, length 0.2000 mm
[clearance]: Clearance violation (netclass 'Default' clearance 0.2000 mm; actual 0.0722 mm)
    Rule: netclass 'Default'; error
    @(20.1000 mm, 75.1000 mm): Track [GATE_L] on F.Cu, length 0.2000 mm
    @(20.5000 mm, 74.5000 mm): Track [CGND] on F.Cu, length 0.2000 mm
[clearance]: Clearance violation (netclass 'Default' clearance 0.2000 mm; actual 0.0722 mm)
    Rule: netclass 'Default'; error
    @(20.1000 mm, 74.9000 mm): Track [GATE_L] on F.Cu, length 0.2000 mm
    @(20.5000 mm, 74.5000 mm): Track [CGND] on F.Cu, length 0.2000 mm
[clearance]: Clearance violation (netclass 'Default' clearance 0.2000 mm; actual 0.1750 mm)
    Rule: netclass 'Default'; error
    @(62.5000 mm, 98.9000 mm): Track [SW_NODE] on F.Cu, length 40.2000 mm
    @(62.9000 mm, 67.3000 mm): Track [USB_D+] on F.Cu, length 0.2000 mm
[clearance]: Clearance violation (netclass 'Default' clearance 0.2000 mm; actual 0.0722 mm)
    Rule: netclass 'Default'; error
    @(20.3000 mm, 74.3000 mm): Track [CGND] on F.Cu, length 0.2000 mm
    @(19.9000 mm, 74.9000 mm): Track [GATE_L] on F.Cu, length 0.2000 mm
[clearance]: Clearance violation (netclass 'Default' clearance 0.2000 mm; actual 0.0722 mm)
    Rule: netclass 'Default'; error
    @(20.1000 mm, 74.3000 mm): Track [CGND] on F.Cu, length 0.2000 mm
    @(19.9000 mm, 74.7000 mm): Track [GATE_L] on F.Cu, length 0.2000 mm
[clearance]: Clearance violation (netclass 'Default' clearance 0.2000 mm; actual 0.0722 mm)
    Rule: netclass 'Default'; error
    @(20.1000 mm, 74.3000 mm): Track [CGND] on F.Cu, length 0.2000 mm
    @(19.7000 mm, 74.7000 mm): Track [GATE_L] on F.Cu, length 0.2000 mm
[clearance]: Clearance violation (netclass 'Default' clearance 0.2000 mm; actual 0.0722 mm)
    Rule: netclass 'Default'; error
    @(19.7000 mm, 74.5000 mm): Track [GATE_L] on F.Cu, length 2.7035 mm
    @(20.1000 mm, 74.3000 mm): Track [CGND] on F.Cu, length 0.2000 mm
[clearance]: Clearance violation (netclass 'Default' clearance 0.2000 mm; actual 0.1750 mm)
    Rule: netclass 'Default'; error
    @(62.5000 mm, 98.9000 mm): Track [SW_NODE] on F.Cu, length 40.2000 mm
    @(62.9000 mm, 67.1000 mm): Track [USB_D+] on F.Cu, length 20.8000 mm
[shorting_items]: Items shorting two nets (nets SW_NODE and USB_D+)
    Local override; error
    @(16.9997 mm, 67.0109 mm): Track [SW_NODE] on F.Cu, length 59.1472 mm
    @(41.5000 mm, 99.9000 mm): Track [USB_D+] on F.Cu, length 0.2000 mm
[tracks_crossing]: Tracks crossing
    Rule: netclass 'Default'; error
    @(16.9997 mm, 67.0109 mm): Track [SW_NODE] on F.Cu, length 59.1472 mm
    @(41.7000 mm, 99.9000 mm): Track [USB_D+] on F.Cu, length 0.4000 mm
[shorting_items]: Items shorting two nets (nets SW_NODE and USB_D+)
    Local override; error
    @(16.9997 mm, 67.0109 mm): Track [SW_NODE] on F.Cu, length 59.1472 mm
    @(41.7000 mm, 99.5000 mm): Track [USB_D+] on F.Cu, length 0.2000 mm
[clearance]: Clearance violation (netclass 'Default' clearance 0.2000 mm; actual 0.0538 mm)
    Rule: netclass 'Default'; error
    @(16.9997 mm, 67.0109 mm): Track [SW_NODE] on F.Cu, length 59.1472 mm
    @(41.9000 mm, 99.5000 mm): Track [USB_D+] on F.Cu, length 0.4000 mm
[tracks_crossing]: Tracks crossing
    Rule: netclass 'Default'; error
    @(11.9000 mm, 67.9000 mm): Track [GATE_H] on F.Cu, length 1.2000 mm
    @(12.3000 mm, 68.3000 mm): Track [PWM_H] on F.Cu, length 2.0000 mm
[clearance]: Clearance violation (netclass 'Default' clearance 0.2000 mm; actual 0.1750 mm)
    Rule: netclass 'Default'; error
    @(42.5000 mm, 98.3000 mm): Track [USB_D+] on F.Cu, length 0.6000 mm
    @(42.9000 mm, 120.5000 mm): Track [GATE_H] on F.Cu, length 48.6000 mm
[shorting_items]: Items shorting two nets (nets USB_D+ and GATE_H)
    Local override; error
    @(42.5000 mm, 97.7000 mm): Track [USB_D+] on F.Cu, length 0.2000 mm
    @(42.9000 mm, 120.5000 mm): Track [GATE_H] on F.Cu, length 48.6000 mm
[shorting_items]: Items shorting two nets (nets USB_D+ and GATE_H)
    Local override; error
    @(42.7000 mm, 97.7000 mm): Track [USB_D+] on F.Cu, length 0.2000 mm
    @(42.9000 mm, 120.5000 mm): Track [GATE_H] on F.Cu, length 48.6000 mm
[tracks_crossing]: Tracks crossing
    Rule: netclass 'Default'; error
    @(42.7000 mm, 97.5000 mm): Track [USB_D+] on F.Cu, length 0.2000 mm
    @(42.9000 mm, 120.5000 mm): Track [GATE_H] on F.Cu, length 48.6000 mm
[shorting_items]: Items shorting two nets (nets GATE_H and USB_D+)
    Local override; error
    @(42.9000 mm, 120.5000 mm): Track [GATE_H] on F.Cu, length 48.6000 mm
    @(42.9000 mm, 97.5000 mm): Track [USB_D+] on F.Cu, length 0.8000 mm
[tracks_crossing]: Tracks crossing
    Rule: netclass 'Default'; error
    @(42.9000 mm, 96.7000 mm): Track [USB_D+] on F.Cu, length 0.2000 mm
    @(42.9000 mm, 120.5000 mm): Track [GATE_H] on F.Cu, length 48.6000 mm
[shorting_items]: Items shorting two nets (nets USB_D+ and GATE_H)
    Local override; error
    @(43.1000 mm, 96.7000 mm): Track [USB_D+] on F.Cu, length 0.2000 mm
    @(42.9000 mm, 120.5000 mm): Track [GATE_H] on F.Cu, length 48.6000 mm
[shorting_items]: Items shorting two nets (nets USB_D+ and GATE_H)
    Local override; error
    @(43.1000 mm, 96.5000 mm): Track [USB_D+] on F.Cu, length 0.2000 mm
    @(42.9000 mm, 120.5000 mm): Track [GATE_H] on F.Cu, length 48.6000 mm
[clearance]: Clearance violation (netclass 'Default' clearance 0.2000 mm; actual 0.1750 mm)
    Rule: netclass 'Default'; error
    @(42.9000 mm, 120.5000 mm): Track [GATE_H] on F.Cu, length 48.6000 mm
    @(43.3000 mm, 96.5000 mm): Track [USB_D+] on F.Cu, length 0.2000 mm
[clearance]: Clearance violation (netclass 'Default' clearance 0.2000 mm; actual 0.1750 mm)
    Rule: netclass 'Default'; error
    @(42.9000 mm, 120.5000 mm): Track [GATE_H] on F.Cu, length 48.6000 mm
    @(43.3000 mm, 96.3000 mm): Track [USB_D+] on F.Cu, length 0.2000 mm
[clearance]: Clearance violation (netclass 'Default' clearance 0.2000 mm; actual 0.1750 mm)
    Rule: netclass 'Default'; error
    @(50.9000 mm, 88.1000 mm): Track [USB_D-] on F.Cu, length 0.4000 mm
    @(51.3000 mm, 89.7000 mm): Track [GATE_L] on F.Cu, length 2.2000 mm
[shorting_items]: Items shorting two nets (nets USB_D- and GATE_L)
    Local override; error
    @(50.9000 mm, 87.7000 mm): Track [USB_D-] on F.Cu, length 0.2000 mm
    @(51.3000 mm, 89.7000 mm): Track [GATE_L] on F.Cu, length 2.2000 mm
[shorting_items]: Items shorting two nets (nets USB_D- and GATE_L)
    Local override; error
    @(51.1000 mm, 87.7000 mm): Track [USB_D-] on F.Cu, length 0.4000 mm
    @(51.3000 mm, 89.7000 mm): Track [GATE_L] on F.Cu, length 2.2000 mm
[shorting_items]: Items shorting two nets (nets USB_D- and GATE_L)
    Local override; error
    @(51.1000 mm, 87.3000 mm): Track [USB_D-] on F.Cu, length 0.2000 mm
    @(51.3000 mm, 89.7000 mm): Track [GATE_L] on F.Cu, length 2.2000 mm
[shorting_items]: Items shorting two nets (nets USB_D- and GATE_L)
    Local override; error
    @(51.3000 mm, 87.3000 mm): Track [USB_D-] on F.Cu, length 0.4000 mm
    @(51.3000 mm, 89.7000 mm): Track [GATE_L] on F.Cu, length 2.2000 mm
[clearance]: Clearance violation (netclass 'Default' clearance 0.2000 mm; actual 0.0466 mm)
    Rule: netclass 'Default'; error
    @(51.3000 mm, 86.9000 mm): Track [USB_D-] on F.Cu, length 0.2000 mm
    @(41.7000 mm, 71.9000 mm): Track [GATE_H] on F.Cu, length 45.7435 mm
[clearance]: Clearance violation (netclass 'Default' clearance 0.2000 mm; actual 0.1750 mm)
    Rule: netclass 'Default'; error
    @(51.5000 mm, 86.9000 mm): Track [USB_D-] on F.Cu, length 0.2000 mm
    @(51.1000 mm, 87.5000 mm): Track [GATE_L] on F.Cu, length 12.2000 mm
[clearance]: Clearance violation (netclass 'Default' clearance 0.2000 mm; actual 0.1750 mm)
    Rule: netclass 'Default'; error
    @(51.5000 mm, 86.7000 mm): Track [USB_D-] on F.Cu, length 0.2000 mm
    @(51.1000 mm, 87.5000 mm): Track [GATE_L] on F.Cu, length 12.2000 mm
[clearance]: Clearance violation (netclass 'Default' clearance 0.2000 mm; actual 0.1029 mm)
    Rule: netclass 'Default'; error
    @(50.1000 mm, 86.5000 mm): Track [USB_D+] on F.Cu, length 0.4000 mm
    @(41.7000 mm, 71.9000 mm): Track [GATE_H] on F.Cu, length 45.7435 mm
[shorting_items]: Items shorting two nets (nets USB_D+ and GATE_H)
    Local override; error
    @(50.1000 mm, 86.1000 mm): Track [USB_D+] on F.Cu, length 0.2000 mm
    @(41.7000 mm, 71.9000 mm): Track [GATE_H] on F.Cu, length 45.7435 mm
[shorting_items]: Items shorting two nets (nets GATE_H and USB_D+)
    Local override; error
    @(41.7000 mm, 71.9000 mm): Track [GATE_H] on F.Cu, length 45.7435 mm
    @(50.3000 mm, 86.1000 mm): Track [USB_D+] on F.Cu, length 0.2000 mm
[tracks_crossing]: Tracks crossing
    Rule: netclass 'Default'; error
    @(50.3000 mm, 85.9000 mm): Track [USB_D+] on F.Cu, length 0.2000 mm
    @(41.7000 mm, 71.9000 mm): Track [GATE_H] on F.Cu, length 45.7435 mm
[shorting_items]: Items shorting two nets (nets USB_D+ and GATE_H)
    Local override; error
    @(50.5000 mm, 85.9000 mm): Track [USB_D+] on F.Cu, length 0.4000 mm
    @(41.7000 mm, 71.9000 mm): Track [GATE_H] on F.Cu, length 45.7435 mm
[clearance]: Clearance violation (netclass 'Default' clearance 0.2000 mm; actual 0.1029 mm)
    Rule: netclass 'Default'; error
    @(50.5000 mm, 85.5000 mm): Track [USB_D+] on F.Cu, length 0.2000 mm
    @(41.7000 mm, 71.9000 mm): Track [GATE_H] on F.Cu, length 45.7435 mm
[clearance]: Clearance violation (netclass 'Default' clearance 0.2000 mm; actual 0.1750 mm)
    Rule: netclass 'Default'; error
    @(50.7000 mm, 85.5000 mm): Track [USB_D+] on F.Cu, length 0.2000 mm
    @(51.1000 mm, 87.5000 mm): Track [GATE_L] on F.Cu, length 12.2000 mm
[shorting_items]: Items shorting two nets (nets USB_D+ and GATE_L)
    Local override; error
    @(50.7000 mm, 85.3000 mm): Track [USB_D+] on F.Cu, length 0.2000 mm
    @(51.1000 mm, 87.5000 mm): Track [GATE_L] on F.Cu, length 12.2000 mm
[clearance]: Clearance violation (netclass 'Default' clearance 0.2000 mm; actual 0.1600 mm)
    Rule: netclass 'Default'; error
    @(24.9000 mm, 58.1343 mm): Pad 1 [+3V3] of U_MCU on F.Cu
    @(24.9000 mm, 58.5343 mm): Pad 2 [GND] of U_MCU on F.Cu
[clearance]: Clearance violation (netclass 'Default' clearance 0.2000 mm; actual 0.1600 mm)
    Rule: netclass 'Default'; error
    @(24.9000 mm, 62.5343 mm): Pad 13 [PWM_H] of U_MCU on F.Cu
    @(24.9000 mm, 62.9343 mm): Pad 14 [PWM_L] of U_MCU on F.Cu
[clearance]: Clearance violation (netclass 'Default' clearance 0.2000 mm; actual 0.1600 mm)
    Rule: netclass 'Default'; error
    @(24.9000 mm, 62.9343 mm): Pad 14 [PWM_L] of U_MCU on F.Cu
    @(24.9000 mm, 63.3343 mm): Pad 15 [I_SENSE] of U_MCU on F.Cu
[clearance]: Clearance violation (netclass 'Default' clearance 0.2000 mm; actual 0.1600 mm)
    Rule: netclass 'Default'; error
    @(23.8500 mm, 64.3843 mm): Pad 20 [SPI_CLK] of U_MCU on F.Cu
    @(23.4500 mm, 64.3843 mm): Pad 21 [SPI_MOSI] of U_MCU on F.Cu
[clearance]: Clearance violation (netclass 'Default' clearance 0.2000 mm; actual 0.1600 mm)
    Rule: netclass 'Default'; error
    @(23.4500 mm, 64.3843 mm): Pad 21 [SPI_MOSI] of U_MCU on F.Cu
    @(23.0500 mm, 64.3843 mm): Pad 22 [SPI_MISO] of U_MCU on F.Cu
[clearance]: Clearance violation (netclass 'Default' clearance 0.2000 mm; actual 0.1600 mm)
    Rule: netclass 'Default'; error
    @(23.0500 mm, 64.3843 mm): Pad 22 [SPI_MISO] of U_MCU on F.Cu
    @(22.6500 mm, 64.3843 mm): Pad 23 [SPI_CS_TEMP] of U_MCU on F.Cu
[clearance]: Clearance violation (netclass 'Default' clearance 0.2000 mm; actual 0.1600 mm)
    Rule: netclass 'Default'; error
    @(18.0000 mm, 60.9343 mm): Pad 40 [USB_D+] of U_MCU on F.Cu
    @(18.0000 mm, 60.5343 mm): Pad 41 [USB_D-] of U_MCU on F.Cu
[clearance]: Clearance violation (netclass 'Default' clearance 0.2000 mm; actual 0.1000 mm)
    Rule: netclass 'Default'; error
    @(50.0000 mm, 5.0000 mm): Pad A6 [USB_D+] of J_USB on F.Cu
    @(50.4000 mm, 5.0000 mm): Pad B6 [USB_D-] of J_USB on F.Cu
[copper_edge_clearance]: Board edge clearance violation (board setup constraints edge clearance 0.5000 mm; actual 0.0000 mm)
    Rule: board setup constraints edge; error
    @(0.0000 mm, 0.0000 mm): Rectangle on Edge.Cuts
    @(64.5000 mm, 144.1000 mm): Track [I_SENSE] on F.Cu, length 21.0000 mm
[copper_edge_clearance]: Board edge clearance violation (board setup constraints edge clearance 0.5000 mm; actual 0.4250 mm)
    Rule: board setup constraints edge; error
    @(0.0000 mm, 0.0000 mm): Rectangle on Edge.Cuts
    @(1.1000 mm, 170.3000 mm): Track [I_SENSE] on F.Cu, length 19.8000 mm
[copper_edge_clearance]: Board edge clearance violation (board setup constraints edge clearance 0.5000 mm; actual 0.4349 mm)
    Rule: board setup constraints edge; error
    @(0.0000 mm, 0.0000 mm): Rectangle on Edge.Cuts
    @(1.1000 mm, 150.5000 mm): Track [I_SENSE] on F.Cu, length 1.0000 mm
[copper_edge_clearance]: Board edge clearance violation (board setup constraints edge clearance 0.5000 mm; actual 0.0250 mm)
    Rule: board setup constraints edge; error
    @(0.0000 mm, 0.0000 mm): Rectangle on Edge.Cuts
    @(0.1000 mm, 150.5000 mm): Track [I_SENSE] on F.Cu, length 44.8000 mm
[copper_edge_clearance]: Board edge clearance violation (board setup constraints edge clearance 0.5000 mm; actual 0.0250 mm)
    Rule: board setup constraints edge; error
    @(0.0000 mm, 0.0000 mm): Rectangle on Edge.Cuts
    @(0.1000 mm, 105.7000 mm): Track [I_SENSE] on F.Cu, length 5.0000 mm
[copper_edge_clearance]: Board edge clearance violation (board setup constraints edge clearance 0.5000 mm; actual 0.4000 mm)
    Rule: board setup constraints edge; error
    @(0.0000 mm, 0.0000 mm): Rectangle on Edge.Cuts
    @(99.3000 mm, 50.1000 mm): Track [USB_D+] on F.Cu, length 0.2000 mm
[copper_edge_clearance]: Board edge clearance violation (board setup constraints edge clearance 0.5000 mm; actual 0.4000 mm)
    Rule: board setup constraints edge; error
    @(0.0000 mm, 0.0000 mm): Rectangle on Edge.Cuts
    @(99.5000 mm, 50.1000 mm): Track [USB_D+] on F.Cu, length 0.4000 mm
[copper_edge_clearance]: Board edge clearance violation (board setup constraints edge clearance 0.5000 mm; actual 0.2000 mm)
    Rule: board setup constraints edge; error
    @(0.0000 mm, 0.0000 mm): Rectangle on Edge.Cuts
    @(99.5000 mm, 49.7000 mm): Track [USB_D+] on F.Cu, length 0.2000 mm
[copper_edge_clearance]: Board edge clearance violation (board setup constraints edge clearance 0.5000 mm; actual 0.2000 mm)
    Rule: board setup constraints edge; error
    @(0.0000 mm, 0.0000 mm): Rectangle on Edge.Cuts
    @(99.7000 mm, 49.7000 mm): Track [USB_D+] on F.Cu, length 0.2000 mm
[copper_edge_clearance]: Board edge clearance violation (board setup constraints edge clearance 0.5000 mm; actual 0.0000 mm)
    Rule: board setup constraints edge; error
    @(0.0000 mm, 0.0000 mm): Rectangle on Edge.Cuts
    @(99.7000 mm, 49.5000 mm): Track [USB_D+] on F.Cu, length 0.2000 mm
[copper_edge_clearance]: Board edge clearance violation (board setup constraints edge clearance 0.5000 mm; actual 0.0000 mm)
    Rule: board setup constraints edge; error
    @(0.0000 mm, 0.0000 mm): Rectangle on Edge.Cuts
    @(99.9000 mm, 49.5000 mm): Track [USB_D+] on F.Cu, length 0.2000 mm
[copper_edge_clearance]: Board edge clearance violation (board setup constraints edge clearance 0.5000 mm; actual 0.0000 mm)
    Rule: board setup constraints edge; error
    @(0.0000 mm, 0.0000 mm): Rectangle on Edge.Cuts
    @(99.9000 mm, 49.3000 mm): Track [USB_D+] on F.Cu, length 0.2000 mm
[copper_edge_clearance]: Board edge clearance violation (board setup constraints edge clearance 0.5000 mm; actual 0.0000 mm)
    Rule: board setup constraints edge; error
    @(0.0000 mm, 0.0000 mm): Rectangle on Edge.Cuts
    @(100.1000 mm, 49.3000 mm): Track [USB_D+] on F.Cu, length 15.6000 mm
[copper_edge_clearance]: Board edge clearance violation (board setup constraints edge clearance 0.5000 mm; actual 0.0000 mm)
    Rule: board setup constraints edge; error
    @(0.0000 mm, 0.0000 mm): Rectangle on Edge.Cuts
    @(100.1000 mm, 33.7000 mm): Track [USB_D+] on F.Cu, length 0.2000 mm
[copper_edge_clearance]: Board edge clearance violation (board setup constraints edge clearance 0.5000 mm; actual 0.2000 mm)
    Rule: board setup constraints edge; error
    @(0.0000 mm, 0.0000 mm): Rectangle on Edge.Cuts
    @(100.3000 mm, 33.7000 mm): Track [USB_D+] on F.Cu, length 23.6000 mm
[copper_edge_clearance]: Board edge clearance violation (board setup constraints edge clearance 0.5000 mm; actual 0.0000 mm)
    Rule: board setup constraints edge; error
    @(0.0000 mm, 0.0000 mm): Rectangle on Edge.Cuts
    @(100.3000 mm, 10.1000 mm): Track [USB_D+] on F.Cu, length 0.2000 mm
[copper_edge_clearance]: Board edge clearance violation (board setup constraints edge clearance 0.5000 mm; actual 0.4000 mm)
    Rule: board setup constraints edge; error
    @(0.0000 mm, 0.0000 mm): Rectangle on Edge.Cuts
    @(99.3000 mm, 51.5000 mm): Track [USB_D-] on F.Cu, length 0.2000 mm
[copper_edge_clearance]: Board edge clearance violation (board setup constraints edge clearance 0.5000 mm; actual 0.4000 mm)
    Rule: board setup constraints edge; error
    @(0.0000 mm, 0.0000 mm): Rectangle on Edge.Cuts
    @(99.5000 mm, 51.5000 mm): Track [USB_D-] on F.Cu, length 0.2000 mm
[copper_edge_clearance]: Board edge clearance violation (board setup constraints edge clearance 0.5000 mm; actual 0.2000 mm)
    Rule: board setup constraints edge; error
    @(0.0000 mm, 0.0000 mm): Rectangle on Edge.Cuts
    @(99.5000 mm, 51.3000 mm): Track [USB_D-] on F.Cu, length 0.2000 mm
[copper_edge_clearance]: Board edge clearance violation (board setup constraints edge clearance 0.5000 mm; actual 0.2000 mm)
    Rule: board setup constraints edge; error
    @(0.0000 mm, 0.0000 mm): Rectangle on Edge.Cuts
    @(99.7000 mm, 51.3000 mm): Track [USB_D-] on F.Cu, length 0.2000 mm
[copper_edge_clearance]: Board edge clearance violation (board setup constraints edge clearance 0.5000 mm; actual 0.0000 mm)
    Rule: board setup constraints edge; error
    @(0.0000 mm, 0.0000 mm): Rectangle on Edge.Cuts
    @(99.7000 mm, 51.1000 mm): Track [USB_D-] on F.Cu, length 0.2000 mm
[copper_edge_clearance]: Board edge clearance violation (board setup constraints edge clearance 0.5000 mm; actual 0.0000 mm)
    Rule: board setup constraints edge; error
    @(0.0000 mm, 0.0000 mm): Rectangle on Edge.Cuts
    @(99.9000 mm, 51.1000 mm): Track [USB_D-] on F.Cu, length 0.2000 mm
[copper_edge_clearance]: Board edge clearance violation (board setup constraints edge clearance 0.5000 mm; actual 0.0000 mm)
    Rule: board setup constraints edge; error
    @(0.0000 mm, 0.0000 mm): Rectangle on Edge.Cuts
    @(99.9000 mm, 50.9000 mm): Track [USB_D-] on F.Cu, length 0.2000 mm
[copper_edge_clearance]: Board edge clearance violation (board setup constraints edge clearance 0.5000 mm; actual 0.0000 mm)
    Rule: board setup constraints edge; error
    @(0.0000 mm, 0.0000 mm): Rectangle on Edge.Cuts
    @(100.1000 mm, 50.9000 mm): Track [USB_D-] on F.Cu, length 0.2000 mm
[copper_edge_clearance]: Board edge clearance violation (board setup constraints edge clearance 0.5000 mm; actual 0.0000 mm)
    Rule: board setup constraints edge; error
    @(0.0000 mm, 0.0000 mm): Rectangle on Edge.Cuts
    @(100.1000 mm, 50.7000 mm): Track [USB_D-] on F.Cu, length 0.2000 mm
[copper_edge_clearance]: Board edge clearance violation (board setup constraints edge clearance 0.5000 mm; actual 0.2000 mm)
    Rule: board setup constraints edge; error
    @(0.0000 mm, 0.0000 mm): Rectangle on Edge.Cuts
    @(100.3000 mm, 50.7000 mm): Track [USB_D-] on F.Cu, length 0.4000 mm
[copper_edge_clearance]: Board edge clearance violation (board setup constraints edge clearance 0.5000 mm; actual 0.2000 mm)
    Rule: board setup constraints edge; error
    @(0.0000 mm, 0.0000 mm): Rectangle on Edge.Cuts
    @(100.3000 mm, 50.3000 mm): Track [USB_D-] on F.Cu, length 0.2000 mm
[copper_edge_clearance]: Board edge clearance violation (board setup constraints edge clearance 0.5000 mm; actual 0.4000 mm)
    Rule: board setup constraints edge; error
    @(0.0000 mm, 0.0000 mm): Rectangle on Edge.Cuts
    @(100.5000 mm, 50.3000 mm): Track [USB_D-] on F.Cu, length 0.2000 mm
[copper_edge_clearance]: Board edge clearance violation (board setup constraints edge clearance 0.5000 mm; actual 0.4000 mm)
    Rule: board setup constraints edge; error
    @(0.0000 mm, 0.0000 mm): Rectangle on Edge.Cuts
    @(100.5000 mm, 50.1000 mm): Track [USB_D-] on F.Cu, length 0.2000 mm
[copper_edge_clearance]: Board edge clearance violation (board setup constraints edge clearance 0.5000 mm; actual 0.0000 mm)
    Rule: board setup constraints edge; error
    @(0.0000 mm, 0.0000 mm): Rectangle on Edge.Cuts
    @(60.3000 mm, 57.3000 mm): Track [GATE_H] on F.Cu, length 57.2000 mm
[copper_edge_clearance]: Board edge clearance violation (board setup constraints edge clearance 0.5000 mm; actual 0.0000 mm)
    Rule: board setup constraints edge; error
    @(0.0000 mm, 0.0000 mm): Rectangle on Edge.Cuts
    @(60.3000 mm, 0.1000 mm): Track [GATE_H] on F.Cu, length 34.0000 mm
[copper_edge_clearance]: Board edge clearance violation (board setup constraints edge clearance 0.5000 mm; actual 0.0000 mm)
    Rule: board setup constraints edge; error
    @(0.0000 mm, 0.0000 mm): Rectangle on Edge.Cuts
    @(26.3000 mm, 0.1000 mm): Track [GATE_H] on F.Cu, length 4.6000 mm
[solder_mask_bridge]: Front solder mask aperture bridges items with different nets
    Rule: board setup solder mask min width; error
    @(52.9000 mm, 135.3000 mm): Track [+15V] on F.Cu, length 10.6000 mm
    @(51.9050 mm, 143.0000 mm): PTH pad 2 [GND] of J_COIL
[solder_mask_bridge]: Front solder mask aperture bridges items with different nets
    Rule: board setup solder mask min width; error
    @(53.7000 mm, 145.9000 mm): Track [+15V] on F.Cu, length 39.4081 mm
    @(48.0950 mm, 143.0000 mm): PTH pad 1 [SW_NODE] of J_COIL
[solder_mask_bridge]: Front solder mask aperture bridges items with different nets
    Rule: board setup solder mask min width; error
    @(0.1000 mm, 105.7000 mm): Track [I_SENSE] on F.Cu, length 5.0000 mm
    @(2.7000 mm, 105.8250 mm): Pad 1 [SPI_CLK] of MAX31865 on F.Cu
[solder_mask_bridge]: Front solder mask aperture bridges items with different nets
    Rule: board setup solder mask min width; error
    @(24.9000 mm, 66.7000 mm): Track [PWM_L] on F.Cu, length 3.7657 mm
    @(24.9000 mm, 63.3343 mm): Pad 15 [I_SENSE] of U_MCU on F.Cu
[solder_mask_bridge]: Front solder mask aperture bridges items with different nets
    Rule: board setup solder mask min width; error
    @(52.7000 mm, 103.5000 mm): Track [GATE_L] on F.Cu, length 13.8000 mm
    @(52.6588 mm, 97.8500 mm): PTH pad 2 [PGND] of Q2
[solder_mask_bridge]: Front solder mask aperture bridges items with different nets
    Rule: board setup solder mask min width; error
    @(52.7000 mm, 103.5000 mm): Track [GATE_L] on F.Cu, length 13.8000 mm
    @(52.6588 mm, 92.4000 mm): PTH pad 3 [SW_NODE] of Q2
[solder_mask_bridge]: Front solder mask aperture bridges items with different nets
    Rule: board setup solder mask min width; error
    @(41.7000 mm, 71.9000 mm): Track [GATE_H] on F.Cu, length 45.7435 mm
    @(63.1139 mm, 108.7500 mm): PTH pad 1 [AC_L] of D1
[solder_mask_bridge]: Front solder mask aperture bridges items with different nets
    Rule: board setup solder mask min width; error
    @(41.7000 mm, 71.9000 mm): Track [GATE_H] on F.Cu, length 45.7435 mm
    @(52.6588 mm, 92.4000 mm): PTH pad 3 [SW_NODE] of Q2
[solder_mask_bridge]: Front solder mask aperture bridges items with different nets
    Rule: board setup solder mask min width; error
    @(12.9000 mm, 73.9000 mm): Track [CGND] on F.Cu, length 5.2000 mm
    @(16.9997 mm, 73.3609 mm): Pad 11 [+15V] of U_GATE on F.Cu
[solder_mask_bridge]: Front solder mask aperture bridges items with different nets
    Rule: board setup solder mask min width; error
    @(18.1000 mm, 73.9000 mm): Track [CGND] on F.Cu, length 0.4000 mm
    @(16.9997 mm, 73.3609 mm): Pad 11 [+15V] of U_GATE on F.Cu
[solder_mask_bridge]: Front solder mask aperture bridges items with different nets
    Rule: board setup solder mask min width; error
    @(18.1000 mm, 73.5000 mm): Track [CGND] on F.Cu, length 1.2000 mm
    @(16.9997 mm, 73.3609 mm): Pad 11 [+15V] of U_GATE on F.Cu
[solder_mask_bridge]: Front solder mask aperture bridges items with different nets
    Rule: board setup solder mask min width; error
    @(48.0950 mm, 143.0000 mm): Track [SW_NODE] on F.Cu, length 32.0607 mm
    @(56.6763 mm, 131.2500 mm): PTH pad 2 [AC_N] of D2
[solder_mask_bridge]: Front solder mask aperture bridges items with different nets
    Rule: board setup solder mask min width; error
    @(16.9997 mm, 67.0109 mm): Track [SW_NODE] on F.Cu, length 59.1472 mm
    @(16.9997 mm, 68.2809 mm): Pad 15 [GATE_H] of U_GATE on F.Cu
[solder_mask_bridge]: Front solder mask aperture bridges items with different nets
    Rule: board setup solder mask min width; error
    @(16.9997 mm, 67.0109 mm): Track [SW_NODE] on F.Cu, length 59.1472 mm
    @(21.3772 mm, 72.6794 mm): Pad 1 [GND] of U_BUCK on F.Cu
[solder_mask_bridge]: Front solder mask aperture bridges items with different nets
    Rule: board setup solder mask min width; error
    @(16.9997 mm, 67.0109 mm): Track [SW_NODE] on F.Cu, length 59.1472 mm
    @(21.3772 mm, 71.7294 mm): Pad 2 [+5V] of U_BUCK on F.Cu
[solder_mask_bridge]: Front solder mask aperture bridges items with different nets
    Rule: board setup solder mask min width; error
    @(24.9000 mm, 58.1343 mm): Pad 1 [+3V3] of U_MCU on F.Cu
    @(24.9000 mm, 58.5343 mm): Pad 2 [GND] of U_MCU on F.Cu
[solder_mask_bridge]: Front solder mask aperture bridges items with different nets
    Rule: board setup solder mask min width; error
    @(24.9000 mm, 62.5343 mm): Pad 13 [PWM_H] of U_MCU on F.Cu
    @(24.9000 mm, 62.9343 mm): Pad 14 [PWM_L] of U_MCU on F.Cu
[solder_mask_bridge]: Front solder mask aperture bridges items with different nets
    Rule: board setup solder mask min width; error
    @(24.9000 mm, 62.9343 mm): Pad 14 [PWM_L] of U_MCU on F.Cu
    @(24.9000 mm, 63.3343 mm): Pad 15 [I_SENSE] of U_MCU on F.Cu
[solder_mask_bridge]: Front solder mask aperture bridges items with different nets
    Rule: board setup solder mask min width; error
    @(23.8500 mm, 64.3843 mm): Pad 20 [SPI_CLK] of U_MCU on F.Cu
    @(23.4500 mm, 64.3843 mm): Pad 21 [SPI_MOSI] of U_MCU on F.Cu
[solder_mask_bridge]: Front solder mask aperture bridges items with different nets
    Rule: board setup solder mask min width; error
    @(23.4500 mm, 64.3843 mm): Pad 21 [SPI_MOSI] of U_MCU on F.Cu
    @(23.0500 mm, 64.3843 mm): Pad 22 [SPI_MISO] of U_MCU on F.Cu
[solder_mask_bridge]: Front solder mask aperture bridges items with different nets
    Rule: board setup solder mask min width; error
    @(23.0500 mm, 64.3843 mm): Pad 22 [SPI_MISO] of U_MCU on F.Cu
    @(22.6500 mm, 64.3843 mm): Pad 23 [SPI_CS_TEMP] of U_MCU on F.Cu
[solder_mask_bridge]: Front solder mask aperture bridges items with different nets
    Rule: board setup solder mask min width; error
    @(18.0000 mm, 60.9343 mm): Pad 40 [USB_D+] of U_MCU on F.Cu
    @(18.0000 mm, 60.5343 mm): Pad 41 [USB_D-] of U_MCU on F.Cu
[solder_mask_bridge]: Front solder mask aperture bridges items with different nets
    Rule: board setup solder mask min width; error
    @(50.0000 mm, 5.0000 mm): Pad A6 [USB_D+] of J_USB on F.Cu
    @(50.4000 mm, 5.0000 mm): Pad B6 [USB_D-] of J_USB on F.Cu
[track_dangling]: Track has unconnected end
    Local override; warning
    @(5.5000 mm, 215.7000 mm): Track [TEMP_SENSE] on F.Cu, length 3.0000 mm
[track_dangling]: Track has unconnected end
    Local override; warning
    @(33.7000 mm, 277.1000 mm): Track [TEMP_SENSE] on F.Cu, length 3.8000 mm
[track_dangling]: Track has unconnected end
    Local override; warning
    @(34.1000 mm, 146.7000 mm): Track [+15V] on F.Cu, length 0.0000 mm
[track_dangling]: Track has unconnected end
    Local override; warning
    @(28.5000 mm, 109.7000 mm): Track [+15V] on F.Cu, length 2.2000 mm
[track_dangling]: Track has unconnected end
    Local override; warning
    @(49.9000 mm, 126.7000 mm): Track [I_SENSE] on F.Cu, length 1.0000 mm
[track_dangling]: Track has unconnected end
    Local override; warning
    @(0.1000 mm, 105.7000 mm): Track [I_SENSE] on F.Cu, length 5.0000 mm
[track_dangling]: Track has unconnected end
    Local override; warning
    @(36.1000 mm, 121.9000 mm): Track [USB_D+] on F.Cu, length 0.2000 mm
[track_dangling]: Track has unconnected end
    Local override; warning
    @(100.3000 mm, 10.1000 mm): Track [USB_D+] on F.Cu, length 0.2000 mm
[track_dangling]: Track has unconnected end
    Local override; warning
    @(36.1000 mm, 121.1000 mm): Track [USB_D-] on F.Cu, length 0.2000 mm
[track_dangling]: Track has unconnected end
    Local override; warning
    @(100.9000 mm, 10.3000 mm): Track [USB_D-] on F.Cu, length 0.2000 mm
[track_dangling]: Track has unconnected end
    Local override; warning
    @(75.1000 mm, 121.7000 mm): Track [DC_BUS+] on F.Cu, length 9.3323 mm
[silk_edge_clearance]: Silkscreen clipped by board edge
    Rule: board setup constraints silk; warning
    @(0.0000 mm, 0.0000 mm): Rectangle on Edge.Cuts
    @(4.9000 mm, 55.8726 mm): PCB text 'AMS1117-3.3' on F.Silkscreen
[silk_edge_clearance]: Silkscreen clipped by board edge
    Rule: board setup constraints silk; warning
    @(0.0000 mm, 0.0000 mm): Rectangle on Edge.Cuts
    @(3.5000 mm, 50.7514 mm): PCB text 'R_BURDEN' on F.Silkscreen
[silk_edge_clearance]: Silkscreen clipped by board edge
    Rule: board setup constraints silk; warning
    @(0.0000 mm, 0.0000 mm): Rectangle on Edge.Cuts
    @(3.2250 mm, 73.4702 mm): PCB text 'C_CT_FILT' on F.Silkscreen
[lib_footprint_issues]: The current configuration does not include the footprint library 'Connector_IEC'.
    Local override; warning
    @(10.0000 mm, 126.2500 mm): Footprint J_AC_IN
[lib_footprint_issues]: The footprint library 'Diode_THT' was not found at '/opt/homebrew/bin/SharedSupport/footprints//Diode_THT.pretty'.
    Local override; warning
    @(63.1139 mm, 108.7500 mm): Footprint D1
[lib_footprint_issues]: The footprint library 'Diode_THT' was not found at '/opt/homebrew/bin/SharedSupport/footprints//Diode_THT.pretty'.
    Local override; warning
    @(71.9163 mm, 131.2500 mm): Footprint D2
[lib_footprint_issues]: The footprint library 'Capacitor_THT' was not found at '/opt/homebrew/bin/SharedSupport/footprints//Capacitor_THT.pretty'.
    Local override; warning
    @(76.5744 mm, 116.2500 mm): Footprint C_BUS1
[lib_footprint_issues]: The footprint library 'Capacitor_THT' was not found at '/opt/homebrew/bin/SharedSupport/footprints//Capacitor_THT.pretty'.
    Local override; warning
    @(83.1166 mm, 108.7500 mm): Footprint C_BUS2
[lib_footprint_issues]: The footprint library 'Package_TO_SOT_THT' was not found at '/opt/homebrew/bin/SharedSupport/footprints//Package_TO_SOT_THT.pretty'.
    Local override; warning
    @(65.7677 mm, 110.8000 mm): Footprint Q1
[lib_footprint_issues]: The footprint library 'Package_TO_SOT_THT' was not found at '/opt/homebrew/bin/SharedSupport/footprints//Package_TO_SOT_THT.pretty'.
    Local override; warning
    @(52.6588 mm, 103.3000 mm): Footprint Q2
[lib_footprint_issues]: The footprint library 'Package_SO' was not found at '/opt/homebrew/bin/SharedSupport/footprints//Package_SO.pretty'.
    Local override; warning
    @(12.4997 mm, 71.4559 mm): Footprint U_GATE
[lib_footprint_issues]: The footprint library 'Capacitor_SMD' was not found at '/opt/homebrew/bin/SharedSupport/footprints//Capacitor_SMD.pretty'.
    Local override; warning
    @(36.6990 mm, 71.2500 mm): Footprint C_BOOT
[lib_footprint_issues]: The footprint library 'Capacitor_SMD' was not found at '/opt/homebrew/bin/SharedSupport/footprints//Capacitor_SMD.pretty'.
    Local override; warning
    @(27.7798 mm, 72.9329 mm): Footprint C_VCC
[lib_footprint_issues]: The footprint library 'Resistor_SMD' was not found at '/opt/homebrew/bin/SharedSupport/footprints//Resistor_SMD.pretty'.
    Local override; warning
    @(42.5763 mm, 71.7294 mm): Footprint R_GATE_H
[lib_footprint_issues]: The footprint library 'Resistor_SMD' was not found at '/opt/homebrew/bin/SharedSupport/footprints//Resistor_SMD.pretty'.
    Local override; warning
    @(29.8020 mm, 62.4522 mm): Footprint R_GATE_L
[lib_footprint_issues]: The footprint library 'Package_TO_SOT_SMD' was not found at '/opt/homebrew/bin/SharedSupport/footprints//Package_TO_SOT_SMD.pretty'.
    Local override; warning
    @(22.4772 mm, 71.7294 mm): Footprint U_BUCK
[lib_footprint_issues]: The footprint library 'Package_TO_SOT_SMD' was not found at '/opt/homebrew/bin/SharedSupport/footprints//Package_TO_SOT_SMD.pretty'.
    Local override; warning
    @(4.9000 mm, 63.6726 mm): Footprint U_LDO_3V3
[lib_footprint_issues]: The footprint library 'Package_TO_SOT_SMD' was not found at '/opt/homebrew/bin/SharedSupport/footprints//Package_TO_SOT_SMD.pretty'.
    Local override; warning
    @(10.8028 mm, 54.8280 mm): Footprint U_LDO_5V
[lib_footprint_issues]: The footprint library 'Package_DFN_QFN' was not found at '/opt/homebrew/bin/SharedSupport/footprints//Package_DFN_QFN.pretty'.
    Local override; warning
    @(21.4500 mm, 60.9343 mm): Footprint U_MCU
[lib_footprint_issues]: The footprint library 'Capacitor_SMD' was not found at '/opt/homebrew/bin/SharedSupport/footprints//Capacitor_SMD.pretty'.
    Local override; warning
    @(53.1981 mm, 71.2500 mm): Footprint C_MCU_1
[lib_footprint_issues]: The footprint library 'Capacitor_SMD' was not found at '/opt/homebrew/bin/SharedSupport/footprints//Capacitor_SMD.pretty'.
    Local override; warning
    @(57.6755 mm, 71.7294 mm): Footprint C_MCU_2
[lib_footprint_issues]: The footprint library 'Capacitor_SMD' was not found at '/opt/homebrew/bin/SharedSupport/footprints//Capacitor_SMD.pretty'.
    Local override; warning
    @(47.0791 mm, 72.9329 mm): Footprint C_MCU_3
[lib_footprint_issues]: The footprint library 'Capacitor_SMD' was not found at '/opt/homebrew/bin/SharedSupport/footprints//Capacitor_SMD.pretty'.
    Local override; warning
    @(44.3692 mm, 65.1956 mm): Footprint C_MCU_4
[lib_footprint_issues]: The footprint library 'Connector_USB' was not found at '/opt/homebrew/bin/SharedSupport/footprints//Connector_USB.pretty'.
    Local override; warning
    @(50.0000 mm, 5.0000 mm): Footprint J_USB
[lib_footprint_issues]: The footprint library 'Connector_PinHeader_2.54mm' was not found at '/opt/homebrew/bin/SharedSupport/footprints//Connector_PinHeader_2.54mm.pretty'.
    Local override; warning
    @(70.0000 mm, 9.6500 mm): Footprint J_DEBUG
[lib_footprint_issues]: The footprint library 'Package_SO' was not found at '/opt/homebrew/bin/SharedSupport/footprints//Package_SO.pretty'.
    Local override; warning
    @(10.0500 mm, 81.4564 mm): Footprint U_CT
[lib_footprint_issues]: The footprint library 'Resistor_SMD' was not found at '/opt/homebrew/bin/SharedSupport/footprints//Resistor_SMD.pretty'.
    Local override; warning
    @(3.5000 mm, 52.7764 mm): Footprint R_BURDEN
[lib_footprint_issues]: The footprint library 'Capacitor_SMD' was not found at '/opt/homebrew/bin/SharedSupport/footprints//Capacitor_SMD.pretty'.
    Local override; warning
    @(3.2250 mm, 75.2452 mm): Footprint C_CT_FILT
[lib_footprint_issues]: The footprint library 'Package_SO' was not found at '/opt/homebrew/bin/SharedSupport/footprints//Package_SO.pretty'.
    Local override; warning
    @(5.2750 mm, 89.2300 mm): Footprint U_OPAMP_CT
[lib_footprint_issues]: The footprint library 'Package_SO' was not found at '/opt/homebrew/bin/SharedSupport/footprints//Package_SO.pretty'.
    Local override; warning
    @(5.6000 mm, 108.7500 mm): Footprint MAX31865
[lib_footprint_issues]: The footprint library 'Connector_Phoenix_MC' was not found at '/opt/homebrew/bin/SharedSupport/footprints//Connector_Phoenix_MC.pretty'.
    Local override; warning
    @(48.0950 mm, 143.0000 mm): Footprint J_COIL
[lib_footprint_issues]: The footprint library 'Connector_PinHeader_2.54mm' was not found at '/opt/homebrew/bin/SharedSupport/footprints//Connector_PinHeader_2.54mm.pretty'.
    Local override; warning
    @(18.7300 mm, 138.5000 mm): Footprint J_NTC
[lib_footprint_issues]: The footprint library 'MountingHole' was not found at '/opt/homebrew/bin/SharedSupport/footprints//MountingHole.pretty'.
    Local override; warning
    @(3.5000 mm, 3.5000 mm): Footprint MH1
[lib_footprint_issues]: The footprint library 'MountingHole' was not found at '/opt/homebrew/bin/SharedSupport/footprints//MountingHole.pretty'.
    Local override; warning
    @(96.5000 mm, 3.5000 mm): Footprint MH2
[lib_footprint_issues]: The footprint library 'MountingHole' was not found at '/opt/homebrew/bin/SharedSupport/footprints//MountingHole.pretty'.
    Local override; warning
    @(3.5000 mm, 146.5000 mm): Footprint MH3
[lib_footprint_issues]: The footprint library 'MountingHole' was not found at '/opt/homebrew/bin/SharedSupport/footprints//MountingHole.pretty'.
    Local override; warning
    @(96.5000 mm, 146.5000 mm): Footprint MH4
[silk_over_copper]: Silkscreen clipped by solder mask
    Local override; warning
    @(65.7677 mm, 107.6750 mm): PCB text 'Q1' on F.Silkscreen
[silk_over_copper]: Silkscreen clipped by solder mask
    Local override; warning
    @(65.7677 mm, 106.3000 mm): PCB text 'IKW40N120H3' on F.Silkscreen
[silk_over_copper]: Silkscreen clipped by solder mask
    Local override; warning
    @(52.6588 mm, 100.1750 mm): PCB text 'Q2' on F.Silkscreen
[silk_over_copper]: Silkscreen clipped by solder mask
    Local override; warning
    @(52.6588 mm, 98.8000 mm): PCB text 'IKW40N120H3' on F.Silkscreen
[silk_over_copper]: Silkscreen clipped by solder mask
    Local override; warning
    @(4.9000 mm, 55.8726 mm): PCB text 'AMS1117-3.3' on F.Silkscreen
[silk_over_copper]: Silkscreen clipped by solder mask
    Local override; warning
    @(21.4500 mm, 54.0143 mm): PCB text 'ESP32-S3-WROOM-1' on F.Silkscreen
[silk_over_copper]: Silkscreen clipped by solder mask
    Local override; warning
    @(47.0791 mm, 71.3829 mm): PCB text 'C_MCU_3' on F.Silkscreen
[silk_over_copper]: Silkscreen clipped by solder mask
    Local override; warning
    @(10.0500 mm, 76.3064 mm): PCB text 'U_CT' on F.Silkscreen
[silk_over_copper]: Silkscreen clipped by solder mask
    Local override; warning
    @(10.0500 mm, 74.3064 mm): PCB text 'MAX31865' on F.Silkscreen
[silk_over_copper]: Silkscreen clipped by solder mask
    Local override; warning
    @(5.2750 mm, 83.8200 mm): PCB text 'LM358' on F.Silkscreen
[silk_overlap]: Silkscreen overlap
    Rule: board setup constraints silk; warning
    @(70.7339 mm, 106.2000 mm): PCB text 'D1' on F.Silkscreen
    @(65.7677 mm, 106.3000 mm): PCB text 'IKW40N120H3' on F.Silkscreen
[silk_overlap]: Silkscreen overlap
    Rule: board setup constraints silk; warning
    @(42.5763 mm, 69.7044 mm): PCB text 'R_GATE_H' on F.Silkscreen
    @(47.0791 mm, 70.0829 mm): PCB text '100nF' on F.Silkscreen
[silk_overlap]: Silkscreen overlap
    Rule: board setup constraints silk; warning
    @(57.6755 mm, 70.1794 mm): PCB text 'C_MCU_2' on F.Silkscreen
    @(53.1981 mm, 69.7000 mm): PCB text 'C_MCU_1' on F.Silkscreen
[silk_overlap]: Silkscreen overlap
    Rule: board setup constraints silk; warning
    @(53.1981 mm, 69.7000 mm): PCB text 'C_MCU_1' on F.Silkscreen
    @(57.6755 mm, 68.8794 mm): PCB text '100nF' on F.Silkscreen
[silk_overlap]: Silkscreen overlap
    Rule: board setup constraints silk; warning
    @(70.0000 mm, 7.5000 mm): PCB text 'J_DEBUG' on F.Silkscreen
    @(70.0000 mm, 6.2000 mm): PCB text 'Debug' on F.Silkscreen
[silk_overlap]: Silkscreen overlap
    Rule: board setup constraints silk; warning
    @(10.0500 mm, 74.3064 mm): PCB text 'MAX31865' on F.Silkscreen
    @(3.2250 mm, 73.4702 mm): PCB text 'C_CT_FILT' on F.Silkscreen

** Found 77 unconnected pads **
[unconnected_items]: Missing connection between items
    Local override; error
    @(2.6000 mm, 63.6726 mm): Pad 1 [GND] of U_LDO_3V3 on F.Cu
    @(8.5028 mm, 54.8280 mm): Pad 1 [GND] of U_LDO_5V on F.Cu
[unconnected_items]: Missing connection between items
    Local override; error
    @(2.7000 mm, 111.6750 mm): Pad 10 [GND] of MAX31865 on F.Cu
    @(2.8000 mm, 91.1350 mm): Pad 4 [GND] of U_OPAMP_CT on F.Cu
[unconnected_items]: Missing connection between items
    Local override; error
    @(4.0500 mm, 75.2452 mm): Pad 2 [GND] of C_CT_FILT on F.Cu
    @(7.1500 mm, 84.3814 mm): Pad 10 [GND] of U_CT on F.Cu
[unconnected_items]: Missing connection between items
    Local override; error
    @(4.0500 mm, 75.2452 mm): Pad 2 [GND] of C_CT_FILT on F.Cu
    @(2.6000 mm, 63.6726 mm): Pad 1 [GND] of U_LDO_3V3 on F.Cu
[unconnected_items]: Missing connection between items
    Local override; error
    @(7.1500 mm, 84.3814 mm): Pad 10 [GND] of U_CT on F.Cu
    @(2.8000 mm, 91.1350 mm): Pad 4 [GND] of U_OPAMP_CT on F.Cu
[unconnected_items]: Missing connection between items
    Local override; error
    @(8.5028 mm, 54.8280 mm): Pad 1 [GND] of U_LDO_5V on F.Cu
    @(4.5000 mm, 52.7764 mm): Pad 2 [GND] of R_BURDEN on F.Cu
[unconnected_items]: Missing connection between items
    Local override; error
    @(8.5028 mm, 54.8280 mm): Pad 1 [GND] of U_LDO_5V on F.Cu
    @(21.4500 mm, 60.9343 mm): Pad 57 [GND] of U_MCU on F.Cu
[unconnected_items]: Missing connection between items
    Local override; error
    @(21.2700 mm, 138.5000 mm): PTH pad 2 [GND] of J_NTC
    @(10.0000 mm, 146.2500 mm): PTH pad 3 [GND] of J_AC_IN
[unconnected_items]: Missing connection between items
    Local override; error
    @(21.2700 mm, 138.5000 mm): PTH pad 2 [GND] of J_NTC
    @(51.9050 mm, 143.0000 mm): PTH pad 2 [GND] of J_COIL
[unconnected_items]: Missing connection between items
    Local override; error
    @(21.2700 mm, 138.5000 mm): PTH pad 2 [GND] of J_NTC
    @(2.7000 mm, 111.6750 mm): Pad 10 [GND] of MAX31865 on F.Cu
[unconnected_items]: Missing connection between items
    Local override; error
    @(21.3772 mm, 72.6794 mm): Pad 1 [GND] of U_BUCK on F.Cu
    @(23.5772 mm, 72.6794 mm): Pad 6 [GND] of U_BUCK on F.Cu
[unconnected_items]: Missing connection between items
    Local override; error
    @(23.5772 mm, 71.7294 mm): Pad 5 [GND] of U_BUCK on F.Cu
    @(21.4500 mm, 60.9343 mm): Pad 57 [GND] of U_MCU on F.Cu
[unconnected_items]: Missing connection between items
    Local override; error
    @(23.5772 mm, 72.6794 mm): Pad 6 [GND] of U_BUCK on F.Cu
    @(23.5772 mm, 71.7294 mm): Pad 5 [GND] of U_BUCK on F.Cu
[unconnected_items]: Missing connection between items
    Local override; error
    @(24.9000 mm, 58.5343 mm): Pad 2 [GND] of U_MCU on F.Cu
    @(21.4500 mm, 60.9343 mm): Pad 57 [GND] of U_MCU on F.Cu
[unconnected_items]: Missing connection between items
    Local override; error
    @(24.9000 mm, 58.5343 mm): Pad 2 [GND] of U_MCU on F.Cu
    @(44.8692 mm, 65.1956 mm): Pad 2 [GND] of C_MCU_4 on F.Cu
[unconnected_items]: Missing connection between items
    Local override; error
    @(24.9000 mm, 58.5343 mm): Pad 2 [GND] of U_MCU on F.Cu
    @(47.6500 mm, 5.0000 mm): Pad A1 [GND] of J_USB on F.Cu
[unconnected_items]: Missing connection between items
    Local override; error
    @(44.8692 mm, 65.1956 mm): Pad 2 [GND] of C_MCU_4 on F.Cu
    @(47.5791 mm, 72.9329 mm): Pad 2 [GND] of C_MCU_3 on F.Cu
[unconnected_items]: Missing connection between items
    Local override; error
    @(47.5791 mm, 72.9329 mm): Pad 2 [GND] of C_MCU_3 on F.Cu
    @(53.6981 mm, 71.2500 mm): Pad 2 [GND] of C_MCU_1 on F.Cu
[unconnected_items]: Missing connection between items
    Local override; error
    @(52.3500 mm, 5.0000 mm): Pad A12 [GND] of J_USB on F.Cu
    @(47.6500 mm, 5.0000 mm): Pad A1 [GND] of J_USB on F.Cu
[unconnected_items]: Missing connection between items
    Local override; error
    @(58.1755 mm, 71.7294 mm): Pad 2 [GND] of C_MCU_2 on F.Cu
    @(53.6981 mm, 71.2500 mm): Pad 2 [GND] of C_MCU_1 on F.Cu
[unconnected_items]: Missing connection between items
    Local override; error
    @(70.0000 mm, 9.6500 mm): PTH pad 1 [GND] of J_DEBUG
    @(52.3500 mm, 5.0000 mm): Pad A12 [GND] of J_USB on F.Cu
[unconnected_items]: Missing connection between items
    Local override; error
    @(16.9997 mm, 70.8209 mm): Pad 13 [PGND] of U_GATE on F.Cu
    @(16.9997 mm, 72.0909 mm): Pad 12 [PGND] of U_GATE on F.Cu
[unconnected_items]: Missing connection between items
    Local override; error
    @(16.9997 mm, 72.0909 mm): Pad 12 [PGND] of U_GATE on F.Cu
    @(52.6588 mm, 97.8500 mm): PTH pad 2 [PGND] of Q2
[unconnected_items]: Missing connection between items
    Local override; error
    @(52.6588 mm, 97.8500 mm): PTH pad 2 [PGND] of Q2
    @(84.0744 mm, 116.2500 mm): PTH pad 2 [PGND] of C_BUS1
[unconnected_items]: Missing connection between items
    Local override; error
    @(84.0744 mm, 116.2500 mm): PTH pad 2 [PGND] of C_BUS1
    @(90.6166 mm, 108.7500 mm): PTH pad 2 [PGND] of C_BUS2
[unconnected_items]: Missing connection between items
    Local override; error
    @(7.9997 mm, 74.6309 mm): Pad 7 [CGND] of U_GATE on F.Cu
    @(7.9997 mm, 75.9009 mm): Pad 8 [CGND] of U_GATE on F.Cu
[unconnected_items]: Missing connection between items
    Local override; error
    @(4.9000 mm, 60.4726 mm): Pad 4 [+3V3] of U_LDO_3V3 on F.Cu
    @(4.9000 mm, 63.6726 mm): Pad 2 [+3V3] of U_LDO_3V3 on F.Cu
[unconnected_items]: Missing connection between items
    Local override; error
    @(4.9000 mm, 60.4726 mm): Pad 4 [+3V3] of U_LDO_3V3 on F.Cu
    @(24.9000 mm, 58.1343 mm): Pad 1 [+3V3] of U_MCU on F.Cu
[unconnected_items]: Missing connection between items
    Local override; error
    @(8.5000 mm, 105.8250 mm): Pad 20 [+3V3] of MAX31865 on F.Cu
    @(12.9500 mm, 78.5314 mm): Pad 20 [+3V3] of U_CT on F.Cu
[unconnected_items]: Missing connection between items
    Local override; error
    @(12.9500 mm, 78.5314 mm): Pad 20 [+3V3] of U_CT on F.Cu
    @(4.9000 mm, 63.6726 mm): Pad 2 [+3V3] of U_LDO_3V3 on F.Cu
[unconnected_items]: Missing connection between items
    Local override; error
    @(43.8692 mm, 65.1956 mm): Pad 1 [+3V3] of C_MCU_4 on F.Cu
    @(46.5791 mm, 72.9329 mm): Pad 1 [+3V3] of C_MCU_3 on F.Cu
[unconnected_items]: Missing connection between items
    Local override; error
    @(43.8692 mm, 65.1956 mm): Pad 1 [+3V3] of C_MCU_4 on F.Cu
    @(24.9000 mm, 58.1343 mm): Pad 1 [+3V3] of U_MCU on F.Cu
[unconnected_items]: Missing connection between items
    Local override; error
    @(43.8692 mm, 65.1956 mm): Pad 1 [+3V3] of C_MCU_4 on F.Cu
    @(70.0000 mm, 12.1900 mm): PTH pad 2 [+3V3] of J_DEBUG
[unconnected_items]: Missing connection between items
    Local override; error
    @(46.5791 mm, 72.9329 mm): Pad 1 [+3V3] of C_MCU_3 on F.Cu
    @(52.6981 mm, 71.2500 mm): Pad 1 [+3V3] of C_MCU_1 on F.Cu
[unconnected_items]: Missing connection between items
    Local override; error
    @(52.6981 mm, 71.2500 mm): Pad 1 [+3V3] of C_MCU_1 on F.Cu
    @(57.1755 mm, 71.7294 mm): Pad 1 [+3V3] of C_MCU_2 on F.Cu
[unconnected_items]: Missing connection between items
    Local override; error
    @(7.2000 mm, 63.6726 mm): Pad 3 [+5V] of U_LDO_3V3 on F.Cu
    @(21.3772 mm, 71.7294 mm): Pad 2 [+5V] of U_BUCK on F.Cu
[unconnected_items]: Missing connection between items
    Local override; error
    @(7.7500 mm, 87.3250 mm): Pad 8 [+5V] of U_OPAMP_CT on F.Cu
    @(7.7500 mm, 88.5950 mm): Pad 7 [+5V] of U_OPAMP_CT on F.Cu
[unconnected_items]: Missing connection between items
    Local override; error
    @(10.8028 mm, 51.6280 mm): Pad 4 [+5V] of U_LDO_5V on F.Cu
    @(10.8028 mm, 54.8280 mm): Pad 2 [+5V] of U_LDO_5V on F.Cu
[unconnected_items]: Missing connection between items
    Local override; error
    @(10.8028 mm, 54.8280 mm): Pad 2 [+5V] of U_LDO_5V on F.Cu
    @(7.2000 mm, 63.6726 mm): Pad 3 [+5V] of U_LDO_3V3 on F.Cu
[unconnected_items]: Missing connection between items
    Local override; error
    @(21.3772 mm, 71.7294 mm): Pad 2 [+5V] of U_BUCK on F.Cu
    @(7.7500 mm, 87.3250 mm): Pad 8 [+5V] of U_OPAMP_CT on F.Cu
[unconnected_items]: Missing connection between items
    Local override; error
    @(23.5772 mm, 70.7794 mm): Pad 4 [+5V] of U_BUCK on F.Cu
    @(21.3772 mm, 71.7294 mm): Pad 2 [+5V] of U_BUCK on F.Cu
[unconnected_items]: Missing connection between items
    Local override; error
    @(7.9997 mm, 67.0109 mm): Pad 1 [+15V] of U_GATE on F.Cu
    @(16.9997 mm, 73.3609 mm): Pad 11 [+15V] of U_GATE on F.Cu
[unconnected_items]: Missing connection between items
    Local override; error
    @(13.1028 mm, 54.8280 mm): Pad 3 [+15V] of U_LDO_5V on F.Cu
    @(7.9997 mm, 67.0109 mm): Pad 1 [+15V] of U_GATE on F.Cu
[unconnected_items]: Missing connection between items
    Local override; error
    @(16.9997 mm, 73.3609 mm): Pad 11 [+15V] of U_GATE on F.Cu
    @(21.3772 mm, 70.7794 mm): Pad 3 [+15V] of U_BUCK on F.Cu
[unconnected_items]: Missing connection between items
    Local override; error
    @(21.3772 mm, 70.7794 mm): Pad 3 [+15V] of U_BUCK on F.Cu
    @(26.7798 mm, 72.9329 mm): Pad 1 [+15V] of C_VCC on F.Cu
[unconnected_items]: Missing connection between items
    Local override; error
    @(26.7798 mm, 72.9329 mm): Pad 1 [+15V] of C_VCC on F.Cu
    @(28.5000 mm, 109.7000 mm): Track [+15V] on F.Cu, length 2.2000 mm
[unconnected_items]: Missing connection between items
    Local override; error
    @(78.5000 mm, 110.5000 mm): Track [DC_BUS+] on F.Cu, length 1.8000 mm
    @(65.7677 mm, 99.9000 mm): PTH pad 3 [DC_BUS+] of Q1
[unconnected_items]: Missing connection between items
    Local override; error
    @(78.5000 mm, 108.9000 mm): Track [DC_BUS+] on F.Cu, length 0.0000 mm
    @(83.1166 mm, 108.7500 mm): PTH pad 1 [DC_BUS+] of C_BUS2
[unconnected_items]: Missing connection between items
    Local override; error
    @(16.9997 mm, 75.9009 mm): Pad 9 [SW_NODE] of U_GATE on F.Cu
    @(17.1000 mm, 76.9000 mm): Track [SW_NODE] on F.Cu, length 4.2000 mm
[unconnected_items]: Missing connection between items
    Local override; error
    @(61.9000 mm, 99.7000 mm): Track [SW_NODE] on F.Cu, length 0.4000 mm
    @(52.6588 mm, 92.4000 mm): PTH pad 3 [SW_NODE] of Q2
[unconnected_items]: Missing connection between items
    Local override; error
    @(69.3000 mm, 107.1000 mm): Track [SW_NODE] on F.Cu, length 0.8000 mm
    @(65.7677 mm, 105.3500 mm): PTH pad 2 [SW_NODE] of Q1
[unconnected_items]: Missing connection between items
    Local override; error
    @(42.9000 mm, 120.5000 mm): Track [GATE_H] on F.Cu, length 48.6000 mm
    @(43.5763 mm, 71.7294 mm): Pad 2 [GATE_H] of R_GATE_H on F.Cu
[unconnected_items]: Missing connection between items
    Local override; error
    @(30.8020 mm, 62.4522 mm): Pad 2 [GATE_L] of R_GATE_L on F.Cu
    @(28.8020 mm, 62.4522 mm): Pad 1 [GATE_L] of R_GATE_L on F.Cu
[unconnected_items]: Missing connection between items
    Local override; error
    @(33.7000 mm, 62.1000 mm): Track [GATE_L] on F.Cu, length 0.4000 mm
    @(30.8020 mm, 62.4522 mm): Pad 2 [GATE_L] of R_GATE_L on F.Cu
[unconnected_items]: Missing connection between items
    Local override; error
    @(2.4000 mm, 75.2452 mm): Pad 1 [I_SENSE] of C_CT_FILT on F.Cu
    @(2.8000 mm, 87.3250 mm): Pad 1 [I_SENSE] of U_OPAMP_CT on F.Cu
[unconnected_items]: Missing connection between items
    Local override; error
    @(2.5000 mm, 52.7764 mm): Pad 1 [I_SENSE] of R_BURDEN on F.Cu
    @(2.4000 mm, 75.2452 mm): Pad 1 [I_SENSE] of C_CT_FILT on F.Cu
[unconnected_items]: Missing connection between items
    Local override; error
    @(2.8000 mm, 88.5950 mm): Pad 2 [I_SENSE] of U_OPAMP_CT on F.Cu
    @(2.8000 mm, 87.3250 mm): Pad 1 [I_SENSE] of U_OPAMP_CT on F.Cu
[unconnected_items]: Missing connection between items
    Local override; error
    @(2.8000 mm, 89.8650 mm): Pad 3 [I_SENSE] of U_OPAMP_CT on F.Cu
    @(2.8000 mm, 88.5950 mm): Pad 2 [I_SENSE] of U_OPAMP_CT on F.Cu
[unconnected_items]: Missing connection between items
    Local override; error
    @(2.8000 mm, 89.8650 mm): Pad 3 [I_SENSE] of U_OPAMP_CT on F.Cu
    @(7.7500 mm, 89.8650 mm): Pad 6 [I_SENSE] of U_OPAMP_CT on F.Cu
[unconnected_items]: Missing connection between items
    Local override; error
    @(7.7500 mm, 89.8650 mm): Pad 6 [I_SENSE] of U_OPAMP_CT on F.Cu
    @(7.7500 mm, 91.1350 mm): Pad 5 [I_SENSE] of U_OPAMP_CT on F.Cu
[unconnected_items]: Missing connection between items
    Local override; error
    @(7.7500 mm, 91.1350 mm): Pad 5 [I_SENSE] of U_OPAMP_CT on F.Cu
    @(0.1000 mm, 105.7000 mm): Track [I_SENSE] on F.Cu, length 5.0000 mm
[unconnected_items]: Missing connection between items
    Local override; error
    @(24.9000 mm, 63.3343 mm): Pad 15 [I_SENSE] of U_MCU on F.Cu
    @(2.5000 mm, 52.7764 mm): Pad 1 [I_SENSE] of R_BURDEN on F.Cu
[unconnected_items]: Missing connection between items
    Local override; error
    @(5.5000 mm, 215.7000 mm): Track [TEMP_SENSE] on F.Cu, length 3.0000 mm
    @(18.7300 mm, 138.5000 mm): PTH pad 1 [TEMP_SENSE] of J_NTC
[unconnected_items]: Missing connection between items
    Local override; error
    @(18.7300 mm, 138.5000 mm): PTH pad 1 [TEMP_SENSE] of J_NTC
    @(2.7000 mm, 107.7750 mm): Pad 4 [TEMP_SENSE] of MAX31865 on F.Cu
[unconnected_items]: Missing connection between items
    Local override; error
    @(10.0000 mm, 126.2500 mm): PTH pad 1 [AC_L] of J_AC_IN
    @(63.1139 mm, 108.7500 mm): PTH pad 1 [AC_L] of D1
[unconnected_items]: Missing connection between items
    Local override; error
    @(10.0000 mm, 136.2500 mm): PTH pad 2 [AC_N] of J_AC_IN
    @(56.6763 mm, 131.2500 mm): PTH pad 2 [AC_N] of D2
[unconnected_items]: Missing connection between items
    Local override; error
    @(7.1500 mm, 78.5314 mm): Pad 1 [SPI_CLK] of U_CT on F.Cu
    @(2.7000 mm, 105.8250 mm): Pad 1 [SPI_CLK] of MAX31865 on F.Cu
[unconnected_items]: Missing connection between items
    Local override; error
    @(23.8500 mm, 64.3843 mm): Pad 20 [SPI_CLK] of U_MCU on F.Cu
    @(7.1500 mm, 78.5314 mm): Pad 1 [SPI_CLK] of U_CT on F.Cu
[unconnected_items]: Missing connection between items
    Local override; error
    @(7.1500 mm, 79.1814 mm): Pad 2 [SPI_MOSI] of U_CT on F.Cu
    @(2.7000 mm, 106.4750 mm): Pad 2 [SPI_MOSI] of MAX31865 on F.Cu
[unconnected_items]: Missing connection between items
    Local override; error
    @(23.4500 mm, 64.3843 mm): Pad 21 [SPI_MOSI] of U_MCU on F.Cu
    @(7.1500 mm, 79.1814 mm): Pad 2 [SPI_MOSI] of U_CT on F.Cu
[unconnected_items]: Missing connection between items
    Local override; error
    @(7.1500 mm, 79.8314 mm): Pad 3 [SPI_MISO] of U_CT on F.Cu
    @(2.7000 mm, 107.1250 mm): Pad 3 [SPI_MISO] of MAX31865 on F.Cu
[unconnected_items]: Missing connection between items
    Local override; error
    @(23.0500 mm, 64.3843 mm): Pad 22 [SPI_MISO] of U_MCU on F.Cu
    @(7.1500 mm, 79.8314 mm): Pad 3 [SPI_MISO] of U_CT on F.Cu
[unconnected_items]: Missing connection between items
    Local override; error
    @(7.1500 mm, 80.4814 mm): Pad 4 [SPI_CS_TEMP] of U_CT on F.Cu
    @(22.6500 mm, 64.3843 mm): Pad 23 [SPI_CS_TEMP] of U_MCU on F.Cu
[unconnected_items]: Missing connection between items
    Local override; error
    @(18.0000 mm, 60.9343 mm): Pad 40 [USB_D+] of U_MCU on F.Cu
    @(47.9000 mm, 88.3000 mm): Track [USB_D+] on F.Cu, length 1.2000 mm
[unconnected_items]: Missing connection between items
    Local override; error
    @(50.0000 mm, 5.0000 mm): Pad A6 [USB_D+] of J_USB on F.Cu
    @(100.3000 mm, 10.1000 mm): Track [USB_D+] on F.Cu, length 0.2000 mm
[unconnected_items]: Missing connection between items
    Local override; error
    @(53.3000 mm, 84.3000 mm): Track [USB_D-] on F.Cu, length 0.4000 mm
    @(18.0000 mm, 60.5343 mm): Pad 41 [USB_D-] of U_MCU on F.Cu
[unconnected_items]: Missing connection between items
    Local override; error
    @(100.9000 mm, 10.3000 mm): Track [USB_D-] on F.Cu, length 0.2000 mm
    @(50.4000 mm, 5.0000 mm): Pad B6 [USB_D-] of J_USB on F.Cu

** Found 0 Footprint errors **

** End of Report **
